%MSG-w CondDBESSource:  (NoModuleName) 18-Jul-2022 18:49:33 CEST pre-events
Plugin for Record PGeometricDetExtraRcd has not been found.
%MSG
18-Jul-2022 18:49:33 CEST  Initiating request to open file file:output_step4_L1.root
CondDBESSource Statistics
DataProxy 560 setInterval 0 Runs 0 Lumis 0 Refresh 0 Actual Refresh 0 Reconnect 0 Actual Reconnect 0
AlCaRecoTriggerBitsRcd / : frontier://FrontierProd/CMS_CONDITIONS, AlCaRecoHLTpaths_2017_MC_v2
  
  Time look up, payloadIds:


AlCaRecoTriggerBitsRcd / JetMETDQMTrigger: frontier://FrontierProd/CMS_CONDITIONS, AlcaRecoTriggerBits_JetMET_DQM_v0_mc
  
  Time look up, payloadIds:


AlCaRecoTriggerBitsRcd / MuonDQMTrigger: frontier://FrontierProd/CMS_CONDITIONS, AlCaRecoTriggerBits_MuonDQM_v1_mc
  
  Time look up, payloadIds:


AlCaRecoTriggerBitsRcd / SiStripDQMTrigger: frontier://FrontierProd/CMS_CONDITIONS, AlCaRecoTriggerBits_TrackerDQM_v2_mc
  
  Time look up, payloadIds:


BTagTrackProbability2DRcd / : frontier://FrontierProd/CMS_CONDITIONS, TrackProbabilityCalibration_2D_MC53X_v3
  
  Time look up, payloadIds:


BTagTrackProbability3DRcd / : frontier://FrontierProd/CMS_CONDITIONS, JPcalib_MC94X_2017_v1
  
  Time look up, payloadIds:


BTauGenericMVAJetTagComputerRcd / : frontier://FrontierProd/CMS_CONDITIONS, MVAComputerContainer_75X_JetTags_v2_mc
  
  Time look up, payloadIds:


BTauGenericMVAJetTagComputerRcd / HLT: frontier://FrontierProd/CMS_CONDITIONS, MVAComputerContainer_75X_JetTags_v6_online
  
  Time look up, payloadIds:


BeamSpotObjectsRcd / : frontier://FrontierProd/CMS_CONDITIONS, BeamSpotObjects_Realistic25ns_13TeVCollisions_Early2018_v1_mc
  
  Time look up, payloadIds:


CSCAlignmentErrorExtendedRcd / : frontier://FrontierProd/CMS_CONDITIONS, CSCAlignmentErrorsExt_2017_Asymptotic_MC_v2
  
  Time look up, payloadIds:


CSCAlignmentRcd / : frontier://FrontierProd/CMS_CONDITIONS, CSCAlignment_2017MC_v1
  
  Time look up, payloadIds:


CSCBadChambersRcd / : frontier://FrontierProd/CMS_CONDITIONS, CSCBadChambers_Realistic_v3_mc
  
  Time look up, payloadIds:


CSCBadStripsRcd / : frontier://FrontierProd/CMS_CONDITIONS, CSCBadStrips_empty_mc
  
  Time look up, payloadIds:


CSCBadWiresRcd / : frontier://FrontierProd/CMS_CONDITIONS, CSCBadWires_empty_mc
  
  Time look up, payloadIds:


CSCChamberMapRcd / : frontier://FrontierProd/CMS_CONDITIONS, CSCChamberMap
  
  Time look up, payloadIds:


CSCChamberTimeCorrectionsRcd / : frontier://FrontierProd/CMS_CONDITIONS, CSCChamberTimeCorrections_2018_v0_mc
  
  Time look up, payloadIds:


CSCCrateMapRcd / : frontier://FrontierProd/CMS_CONDITIONS, CSCCrateMap
  
  Time look up, payloadIds:


CSCDBChipSpeedCorrectionRcd / : frontier://FrontierProd/CMS_CONDITIONS, CSCDBChipSpeedCorrection_ungangedME11A_mc
  
  Time look up, payloadIds:


CSCDBCrosstalkRcd / : frontier://FrontierProd/CMS_CONDITIONS, CSCDBCrosstalk_ungangedME11A_v3_mc
  
  Time look up, payloadIds:


CSCDBGainsRcd / : frontier://FrontierProd/CMS_CONDITIONS, CSCDBGains_ungangedME11A_v3_mc
  
  Time look up, payloadIds:


CSCDBGasGainCorrectionRcd / : frontier://FrontierProd/CMS_CONDITIONS, CSCDBGasGainCorrection_ungangedME11A_mc
  
  Time look up, payloadIds:


CSCDBL1TPParametersRcd / : frontier://FrontierProd/CMS_CONDITIONS, CSCDBL1TPParameters_mc
  
  Time look up, payloadIds:


CSCDBNoiseMatrixRcd / : frontier://FrontierProd/CMS_CONDITIONS, CSCDBNoiseMatrix_ungangedME11A_v3_mc
  
  Time look up, payloadIds:


CSCDBPedestalsRcd / : frontier://FrontierProd/CMS_CONDITIONS, CSCDBPedestals_ungangedME11A_v3_mc
  
  Time look up, payloadIds:


CSCDDUMapRcd / : frontier://FrontierProd/CMS_CONDITIONS, CSCDDUMap
  
  Time look up, payloadIds:


CSCRecoDigiParametersRcd / : frontier://FrontierProd/CMS_CONDITIONS, CSCRECODIGI_Geometry_2015_71YV3
  
  Time look up, payloadIds:


CSCRecoGeometryRcd / : frontier://FrontierProd/CMS_CONDITIONS, CSCRECO_Geometry_2015_71YV3
  
  Time look up, payloadIds:


CTPPSPixelAnalysisMaskRcd / : frontier://FrontierProd/CMS_CONDITIONS, CTPPSPixelAnalysisMask_mc
  
  Time look up, payloadIds:


CTPPSPixelDAQMappingRcd / : frontier://FrontierProd/CMS_CONDITIONS, CTPPSPixelDAQMapping_mc
  
  Time look up, payloadIds:


CTPPSPixelGainCalibrationsRcd / : frontier://FrontierProd/CMS_CONDITIONS, CTPPSPixelGainCalibrations_mc
  
  Time look up, payloadIds:


CastorChannelQualityRcd / : frontier://FrontierProd/CMS_CONDITIONS, CastorChannelQuality_v0.0_mc
  
  Time look up, payloadIds:


CastorElectronicsMapRcd / : frontier://FrontierProd/CMS_CONDITIONS, CastorElectronicsMap_v2.01_mc
  
  Time look up, payloadIds:


CastorGainWidthsRcd / : frontier://FrontierProd/CMS_CONDITIONS, CastorGainWidths_v2.00_mc
  
  Time look up, payloadIds:


CastorGainsRcd / : frontier://FrontierProd/CMS_CONDITIONS, CastorGains_HI_v2.3_mc
  
  Time look up, payloadIds:


CastorPedestalWidthsRcd / : frontier://FrontierProd/CMS_CONDITIONS, CastorPedestalWidths_v2.0_mc
  
  Time look up, payloadIds:


CastorPedestalsRcd / : frontier://FrontierProd/CMS_CONDITIONS, CastorPedestals_v2.02_mc
  
  Time look up, payloadIds:


CastorQIEDataRcd / : frontier://FrontierProd/CMS_CONDITIONS, CastorQIEData_v2.0_mc
  
  Time look up, payloadIds:


CastorRecoParamsRcd / : frontier://FrontierProd/CMS_CONDITIONS, CastorRecoParams_v2.00_mc
  
  Time look up, payloadIds:


CastorSaturationCorrsRcd / : frontier://FrontierProd/CMS_CONDITIONS, CastorSaturationCorrs_v1.00_mc
  
  Time look up, payloadIds:


DQMReferenceHistogramRootFileRcd / : frontier://FrontierProd/CMS_CONDITIONS, DQM_RefHisto_dummy[cms_orcon_prod/CMS_COND_42X_DQM]
  
  Time look up, payloadIds:


DQMXMLFileRcd / SiPixelDQMQTests: frontier://FrontierProd/CMS_CONDITIONS, DQMXMLFile_SiPixelDQM_v1_mc
  
  Time look up, payloadIds:


DQMXMLFileRcd / SiStripDQMQTests: frontier://FrontierProd/CMS_CONDITIONS, DQMXMLFile_SiStripDQM_v1_mc
  
  Time look up, payloadIds:


DTAlignmentErrorExtendedRcd / : frontier://FrontierProd/CMS_CONDITIONS, DTAlignmentErrorsExt_2017_Asymptotic_MC
  
  Time look up, payloadIds:


DTAlignmentRcd / : frontier://FrontierProd/CMS_CONDITIONS, DTAlignment_2017_MC
  
  Time look up, payloadIds:


DTCCBConfigRcd / : frontier://FrontierProd/CMS_CONDITIONS, DTCCBConfig_NOSingleL_V05_mc
  
  Time look up, payloadIds:


DTDeadFlagRcd / : frontier://FrontierProd/CMS_CONDITIONS, DT_dead_IDEAL_v1_mc
  
  Time look up, payloadIds:


DTKeyedConfigContainerRcd / : frontier://FrontierProd/CMS_CONDITIONS, DTKeyedConfigContainer_NOSingleL_V05_mc
  
  Time look up, payloadIds:


DTKeyedConfigListRcd / : frontier://FrontierProd/CMS_CONDITIONS, DTKeyedConfigList_V01_mc
  
  Time look up, payloadIds:


DTMtimeRcd / : frontier://FrontierProd/CMS_CONDITIONS, DTVdrift_V02_mc
  
  Time look up, payloadIds:


DTReadOutMappingRcd / : frontier://FrontierProd/CMS_CONDITIONS, DT_map_compact10ddu31X_V01
  
  Time look up, payloadIds:


DTRecoConditionsUncertRcd / : frontier://FrontierProd/CMS_CONDITIONS, DTRecoConditionsRecoUncert_True_v0
  
  Time look up, payloadIds:


DTRecoGeometryRcd / : frontier://FrontierProd/CMS_CONDITIONS, DTRECO_Geometry_50YV3
  
  Time look up, payloadIds:


DTRecoUncertaintiesRcd / : frontier://FrontierProd/CMS_CONDITIONS, DTRecoUncertainties_v1_mc
  
  Time look up, payloadIds:


DTStatusFlagRcd / : frontier://FrontierProd/CMS_CONDITIONS, DT_noise_IDEAL_v1_mc
  
  Time look up, payloadIds:


DTT0Rcd / : frontier://FrontierProd/CMS_CONDITIONS, DTt0_STARTUP_V02_mc
  
  Time look up, payloadIds:


DTTPGParametersRcd / : frontier://FrontierProd/CMS_CONDITIONS, DTTPGParameters_V01_mc
  
  Time look up, payloadIds:


DTTtrigRcd / : frontier://FrontierProd/CMS_CONDITIONS, DTTtrig_V02_mc
  
  Time look up, payloadIds:


DTTtrigRcd / cosmics: frontier://FrontierProd/CMS_CONDITIONS, DTTtrig_V01_cosmics_mc
  
  Time look up, payloadIds:


DYTThrObjectRcd / : frontier://FrontierProd/CMS_CONDITIONS, DYTThrObject_Run2_v0_mc
  
  Time look up, payloadIds:


EBAlignmentRcd / : frontier://FrontierProd/CMS_CONDITIONS, EBAlignment_zero_offline
  
  Time look up, payloadIds:


EEAlignmentRcd / : frontier://FrontierProd/CMS_CONDITIONS, EEAlignment_zero_offline
  
  Time look up, payloadIds:


ESAlignmentRcd / : frontier://FrontierProd/CMS_CONDITIONS, ESAlignment_zero_offline
  
  Time look up, payloadIds:


ESAngleCorrectionFactorsRcd / : frontier://FrontierProd/CMS_CONDITIONS, ESAngleCorrectionFactors_HG_V01_mc
  
  Time look up, payloadIds:


ESChannelStatusRcd / : frontier://FrontierProd/CMS_CONDITIONS, ESChannelStatus_LG_V09_mc
  
  Time look up, payloadIds:


ESEEIntercalibConstantsRcd / : frontier://FrontierProd/CMS_CONDITIONS, ESEEIntercalibConstants_LG_mc_default
  
  Time look up, payloadIds:


ESGainRcd / : frontier://FrontierProd/CMS_CONDITIONS, ESGain_LG_V02_mc
  
  Time look up, payloadIds:


ESIntercalibConstantsRcd / : frontier://FrontierProd/CMS_CONDITIONS, ESIntercalibConstants_LG_UL_2018_mc
  
  Time look up, payloadIds:


ESMIPToGeVConstantRcd / : frontier://FrontierProd/CMS_CONDITIONS, ESMIPToGeVConstant_HG_V02_mc
  
  Time look up, payloadIds:


ESMissingEnergyCalibrationRcd / : frontier://FrontierProd/CMS_CONDITIONS, ESMissingEnergyCalibration_LG_V01_mc
  
  Time look up, payloadIds:


ESPedestalsRcd / : frontier://FrontierProd/CMS_CONDITIONS, ESPedestals_LG_UL_2018_mc
  
  Time look up, payloadIds:


ESRecHitRatioCutsRcd / : frontier://FrontierProd/CMS_CONDITIONS, ESRecHitRatioCuts_LG_V02_mc
  
  Time look up, payloadIds:


ESThresholdsRcd / : frontier://FrontierProd/CMS_CONDITIONS, ESThresholds_LG_V03_mc
  
  Time look up, payloadIds:


ESTimeSampleWeightsRcd / : frontier://FrontierProd/CMS_CONDITIONS, ESTimeSampleWeights_HG_V01_mc
  
  Time look up, payloadIds:


EcalADCToGeVConstantRcd / : frontier://FrontierProd/CMS_CONDITIONS, EcalADCToGeVConstant_UL_2018_v1_mc
  
  Time look up, payloadIds:


EcalChannelStatusRcd / : frontier://FrontierProd/CMS_CONDITIONS, EcalChannelStatus_UL_2018_v2_mc
  
  Time look up, payloadIds:


EcalClusterCrackCorrParametersRcd / : frontier://FrontierProd/CMS_CONDITIONS, EcalClusterCrackCorrParameters_may2009_mc
  
  Time look up, payloadIds:


EcalClusterEnergyCorrectionObjectSpecificParametersRcd / : frontier://FrontierProd/CMS_CONDITIONS, EcalClusterEnergyCorrectionObjectSpecificParameters_610_mc
  
  Time look up, payloadIds:


EcalClusterEnergyCorrectionParametersRcd / : frontier://FrontierProd/CMS_CONDITIONS, EcalClusterEnergyCorrectionParameters_2011_mc
  
  Time look up, payloadIds:


EcalClusterEnergyUncertaintyParametersRcd / : frontier://FrontierProd/CMS_CONDITIONS, EcalClusterEnergyUncertaintyParameters_may2009_mc
  
  Time look up, payloadIds:


EcalClusterLocalContCorrParametersRcd / : frontier://FrontierProd/CMS_CONDITIONS, EcalClusterLocalContCorrParameters_jun2012_mc
  
  Time look up, payloadIds:


EcalDAQTowerStatusRcd / : frontier://FrontierProd/CMS_CONDITIONS, EcalDAQTowerStatus_mc
  
  Time look up, payloadIds:


EcalDCSTowerStatusRcd / : frontier://FrontierProd/CMS_CONDITIONS, EcalDCSTowerStatus_mc
  
  Time look up, payloadIds:


EcalGainRatiosRcd / : frontier://FrontierProd/CMS_CONDITIONS, EcalGainRatios_mc
  
  Time look up, payloadIds:


EcalIntercalibConstantsMCRcd / : frontier://FrontierProd/CMS_CONDITIONS, EcalIntercalibConstants_MC_Digi_2018
  
  Time look up, payloadIds:


EcalIntercalibConstantsRcd / : frontier://FrontierProd/CMS_CONDITIONS, EcalIntercalibConstants_MC_Reco_2018
  
  Time look up, payloadIds:


EcalIntercalibErrorsRcd / : frontier://FrontierProd/CMS_CONDITIONS, EcalIntercalibErrors_v1_mc
  
  Time look up, payloadIds:


EcalLaserAPDPNRatiosRcd / : frontier://FrontierProd/CMS_CONDITIONS, EcalLaserAPDPNRatios_UL_2018_mc_3sigma_v2
  
  Time look up, payloadIds:


EcalLaserAPDPNRatiosRefRcd / : frontier://FrontierProd/CMS_CONDITIONS, EcalLaserAPDPNRatiosRef_mc
  
  Time look up, payloadIds:


EcalLaserAlphasRcd / : frontier://FrontierProd/CMS_CONDITIONS, EcalLaserAlphas_2017_mc
  
  Time look up, payloadIds:


EcalLinearCorrectionsRcd / : frontier://FrontierProd/CMS_CONDITIONS, EcalLinearCorrections_mc
  
  Time look up, payloadIds:


EcalMappingElectronicsRcd / : frontier://FrontierProd/CMS_CONDITIONS, EcalMappingElectronics_EEMap_v1_mc
  
  Time look up, payloadIds:


EcalPFRecHitThresholdsRcd / : frontier://FrontierProd/CMS_CONDITIONS, EcalPFRecHitThresholds_UL_2018_2e3sig
  
  Time look up, payloadIds:


EcalPedestalsRcd / : frontier://FrontierProd/CMS_CONDITIONS, EcalPedestals_UL_2018_mc
  
  Time look up, payloadIds:


EcalPulseCovariancesRcd / : frontier://FrontierProd/CMS_CONDITIONS, EcalPulseCovariances_mc
  
  Time look up, payloadIds:


EcalPulseShapesRcd / : frontier://FrontierProd/CMS_CONDITIONS, EcalPulseShapes_mc
  
  Time look up, payloadIds:


EcalSRSettingsRcd / : frontier://FrontierProd/CMS_CONDITIONS, EcalSRSettings_beam2018_option1_mc
  
  Time look up, payloadIds:


EcalSRSettingsRcd / fullReadout: frontier://FrontierProd/CMS_CONDITIONS, EcalSRSettings_fullReadout_v01_mc
  
  Time look up, payloadIds:


EcalSampleMaskRcd / : frontier://FrontierProd/CMS_CONDITIONS, EcalSampleMask_mc
  
  Time look up, payloadIds:


EcalSamplesCorrelationRcd / : frontier://FrontierProd/CMS_CONDITIONS, EcalSamplesCorrelation_mc
  
  Time look up, payloadIds:


EcalSimPulseShapeRcd / : frontier://FrontierProd/CMS_CONDITIONS, EcalSimPulseShapePhaseI
  
  Time look up, payloadIds:


EcalTBWeightsRcd / : frontier://FrontierProd/CMS_CONDITIONS, EcalTBWeights_3p5_time_mc
  
  Time look up, payloadIds:


EcalTPGCrystalStatusRcd / : frontier://FrontierProd/CMS_CONDITIONS, EcalTPGCrystalStatus_v2_mc
  
  Time look up, payloadIds:


EcalTPGFineGrainEBGroupRcd / : frontier://FrontierProd/CMS_CONDITIONS, EcalTPGFineGrainEBGroup_2018_mc
  
  Time look up, payloadIds:


EcalTPGFineGrainEBIdMapRcd / : frontier://FrontierProd/CMS_CONDITIONS, EcalTPGFineGrainEBIdMap_2018_mc
  
  Time look up, payloadIds:


EcalTPGFineGrainStripEERcd / : frontier://FrontierProd/CMS_CONDITIONS, EcalTPGFineGrainStripEE_2018_mc
  
  Time look up, payloadIds:


EcalTPGFineGrainTowerEERcd / : frontier://FrontierProd/CMS_CONDITIONS, EcalTPGFineGrainTowerEE_2018_mc
  
  Time look up, payloadIds:


EcalTPGLinearizationConstRcd / : frontier://FrontierProd/CMS_CONDITIONS, EcalTPGLinearizationConst_UL_2018_mc
  
  Time look up, payloadIds:


EcalTPGLutGroupRcd / : frontier://FrontierProd/CMS_CONDITIONS, EcalTPGLutGroup_2018_mc
  
  Time look up, payloadIds:


EcalTPGLutIdMapRcd / : frontier://FrontierProd/CMS_CONDITIONS, EcalTPGLutIdMap_2018_mc_EB_4.0_2.0_EE_4.0_2.0
  
  Time look up, payloadIds:


EcalTPGPedestalsRcd / : frontier://FrontierProd/CMS_CONDITIONS, EcalTPGPedestals_UL_2018_mc
  
  Time look up, payloadIds:


EcalTPGPhysicsConstRcd / : frontier://FrontierProd/CMS_CONDITIONS, EcalTPGPhysicsConst_2018_mc_EB_4.0_2.0_EE_4.0_2.0
  
  Time look up, payloadIds:


EcalTPGSlidingWindowRcd / : frontier://FrontierProd/CMS_CONDITIONS, EcalTPGSlidingWindow_2018_mc
  
  Time look up, payloadIds:


EcalTPGSpikeRcd / : frontier://FrontierProd/CMS_CONDITIONS, EcalTPGSpike_2018_mc
  
  Time look up, payloadIds:


EcalTPGStripStatusRcd / : frontier://FrontierProd/CMS_CONDITIONS, EcalTPGStripStatus_mc
  
  Time look up, payloadIds:


EcalTPGTowerStatusRcd / : frontier://FrontierProd/CMS_CONDITIONS, EcalTPGTowerStatus_startup_mc
  
  Time look up, payloadIds:


EcalTPGWeightGroupRcd / : frontier://FrontierProd/CMS_CONDITIONS, EcalTPGWeightGroup_2018_mc
  
  Time look up, payloadIds:


EcalTPGWeightIdMapRcd / : frontier://FrontierProd/CMS_CONDITIONS, EcalTPGWeightIdMap_2018_mc
  
  Time look up, payloadIds:


EcalTimeBiasCorrectionsRcd / : frontier://FrontierProd/CMS_CONDITIONS, EcalTimeBiasCorrections_mc
  
  Time look up, payloadIds:


EcalTimeCalibConstantsRcd / : frontier://FrontierProd/CMS_CONDITIONS, EcalTimeCalibConstants_mc
  
  Time look up, payloadIds:


EcalTimeOffsetConstantRcd / : frontier://FrontierProd/CMS_CONDITIONS, EcalTimeOffsetConstant_v01_mc
  
  Time look up, payloadIds:


EcalWeightXtalGroupsRcd / : frontier://FrontierProd/CMS_CONDITIONS, EcalWeightXtalGroups_EBEE_mc
  
  Time look up, payloadIds:


GBRDWrapperRcd / ecalPFClusterCor2017V2_EB_Full_ptbin1_mean_25ns: frontier://FrontierProd/CMS_CONDITIONS, ecalPFClusterCor2018V1_EB_Full_ptbin1_mean_25ns
  
  Time look up, payloadIds:


GBRDWrapperRcd / ecalPFClusterCor2017V2_EB_Full_ptbin1_sigma_25ns: frontier://FrontierProd/CMS_CONDITIONS, ecalPFClusterCor2018V1_EB_Full_ptbin1_sigma_25ns
  
  Time look up, payloadIds:


GBRDWrapperRcd / ecalPFClusterCor2017V2_EB_Full_ptbin2_mean_25ns: frontier://FrontierProd/CMS_CONDITIONS, ecalPFClusterCor2018V1_EB_Full_ptbin2_mean_25ns
  
  Time look up, payloadIds:


GBRDWrapperRcd / ecalPFClusterCor2017V2_EB_Full_ptbin2_sigma_25ns: frontier://FrontierProd/CMS_CONDITIONS, ecalPFClusterCor2018V1_EB_Full_ptbin2_sigma_25ns
  
  Time look up, payloadIds:


GBRDWrapperRcd / ecalPFClusterCor2017V2_EB_Full_ptbin3_mean_25ns: frontier://FrontierProd/CMS_CONDITIONS, ecalPFClusterCor2018V1_EB_Full_ptbin3_mean_25ns
  
  Time look up, payloadIds:


GBRDWrapperRcd / ecalPFClusterCor2017V2_EB_Full_ptbin3_sigma_25ns: frontier://FrontierProd/CMS_CONDITIONS, ecalPFClusterCor2018V1_EB_Full_ptbin3_sigma_25ns
  
  Time look up, payloadIds:


GBRDWrapperRcd / ecalPFClusterCor2017V2_EB_ZS_mean_25ns: frontier://FrontierProd/CMS_CONDITIONS, ecalPFClusterCor2018V1_EB_ZS_mean_25ns
  
  Time look up, payloadIds:


GBRDWrapperRcd / ecalPFClusterCor2017V2_EB_ZS_sigma_25ns: frontier://FrontierProd/CMS_CONDITIONS, ecalPFClusterCor2018V1_EB_ZS_sigma_25ns
  
  Time look up, payloadIds:


GBRDWrapperRcd / ecalPFClusterCor2017V2_EE_Full_ptbin1_mean_25ns: frontier://FrontierProd/CMS_CONDITIONS, ecalPFClusterCor2018V1_EE_Full_ptbin1_mean_25ns
  
  Time look up, payloadIds:


GBRDWrapperRcd / ecalPFClusterCor2017V2_EE_Full_ptbin1_sigma_25ns: frontier://FrontierProd/CMS_CONDITIONS, ecalPFClusterCor2018V1_EE_Full_ptbin1_sigma_25ns
  
  Time look up, payloadIds:


GBRDWrapperRcd / ecalPFClusterCor2017V2_EE_Full_ptbin2_mean_25ns: frontier://FrontierProd/CMS_CONDITIONS, ecalPFClusterCor2018V1_EE_Full_ptbin2_mean_25ns
  
  Time look up, payloadIds:


GBRDWrapperRcd / ecalPFClusterCor2017V2_EE_Full_ptbin2_sigma_25ns: frontier://FrontierProd/CMS_CONDITIONS, ecalPFClusterCor2018V1_EE_Full_ptbin2_sigma_25ns
  
  Time look up, payloadIds:


GBRDWrapperRcd / ecalPFClusterCor2017V2_EE_Full_ptbin3_mean_25ns: frontier://FrontierProd/CMS_CONDITIONS, ecalPFClusterCor2018V1_EE_Full_ptbin3_mean_25ns
  
  Time look up, payloadIds:


GBRDWrapperRcd / ecalPFClusterCor2017V2_EE_Full_ptbin3_sigma_25ns: frontier://FrontierProd/CMS_CONDITIONS, ecalPFClusterCor2018V1_EE_Full_ptbin3_sigma_25ns
  
  Time look up, payloadIds:


GBRDWrapperRcd / ecalPFClusterCor2017V2_EE_ZS_mean_25ns: frontier://FrontierProd/CMS_CONDITIONS, ecalPFClusterCor2018V1_EE_ZS_mean_25ns
  
  Time look up, payloadIds:


GBRDWrapperRcd / ecalPFClusterCor2017V2_EE_ZS_sigma_25ns: frontier://FrontierProd/CMS_CONDITIONS, ecalPFClusterCor2018V1_EE_ZS_sigma_25ns
  
  Time look up, payloadIds:


GBRDWrapperRcd / ecalPFClusterCorV2_EB_pfSize1_mean_25ns: frontier://FrontierProd/CMS_CONDITIONS, ecalPFClusterCorV2_EB_pfSize1_mean_25ns
  
  Time look up, payloadIds:


GBRDWrapperRcd / ecalPFClusterCorV2_EB_pfSize1_mean_50ns: frontier://FrontierProd/CMS_CONDITIONS, ecalPFClusterCorV2_EB_pfSize1_mean_50ns
  
  Time look up, payloadIds:


GBRDWrapperRcd / ecalPFClusterCorV2_EB_pfSize1_sigma_25ns: frontier://FrontierProd/CMS_CONDITIONS, ecalPFClusterCorV2_EB_pfSize1_sigma_25ns
  
  Time look up, payloadIds:


GBRDWrapperRcd / ecalPFClusterCorV2_EB_pfSize1_sigma_50ns: frontier://FrontierProd/CMS_CONDITIONS, ecalPFClusterCorV2_EB_pfSize1_sigma_50ns
  
  Time look up, payloadIds:


GBRDWrapperRcd / ecalPFClusterCorV2_EB_pfSize2_mean_25ns: frontier://FrontierProd/CMS_CONDITIONS, ecalPFClusterCorV2_EB_pfSize2_mean_25ns
  
  Time look up, payloadIds:


GBRDWrapperRcd / ecalPFClusterCorV2_EB_pfSize2_mean_50ns: frontier://FrontierProd/CMS_CONDITIONS, ecalPFClusterCorV2_EB_pfSize2_mean_50ns
  
  Time look up, payloadIds:


GBRDWrapperRcd / ecalPFClusterCorV2_EB_pfSize2_sigma_25ns: frontier://FrontierProd/CMS_CONDITIONS, ecalPFClusterCorV2_EB_pfSize2_sigma_25ns
  
  Time look up, payloadIds:


GBRDWrapperRcd / ecalPFClusterCorV2_EB_pfSize2_sigma_50ns: frontier://FrontierProd/CMS_CONDITIONS, ecalPFClusterCorV2_EB_pfSize2_sigma_50ns
  
  Time look up, payloadIds:


GBRDWrapperRcd / ecalPFClusterCorV2_EB_pfSize3_ptbin1_mean_25ns: frontier://FrontierProd/CMS_CONDITIONS, ecalPFClusterCorV2_EB_pfSize3_ptbin1_mean_25ns
  
  Time look up, payloadIds:


GBRDWrapperRcd / ecalPFClusterCorV2_EB_pfSize3_ptbin1_mean_50ns: frontier://FrontierProd/CMS_CONDITIONS, ecalPFClusterCorV2_EB_pfSize3_ptbin1_mean_50ns
  
  Time look up, payloadIds:


GBRDWrapperRcd / ecalPFClusterCorV2_EB_pfSize3_ptbin1_sigma_25ns: frontier://FrontierProd/CMS_CONDITIONS, ecalPFClusterCorV2_EB_pfSize3_ptbin1_sigma_25ns
  
  Time look up, payloadIds:


GBRDWrapperRcd / ecalPFClusterCorV2_EB_pfSize3_ptbin1_sigma_50ns: frontier://FrontierProd/CMS_CONDITIONS, ecalPFClusterCorV2_EB_pfSize3_ptbin1_sigma_50ns
  
  Time look up, payloadIds:


GBRDWrapperRcd / ecalPFClusterCorV2_EB_pfSize3_ptbin2_mean_25ns: frontier://FrontierProd/CMS_CONDITIONS, ecalPFClusterCorV2_EB_pfSize3_ptbin2_mean_25ns
  
  Time look up, payloadIds:


GBRDWrapperRcd / ecalPFClusterCorV2_EB_pfSize3_ptbin2_mean_50ns: frontier://FrontierProd/CMS_CONDITIONS, ecalPFClusterCorV2_EB_pfSize3_ptbin2_mean_50ns
  
  Time look up, payloadIds:


GBRDWrapperRcd / ecalPFClusterCorV2_EB_pfSize3_ptbin2_sigma_25ns: frontier://FrontierProd/CMS_CONDITIONS, ecalPFClusterCorV2_EB_pfSize3_ptbin2_sigma_25ns
  
  Time look up, payloadIds:


GBRDWrapperRcd / ecalPFClusterCorV2_EB_pfSize3_ptbin2_sigma_50ns: frontier://FrontierProd/CMS_CONDITIONS, ecalPFClusterCorV2_EB_pfSize3_ptbin2_sigma_50ns
  
  Time look up, payloadIds:


GBRDWrapperRcd / ecalPFClusterCorV2_EB_pfSize3_ptbin3_mean_25ns: frontier://FrontierProd/CMS_CONDITIONS, ecalPFClusterCorV2_EB_pfSize3_ptbin3_mean_25ns
  
  Time look up, payloadIds:


GBRDWrapperRcd / ecalPFClusterCorV2_EB_pfSize3_ptbin3_mean_50ns: frontier://FrontierProd/CMS_CONDITIONS, ecalPFClusterCorV2_EB_pfSize3_ptbin3_mean_50ns
  
  Time look up, payloadIds:


GBRDWrapperRcd / ecalPFClusterCorV2_EB_pfSize3_ptbin3_sigma_25ns: frontier://FrontierProd/CMS_CONDITIONS, ecalPFClusterCorV2_EB_pfSize3_ptbin3_sigma_25ns
  
  Time look up, payloadIds:


GBRDWrapperRcd / ecalPFClusterCorV2_EB_pfSize3_ptbin3_sigma_50ns: frontier://FrontierProd/CMS_CONDITIONS, ecalPFClusterCorV2_EB_pfSize3_ptbin3_sigma_50ns
  
  Time look up, payloadIds:


GBRDWrapperRcd / ecalPFClusterCorV2_EE_pfSize1_mean_25ns: frontier://FrontierProd/CMS_CONDITIONS, ecalPFClusterCorV2_EE_pfSize1_mean_25ns
  
  Time look up, payloadIds:


GBRDWrapperRcd / ecalPFClusterCorV2_EE_pfSize1_mean_50ns: frontier://FrontierProd/CMS_CONDITIONS, ecalPFClusterCorV2_EE_pfSize1_mean_50ns
  
  Time look up, payloadIds:


GBRDWrapperRcd / ecalPFClusterCorV2_EE_pfSize1_sigma_25ns: frontier://FrontierProd/CMS_CONDITIONS, ecalPFClusterCorV2_EE_pfSize1_sigma_25ns
  
  Time look up, payloadIds:


GBRDWrapperRcd / ecalPFClusterCorV2_EE_pfSize1_sigma_50ns: frontier://FrontierProd/CMS_CONDITIONS, ecalPFClusterCorV2_EE_pfSize1_sigma_50ns
  
  Time look up, payloadIds:


GBRDWrapperRcd / ecalPFClusterCorV2_EE_pfSize2_mean_25ns: frontier://FrontierProd/CMS_CONDITIONS, ecalPFClusterCorV2_EE_pfSize2_mean_25ns
  
  Time look up, payloadIds:


GBRDWrapperRcd / ecalPFClusterCorV2_EE_pfSize2_mean_50ns: frontier://FrontierProd/CMS_CONDITIONS, ecalPFClusterCorV2_EE_pfSize2_mean_50ns
  
  Time look up, payloadIds:


GBRDWrapperRcd / ecalPFClusterCorV2_EE_pfSize2_sigma_25ns: frontier://FrontierProd/CMS_CONDITIONS, ecalPFClusterCorV2_EE_pfSize2_sigma_25ns
  
  Time look up, payloadIds:


GBRDWrapperRcd / ecalPFClusterCorV2_EE_pfSize2_sigma_50ns: frontier://FrontierProd/CMS_CONDITIONS, ecalPFClusterCorV2_EE_pfSize2_sigma_50ns
  
  Time look up, payloadIds:


GBRDWrapperRcd / ecalPFClusterCorV2_EE_pfSize3_ptbin1_mean_25ns: frontier://FrontierProd/CMS_CONDITIONS, ecalPFClusterCorV2_EE_pfSize3_ptbin1_mean_25ns
  
  Time look up, payloadIds:


GBRDWrapperRcd / ecalPFClusterCorV2_EE_pfSize3_ptbin1_mean_50ns: frontier://FrontierProd/CMS_CONDITIONS, ecalPFClusterCorV2_EE_pfSize3_ptbin1_mean_50ns
  
  Time look up, payloadIds:


GBRDWrapperRcd / ecalPFClusterCorV2_EE_pfSize3_ptbin1_sigma_25ns: frontier://FrontierProd/CMS_CONDITIONS, ecalPFClusterCorV2_EE_pfSize3_ptbin1_sigma_25ns
  
  Time look up, payloadIds:


GBRDWrapperRcd / ecalPFClusterCorV2_EE_pfSize3_ptbin1_sigma_50ns: frontier://FrontierProd/CMS_CONDITIONS, ecalPFClusterCorV2_EE_pfSize3_ptbin1_sigma_50ns
  
  Time look up, payloadIds:


GBRDWrapperRcd / ecalPFClusterCorV2_EE_pfSize3_ptbin2_mean_25ns: frontier://FrontierProd/CMS_CONDITIONS, ecalPFClusterCorV2_EE_pfSize3_ptbin2_mean_25ns
  
  Time look up, payloadIds:


GBRDWrapperRcd / ecalPFClusterCorV2_EE_pfSize3_ptbin2_mean_50ns: frontier://FrontierProd/CMS_CONDITIONS, ecalPFClusterCorV2_EE_pfSize3_ptbin2_mean_50ns
  
  Time look up, payloadIds:


GBRDWrapperRcd / ecalPFClusterCorV2_EE_pfSize3_ptbin2_sigma_25ns: frontier://FrontierProd/CMS_CONDITIONS, ecalPFClusterCorV2_EE_pfSize3_ptbin2_sigma_25ns
  
  Time look up, payloadIds:


GBRDWrapperRcd / ecalPFClusterCorV2_EE_pfSize3_ptbin2_sigma_50ns: frontier://FrontierProd/CMS_CONDITIONS, ecalPFClusterCorV2_EE_pfSize3_ptbin2_sigma_50ns
  
  Time look up, payloadIds:


GBRDWrapperRcd / ecalPFClusterCorV2_EE_pfSize3_ptbin3_mean_25ns: frontier://FrontierProd/CMS_CONDITIONS, ecalPFClusterCorV2_EE_pfSize3_ptbin3_mean_25ns
  
  Time look up, payloadIds:


GBRDWrapperRcd / ecalPFClusterCorV2_EE_pfSize3_ptbin3_mean_50ns: frontier://FrontierProd/CMS_CONDITIONS, ecalPFClusterCorV2_EE_pfSize3_ptbin3_mean_50ns
  
  Time look up, payloadIds:


GBRDWrapperRcd / ecalPFClusterCorV2_EE_pfSize3_ptbin3_sigma_25ns: frontier://FrontierProd/CMS_CONDITIONS, ecalPFClusterCorV2_EE_pfSize3_ptbin3_sigma_25ns
  
  Time look up, payloadIds:


GBRDWrapperRcd / ecalPFClusterCorV2_EE_pfSize3_ptbin3_sigma_50ns: frontier://FrontierProd/CMS_CONDITIONS, ecalPFClusterCorV2_EE_pfSize3_ptbin3_sigma_50ns
  
  Time look up, payloadIds:


GBRDWrapperRcd / electron_eb_ECALTRK: frontier://FrontierProd/CMS_CONDITIONS, GEDelectron_track_EBCorrection_80X_EGM_v4
  
  Time look up, payloadIds:


GBRDWrapperRcd / electron_eb_ECALTRK_lowpt: frontier://FrontierProd/CMS_CONDITIONS, GEDelectron_track_lowpt_EBCorrection_80X_EGM_v4
  
  Time look up, payloadIds:


GBRDWrapperRcd / electron_eb_ECALTRK_lowpt_var: frontier://FrontierProd/CMS_CONDITIONS, GEDelectron_track_lowpt_EBUncertainty_80X_EGM_v4
  
  Time look up, payloadIds:


GBRDWrapperRcd / electron_eb_ECALTRK_var: frontier://FrontierProd/CMS_CONDITIONS, GEDelectron_track_EBUncertainty_80X_EGM_v4
  
  Time look up, payloadIds:


GBRDWrapperRcd / electron_eb_ECALonly: frontier://FrontierProd/CMS_CONDITIONS, GEDelectron_EBCorrection_80X_EGM_v4
  
  Time look up, payloadIds:


GBRDWrapperRcd / electron_eb_ECALonly_lowpt: frontier://FrontierProd/CMS_CONDITIONS, GEDelectron_lowpt_EBCorrection_80X_EGM_v4
  
  Time look up, payloadIds:


GBRDWrapperRcd / electron_eb_ECALonly_lowpt_var: frontier://FrontierProd/CMS_CONDITIONS, GEDelectron_lowpt_EBUncertainty_80X_EGM_v4
  
  Time look up, payloadIds:


GBRDWrapperRcd / electron_eb_ECALonly_var: frontier://FrontierProd/CMS_CONDITIONS, GEDelectron_EBUncertainty_80X_EGM_v4
  
  Time look up, payloadIds:


GBRDWrapperRcd / electron_ee_ECALTRK: frontier://FrontierProd/CMS_CONDITIONS, GEDelectron_track_EECorrection_80X_EGM_v4
  
  Time look up, payloadIds:


GBRDWrapperRcd / electron_ee_ECALTRK_lowpt: frontier://FrontierProd/CMS_CONDITIONS, GEDelectron_track_lowpt_EECorrection_80X_EGM_v4
  
  Time look up, payloadIds:


GBRDWrapperRcd / electron_ee_ECALTRK_lowpt_var: frontier://FrontierProd/CMS_CONDITIONS, GEDelectron_track_lowpt_EEUncertainty_80X_EGM_v4
  
  Time look up, payloadIds:


GBRDWrapperRcd / electron_ee_ECALTRK_var: frontier://FrontierProd/CMS_CONDITIONS, GEDelectron_track_EEUncertainty_80X_EGM_v4
  
  Time look up, payloadIds:


GBRDWrapperRcd / electron_ee_ECALonly: frontier://FrontierProd/CMS_CONDITIONS, GEDelectron_EECorrection_80X_EGM_v4
  
  Time look up, payloadIds:


GBRDWrapperRcd / electron_ee_ECALonly_lowpt: frontier://FrontierProd/CMS_CONDITIONS, GEDelectron_lowpt_EECorrection_80X_EGM_v4
  
  Time look up, payloadIds:


GBRDWrapperRcd / electron_ee_ECALonly_lowpt_var: frontier://FrontierProd/CMS_CONDITIONS, GEDelectron_lowpt_EEUncertainty_80X_EGM_v4
  
  Time look up, payloadIds:


GBRDWrapperRcd / electron_ee_ECALonly_var: frontier://FrontierProd/CMS_CONDITIONS, GEDelectron_EEUncertainty_80X_EGM_v4
  
  Time look up, payloadIds:


GBRDWrapperRcd / gedelectron_EBCorrection_25ns: frontier://FrontierProd/CMS_CONDITIONS, GBRForestD_gedelectron_EBCorrection_25ns_v0
  
  Time look up, payloadIds:


GBRDWrapperRcd / gedelectron_EBCorrection_50ns: frontier://FrontierProd/CMS_CONDITIONS, GBRForestD_gedelectron_EBCorrection_50ns_v0
  
  Time look up, payloadIds:


GBRDWrapperRcd / gedelectron_EBUncertainty_25ns: frontier://FrontierProd/CMS_CONDITIONS, GBRForestD_gedelectron_EBUncertainty_25ns_v0
  
  Time look up, payloadIds:


GBRDWrapperRcd / gedelectron_EBUncertainty_50ns: frontier://FrontierProd/CMS_CONDITIONS, GBRForestD_gedelectron_EBUncertainty_50ns_v0
  
  Time look up, payloadIds:


GBRDWrapperRcd / gedelectron_EECorrection_25ns: frontier://FrontierProd/CMS_CONDITIONS, GBRForestD_gedelectron_EECorrection_25ns_v0
  
  Time look up, payloadIds:


GBRDWrapperRcd / gedelectron_EECorrection_50ns: frontier://FrontierProd/CMS_CONDITIONS, GBRForestD_gedelectron_EECorrection_50ns_v0
  
  Time look up, payloadIds:


GBRDWrapperRcd / gedelectron_EEUncertainty_25ns: frontier://FrontierProd/CMS_CONDITIONS, GBRForestD_gedelectron_EEUncertainty_25ns_v0
  
  Time look up, payloadIds:


GBRDWrapperRcd / gedelectron_EEUncertainty_50ns: frontier://FrontierProd/CMS_CONDITIONS, GBRForestD_gedelectron_EEUncertainty_50ns_v0
  
  Time look up, payloadIds:


GBRDWrapperRcd / gedphoton_EBCorrection_25ns: frontier://FrontierProd/CMS_CONDITIONS, GBRForestD_gedphoton_EBCorrection_25ns_v1
  
  Time look up, payloadIds:


GBRDWrapperRcd / gedphoton_EBCorrection_50ns: frontier://FrontierProd/CMS_CONDITIONS, GBRForestD_gedphoton_EBCorrection_50ns_v0
  
  Time look up, payloadIds:


GBRDWrapperRcd / gedphoton_EBUncertainty_25ns: frontier://FrontierProd/CMS_CONDITIONS, GBRForestD_gedphoton_EBUncertainty_25ns_v1
  
  Time look up, payloadIds:


GBRDWrapperRcd / gedphoton_EBUncertainty_50ns: frontier://FrontierProd/CMS_CONDITIONS, GBRForestD_gedphoton_EBUncertainty_50ns_v0
  
  Time look up, payloadIds:


GBRDWrapperRcd / gedphoton_EECorrection_25ns: frontier://FrontierProd/CMS_CONDITIONS, GBRForestD_gedphoton_EECorrection_25ns_v1
  
  Time look up, payloadIds:


GBRDWrapperRcd / gedphoton_EECorrection_50ns: frontier://FrontierProd/CMS_CONDITIONS, GBRForestD_gedphoton_EECorrection_50ns_v0
  
  Time look up, payloadIds:


GBRDWrapperRcd / gedphoton_EEUncertainty_25ns: frontier://FrontierProd/CMS_CONDITIONS, GBRForestD_gedphoton_EEUncertainty_25ns_v1
  
  Time look up, payloadIds:


GBRDWrapperRcd / gedphoton_EEUncertainty_50ns: frontier://FrontierProd/CMS_CONDITIONS, GBRForestD_gedphoton_EEUncertainty_50ns_v0
  
  Time look up, payloadIds:


GBRDWrapperRcd / pfscecal_EBCorrection_offline_v2: frontier://FrontierProd/CMS_CONDITIONS, pfscecal_EBCorrection_offline_v2
  
  Time look up, payloadIds:


GBRDWrapperRcd / pfscecal_EBCorrection_online: frontier://FrontierProd/CMS_CONDITIONS, pfscecal_EBCorrection_online_v0
  
  Time look up, payloadIds:


GBRDWrapperRcd / pfscecal_EBUncertainty_offline_v2: frontier://FrontierProd/CMS_CONDITIONS, pfscecal_EBUncertainty_offline_v2
  
  Time look up, payloadIds:


GBRDWrapperRcd / pfscecal_EBUncertainty_online: frontier://FrontierProd/CMS_CONDITIONS, pfscecal_EBUncertainty_online_v0
  
  Time look up, payloadIds:


GBRDWrapperRcd / pfscecal_EECorrection_offline_v2: frontier://FrontierProd/CMS_CONDITIONS, pfscecal_EECorrection_offline_v2
  
  Time look up, payloadIds:


GBRDWrapperRcd / pfscecal_EECorrection_online: frontier://FrontierProd/CMS_CONDITIONS, pfscecal_EECorrection_online_v0
  
  Time look up, payloadIds:


GBRDWrapperRcd / pfscecal_EEUncertainty_offline_v2: frontier://FrontierProd/CMS_CONDITIONS, pfscecal_EEUncertainty_offline_v2
  
  Time look up, payloadIds:


GBRDWrapperRcd / pfscecal_EEUncertainty_online: frontier://FrontierProd/CMS_CONDITIONS, pfscecal_EEUncertainty_online_v0
  
  Time look up, payloadIds:


GBRDWrapperRcd / photon_eb_ECALonly: frontier://FrontierProd/CMS_CONDITIONS, GEDphoton_EBCorrection_80X_EGM_v4
  
  Time look up, payloadIds:


GBRDWrapperRcd / photon_eb_ECALonly_lowpt: frontier://FrontierProd/CMS_CONDITIONS, GEDphoton_lowpt_EBCorrection_80X_EGM_v4
  
  Time look up, payloadIds:


GBRDWrapperRcd / photon_eb_ECALonly_lowpt_var: frontier://FrontierProd/CMS_CONDITIONS, GEDphoton_lowpt_EBUncertainty_80X_EGM_v4
  
  Time look up, payloadIds:


GBRDWrapperRcd / photon_eb_ECALonly_var: frontier://FrontierProd/CMS_CONDITIONS, GEDphoton_EBUncertainty_80X_EGM_v4
  
  Time look up, payloadIds:


GBRDWrapperRcd / photon_ee_ECALonly: frontier://FrontierProd/CMS_CONDITIONS, GEDphoton_EECorrection_80X_EGM_v4
  
  Time look up, payloadIds:


GBRDWrapperRcd / photon_ee_ECALonly_lowpt: frontier://FrontierProd/CMS_CONDITIONS, GEDphoton_lowpt_EECorrection_80X_EGM_v4
  
  Time look up, payloadIds:


GBRDWrapperRcd / photon_ee_ECALonly_lowpt_var: frontier://FrontierProd/CMS_CONDITIONS, GEDphoton_lowpt_EEUncertainty_80X_EGM_v4
  
  Time look up, payloadIds:


GBRDWrapperRcd / photon_ee_ECALonly_var: frontier://FrontierProd/CMS_CONDITIONS, GEDphoton_EEUncertainty_80X_EGM_v4
  
  Time look up, payloadIds:


GBRWrapperRcd / MVADuplicate: frontier://FrontierProd/CMS_CONDITIONS, GBRForest_MVADuplicate_v0_offline
  
  Time look up, payloadIds:


GBRWrapperRcd / MVASelectorDetachedQuadStep_Phase1: frontier://FrontierProd/CMS_CONDITIONS, GBRForest_MVASelectorDetachedQuadStep_Phase1_v2_offline
  
  Time look up, payloadIds:


GBRWrapperRcd / MVASelectorDetachedTripletStep_Phase1: frontier://FrontierProd/CMS_CONDITIONS, GBRForest_MVASelectorDetachedTripletStep_Phase1_v2_offline
  
  Time look up, payloadIds:


GBRWrapperRcd / MVASelectorHighPtTripletStep_Phase1: frontier://FrontierProd/CMS_CONDITIONS, GBRForest_MVASelectorHighPtTripletStep_Phase1_v2_offline
  
  Time look up, payloadIds:


GBRWrapperRcd / MVASelectorInitialStep_Phase1: frontier://FrontierProd/CMS_CONDITIONS, GBRForest_MVASelectorInitialStep_Phase1_v2_offline
  
  Time look up, payloadIds:


GBRWrapperRcd / MVASelectorIter0: frontier://FrontierProd/CMS_CONDITIONS, GBRForest_MVASelectorIter0_v0_offline
  
  Time look up, payloadIds:


GBRWrapperRcd / MVASelectorIter0_13TeV: frontier://FrontierProd/CMS_CONDITIONS, GBRForest_MVASelectorIter0_13TeV_v1_offline
  
  Time look up, payloadIds:


GBRWrapperRcd / MVASelectorIter1: frontier://FrontierProd/CMS_CONDITIONS, GBRForest_MVASelectorIter1_v0_offline
  
  Time look up, payloadIds:


GBRWrapperRcd / MVASelectorIter1_13TeV: frontier://FrontierProd/CMS_CONDITIONS, GBRForest_MVASelectorIter1_13TeV_v1_offline
  
  Time look up, payloadIds:


GBRWrapperRcd / MVASelectorIter2: frontier://FrontierProd/CMS_CONDITIONS, GBRForest_MVASelectorIter2_v0_offline
  
  Time look up, payloadIds:


GBRWrapperRcd / MVASelectorIter2_13TeV: frontier://FrontierProd/CMS_CONDITIONS, GBRForest_MVASelectorIter2_13TeV_v1_offline
  
  Time look up, payloadIds:


GBRWrapperRcd / MVASelectorIter3: frontier://FrontierProd/CMS_CONDITIONS, GBRForest_MVASelectorIter3_v0_offline
  
  Time look up, payloadIds:


GBRWrapperRcd / MVASelectorIter3_13TeV: frontier://FrontierProd/CMS_CONDITIONS, GBRForest_MVASelectorIter3_13TeV_v1_offline
  
  Time look up, payloadIds:


GBRWrapperRcd / MVASelectorIter4: frontier://FrontierProd/CMS_CONDITIONS, GBRForest_MVASelectorIter4_v0_offline
  
  Time look up, payloadIds:


GBRWrapperRcd / MVASelectorIter4_13TeV: frontier://FrontierProd/CMS_CONDITIONS, GBRForest_MVASelectorIter4_13TeV_v1_offline
  
  Time look up, payloadIds:


GBRWrapperRcd / MVASelectorIter5: frontier://FrontierProd/CMS_CONDITIONS, GBRForest_MVASelectorIter5_v0_offline
  
  Time look up, payloadIds:


GBRWrapperRcd / MVASelectorIter5_13TeV: frontier://FrontierProd/CMS_CONDITIONS, GBRForest_MVASelectorIter5_13TeV_v1_offline
  
  Time look up, payloadIds:


GBRWrapperRcd / MVASelectorIter6: frontier://FrontierProd/CMS_CONDITIONS, GBRForest_MVASelectorIter6_v0_offline
  
  Time look up, payloadIds:


GBRWrapperRcd / MVASelectorIter6_13TeV: frontier://FrontierProd/CMS_CONDITIONS, GBRForest_MVASelectorIter6_13TeV_v1_offline
  
  Time look up, payloadIds:


GBRWrapperRcd / MVASelectorJetCoreRegionalStep_Phase1: frontier://FrontierProd/CMS_CONDITIONS, GBRForest_MVASelectorJetCoreRegionalStep_Phase1_v2_offline
  
  Time look up, payloadIds:


GBRWrapperRcd / MVASelectorLowPtQuadStep_Phase1: frontier://FrontierProd/CMS_CONDITIONS, GBRForest_MVASelectorLowPtQuadStep_Phase1_v2_offline
  
  Time look up, payloadIds:


GBRWrapperRcd / MVASelectorLowPtTripletStep_Phase1: frontier://FrontierProd/CMS_CONDITIONS, GBRForest_MVASelectorLowPtTripletStep_Phase1_v2_offline
  
  Time look up, payloadIds:


GBRWrapperRcd / MVASelectorMixedTripletStep_Phase1: frontier://FrontierProd/CMS_CONDITIONS, GBRForest_MVASelectorMixedTripletStep_Phase1_v0_offline
  
  Time look up, payloadIds:


GBRWrapperRcd / MVASelectorPixelLessStep_Phase1: frontier://FrontierProd/CMS_CONDITIONS, GBRForest_MVASelectorPixelLessStep_Phase1_v2_offline
  
  Time look up, payloadIds:


GBRWrapperRcd / MVASelectorPixelPairStep_Phase1: frontier://FrontierProd/CMS_CONDITIONS, GBRForest_MVASelectorPixelPairStep_Phase1_v2_offline
  
  Time look up, payloadIds:


GBRWrapperRcd / MVASelectorTobTecStep_Phase1: frontier://FrontierProd/CMS_CONDITIONS, GBRForest_MVASelectorTobTecStep_Phase1_v2_offline
  
  Time look up, payloadIds:


GBRWrapperRcd / PFEcalResolution: frontier://FrontierProd/CMS_CONDITIONS, GBRForest_PFEcalEnergyResolution_v2_offline
  
  Time look up, payloadIds:


GBRWrapperRcd / PFGCorrectionBar: frontier://FrontierProd/CMS_CONDITIONS, GBRForest_PFGlobalCorrectionBarrel_v2_offline
  
  Time look up, payloadIds:


GBRWrapperRcd / PFGCorrectionEndHighR9: frontier://FrontierProd/CMS_CONDITIONS, GBRForest_PFGlobalCorrectionEndcapHighR9_v2_offline
  
  Time look up, payloadIds:


GBRWrapperRcd / PFGCorrectionEndLowR9: frontier://FrontierProd/CMS_CONDITIONS, GBRForest_PFGlobalCorrectionEndcapLowR9_v2_offline
  
  Time look up, payloadIds:


GBRWrapperRcd / PFGlobalCorrection: frontier://FrontierProd/CMS_CONDITIONS, GBRForest_PFGlobalCorrection_v0_offline
  
  Time look up, payloadIds:


GBRWrapperRcd / PFLCCorrection: frontier://FrontierProd/CMS_CONDITIONS, GBRForest_PFLCCorrection_v0_offline
  
  Time look up, payloadIds:


GBRWrapperRcd / PFLCorrectionBar: frontier://FrontierProd/CMS_CONDITIONS, GBRForest_PFLocalCorrectionBarrel_v2_offline
  
  Time look up, payloadIds:


GBRWrapperRcd / PFLCorrectionEnd: frontier://FrontierProd/CMS_CONDITIONS, GBRForest_PFLocalCorrectionEndcap_v2_offline
  
  Time look up, payloadIds:


GBRWrapperRcd / PFResolution: frontier://FrontierProd/CMS_CONDITIONS, GBRForest_PFResolution_v0_offline
  
  Time look up, payloadIds:


GBRWrapperRcd / btag_CombinedMVAv2_BDT: frontier://FrontierProd/CMS_CONDITIONS, btag_CombinedMVAv2_BDT_TMVAv420_74X_v1
  
  Time look up, payloadIds:


GBRWrapperRcd / btag_SoftPFElectron_BDT: frontier://FrontierProd/CMS_CONDITIONS, btag_SoftPFElectron_BDT_TMVAv420_74X_v1
  
  Time look up, payloadIds:


GBRWrapperRcd / btag_SoftPFMuon_BDT: frontier://FrontierProd/CMS_CONDITIONS, btag_SoftPFMuon_BDT_TMVAv420_74X_v1
  
  Time look up, payloadIds:


GBRWrapperRcd / gedelectron_EBCorrection_offline_v1: frontier://FrontierProd/CMS_CONDITIONS, gedelectron_EBCorrection_offline_v1
  
  Time look up, payloadIds:


GBRWrapperRcd / gedelectron_EBUncertainty_offline_v1: frontier://FrontierProd/CMS_CONDITIONS, gedelectron_EBUncertainty_offline_v1
  
  Time look up, payloadIds:


GBRWrapperRcd / gedelectron_EECorrection_offline_v1: frontier://FrontierProd/CMS_CONDITIONS, gedelectron_EECorrection_offline_v1
  
  Time look up, payloadIds:


GBRWrapperRcd / gedelectron_EEUncertainty_offline_v1: frontier://FrontierProd/CMS_CONDITIONS, gedelectron_EEUncertainty_offline_v1
  
  Time look up, payloadIds:


GBRWrapperRcd / gedelectron_p4combination_25ns: frontier://FrontierProd/CMS_CONDITIONS, GBRForestD_gedelectron_p4combination_25ns_v0
  
  Time look up, payloadIds:


GBRWrapperRcd / gedelectron_p4combination_50ns: frontier://FrontierProd/CMS_CONDITIONS, GBRForestD_gedelectron_p4combination_50ns_v0
  
  Time look up, payloadIds:


GBRWrapperRcd / gedelectron_p4combination_offline: frontier://FrontierProd/CMS_CONDITIONS, gedelectron_p4combination_offline
  
  Time look up, payloadIds:


GBRWrapperRcd / gedphoton_EBCorrection_offline_v1: frontier://FrontierProd/CMS_CONDITIONS, gedphoton_EBCorrection_offline_v1
  
  Time look up, payloadIds:


GBRWrapperRcd / gedphoton_EBUncertainty_offline_v1: frontier://FrontierProd/CMS_CONDITIONS, gedphoton_EBUncertainty_offline_v1
  
  Time look up, payloadIds:


GBRWrapperRcd / gedphoton_EECorrection_offline_v1: frontier://FrontierProd/CMS_CONDITIONS, gedphoton_EECorrection_offline_v1
  
  Time look up, payloadIds:


GBRWrapperRcd / gedphoton_EEUncertainty_offline_v1: frontier://FrontierProd/CMS_CONDITIONS, gedphoton_EEUncertainty_offline_v1
  
  Time look up, payloadIds:


GBRWrapperRcd / pfscecal_EBCorrection_offline_v1: frontier://FrontierProd/CMS_CONDITIONS, pfscecal_EBCorrection_offline_v1
  
  Time look up, payloadIds:


GBRWrapperRcd / pfscecal_EECorrection_offline_v1: frontier://FrontierProd/CMS_CONDITIONS, pfscecal_EECorrection_offline_v1
  
  Time look up, payloadIds:


GBRWrapperRcd / wgbrph_EBCorrection: frontier://FrontierProd/CMS_CONDITIONS, GBRForest_EBCorrection_v0_offline
  
  Time look up, payloadIds:


GBRWrapperRcd / wgbrph_EBUncertainty: frontier://FrontierProd/CMS_CONDITIONS, GBRForest_EBUncertainty_v0_offline
  
  Time look up, payloadIds:


GBRWrapperRcd / wgbrph_EECorrection: frontier://FrontierProd/CMS_CONDITIONS, GBRForest_EECorrection_v0_offline
  
  Time look up, payloadIds:


GBRWrapperRcd / wgbrph_EEUncertainty: frontier://FrontierProd/CMS_CONDITIONS, GBRForest_EEUncertainty_v0_offline
  
  Time look up, payloadIds:


GEMELMapRcd / : frontier://FrontierProd/CMS_CONDITIONS, GEMELMap_v2_mc
  
  Time look up, payloadIds:


GEMRecoGeometryRcd / : frontier://FrontierProd/CMS_CONDITIONS, GEMRECO_Geometry_10YV4
  
  Time look up, payloadIds:


GEMeMapRcd / : frontier://FrontierProd/CMS_CONDITIONS, GEMeMap_v1_mc
  
  Time look up, payloadIds:


GeometryFileRcd / CTPPS: frontier://FrontierProd/CMS_CONDITIONS, XMLFILE_CTPPS_Geometry_2018_102YV1
  
  Time look up, payloadIds:


GeometryFileRcd / Extended: frontier://FrontierProd/CMS_CONDITIONS, XMLFILE_Geometry_101YV4_Extended2018_mc
  
  Time look up, payloadIds:


GeometryFileRcd / ExtendedDetailedCavern: frontier://FrontierProd/CMS_CONDITIONS, XMLFILE_Geometry_103YV4_ExtendedDetailedCavern2018_mc
  
  Time look up, payloadIds:


GeometryFileRcd / ExtendedZeroMaterial: frontier://FrontierProd/CMS_CONDITIONS, XMLFILE_Geometry_101YV4_Extended2018ZeroMaterial_mc
  
  Time look up, payloadIds:


GlobalPositionRcd / : frontier://FrontierProd/CMS_CONDITIONS, IdealGeometry
  
  Time look up, payloadIds:


HBAlignmentRcd / : frontier://FrontierProd/CMS_CONDITIONS, HBAlignment_zero_v01_mc
  
  Time look up, payloadIds:


HBHENegativeEFilterRcd / : frontier://FrontierProd/CMS_CONDITIONS, HBHENegativeEFilter_2018v01_mc
  
  Time look up, payloadIds:


HEAlignmentRcd / : frontier://FrontierProd/CMS_CONDITIONS, HEAlignment_zero_v01_mc
  
  Time look up, payloadIds:


HFAlignmentRcd / : frontier://FrontierProd/CMS_CONDITIONS, HFAlignment_zero_v01_mc
  
  Time look up, payloadIds:


HFPhase1PMTParamsRcd / : frontier://FrontierProd/CMS_CONDITIONS, HFPhase1PMTParams_2017_v1.0_mc
  
  Time look up, payloadIds:


HOAlignmentRcd / : frontier://FrontierProd/CMS_CONDITIONS, HOAlignment_zero_v01_mc
  
  Time look up, payloadIds:


HcalChannelQualityRcd / : frontier://FrontierProd/CMS_CONDITIONS, HcalChannelQuality_2018_v4.0_mc
  
  Time look up, payloadIds:


HcalElectronicsMapRcd / : frontier://FrontierProd/CMS_CONDITIONS, HcalElectronicsMap_2018_v3.0_mc
  
  Time look up, payloadIds:


HcalFlagHFDigiTimeParamsRcd / : frontier://FrontierProd/CMS_CONDITIONS, HcalFlagHFDigiTimeParams_2018_v1.0_mc
  
  Time look up, payloadIds:


HcalFrontEndMapRcd / : frontier://FrontierProd/CMS_CONDITIONS, HcalFrontEndMap_2018_v1.0_mc
  
  Time look up, payloadIds:


HcalGainsRcd / : frontier://FrontierProd/CMS_CONDITIONS, HcalGains_2018legacy_v1.0_mc
  
  Time look up, payloadIds:


HcalL1TriggerObjectsRcd / : frontier://FrontierProd/CMS_CONDITIONS, HcalL1TriggerObjects_2018_v1.0_mc
  
  Time look up, payloadIds:


HcalLUTCorrsRcd / : frontier://FrontierProd/CMS_CONDITIONS, HcalLUTCorrs_2018_v3.0_mc
  
  Time look up, payloadIds:


HcalLongRecoParamsRcd / : frontier://FrontierProd/CMS_CONDITIONS, HcalLongRecoParams_2018_v1.0_mc
  
  Time look up, payloadIds:


HcalLutMetadataRcd / : frontier://FrontierProd/CMS_CONDITIONS, HcalLutMetadata_2018_v6.0_mc
  
  Time look up, payloadIds:


HcalMCParamsRcd / : frontier://FrontierProd/CMS_CONDITIONS, HcalMCParams_2018_v3.0_mc
  
  Time look up, payloadIds:


HcalOOTPileupCompatibilityRcd / : frontier://FrontierProd/CMS_CONDITIONS, OOTPileupCorrectionColl_V00_mc
  
  Time look up, payloadIds:


HcalOOTPileupCorrectionMapCollRcd / : frontier://FrontierProd/CMS_CONDITIONS, OOTPileupCorrectionMapColl_V00_mc
  
  Time look up, payloadIds:


HcalPFCorrsRcd / : frontier://FrontierProd/CMS_CONDITIONS, HcalPFCorrs_2018_v1.0_mc
  
  Time look up, payloadIds:


HcalParametersRcd / : frontier://FrontierProd/CMS_CONDITIONS, HCALParameters_Geometry_10YV4
  
  Time look up, payloadIds:


HcalPedestalWidthsRcd / : frontier://FrontierProd/CMS_CONDITIONS, HcalPedestalWidths_2018_v5.0_mc
  
  Time look up, payloadIds:


HcalPedestalWidthsRcd / effective: frontier://FrontierProd/CMS_CONDITIONS, HcalPedestalWidths_2018legacy_v1.0_mc_effective
  
  Time look up, payloadIds:


HcalPedestalsRcd / : frontier://FrontierProd/CMS_CONDITIONS, HcalPedestals_2018_v4.0_mc
  
  Time look up, payloadIds:


HcalPedestalsRcd / effective: frontier://FrontierProd/CMS_CONDITIONS, HcalPedestals_2018legacy_v1.0_mc_effective
  
  Time look up, payloadIds:


HcalQIEDataRcd / : frontier://FrontierProd/CMS_CONDITIONS, HcalQIEData_2018_mc_v3.0
  
  Time look up, payloadIds:


HcalQIETypesRcd / : frontier://FrontierProd/CMS_CONDITIONS, HcalQIETypes_2018_v1.0_mc
  
  Time look up, payloadIds:


HcalRecoParamsRcd / : frontier://FrontierProd/CMS_CONDITIONS, HcalRecoParams_2018_v3.2_mc
  
  Time look up, payloadIds:


HcalRespCorrsRcd / : frontier://FrontierProd/CMS_CONDITIONS, HcalRespCorrs_Legacy2018_v1.0_mc
  
  Time look up, payloadIds:


HcalSiPMCharacteristicsRcd / : frontier://FrontierProd/CMS_CONDITIONS, HcalSiPMCharacteristics_2018_v3.0_mc
  
  Time look up, payloadIds:


HcalSiPMParametersRcd / : frontier://FrontierProd/CMS_CONDITIONS, HcalSiPMParameters_2018_v5.0_mc
  
  Time look up, payloadIds:


HcalTPChannelParametersRcd / : frontier://FrontierProd/CMS_CONDITIONS, HcalTPChannelParameters_2018_v1.0_mc
  
  Time look up, payloadIds:


HcalTPParametersRcd / : frontier://FrontierProd/CMS_CONDITIONS, HcalTPParameters_2018_v1.0_mc
  
  Time look up, payloadIds:


HcalTimeCorrsRcd / : frontier://FrontierProd/CMS_CONDITIONS, HcalTimeCorrs_2018_v1.0_mc
  
  Time look up, payloadIds:


HcalZSThresholdsRcd / : frontier://FrontierProd/CMS_CONDITIONS, HcalZSThresholds_2018_v2.1_mc
  
  Time look up, payloadIds:


HeavyIonRcd / HFhitsAMPT_2760GeV: frontier://FrontierProd/CMS_CONDITIONS, CentralityTable_HFhits40_AMPT2760GeV_v1_mc
  
  Time look up, payloadIds:


HeavyIonRcd / HFhitsHydjet_Bass: frontier://FrontierProd/CMS_CONDITIONS, CentralityTable_HFhits40_HydjetBass_vv44x04_mc
  
  Time look up, payloadIds:


HeavyIonRcd / HFhitsHydjet_Drum: frontier://FrontierProd/CMS_CONDITIONS, CentralityTable_HFhits40_Hydjet18_vv44x01_mc
  
  Time look up, payloadIds:


HeavyIonRcd / HFtowersHydjet_Bass: frontier://FrontierProd/CMS_CONDITIONS, CentralityTable_HFtowers40_HydjetBass_vv44x04_mc
  
  Time look up, payloadIds:


HeavyIonRcd / HFtowersHydjet_Drum: frontier://FrontierProd/CMS_CONDITIONS, CentralityTable_HFtowers40_Hydjet18_vv44x01_mc
  
  Time look up, payloadIds:


HeavyIonRcd / PixelHitsAMPT_2760GeV: frontier://FrontierProd/CMS_CONDITIONS, CentralityTable_PixelHits40_AMPT2760GeV_v1_mc
  
  Time look up, payloadIds:


HeavyIonRcd / PixelHitsHydjet_Bass: frontier://FrontierProd/CMS_CONDITIONS, CentralityTable_PixelHits40_HydjetBass_vv44x04_mc
  
  Time look up, payloadIds:


HeavyIonRcd / PixelHitsHydjet_Drum: frontier://FrontierProd/CMS_CONDITIONS, CentralityTable_PixelHits40_Hydjet18_vv44x01_mc
  
  Time look up, payloadIds:


HeavyIonRcd / PixelTracksHydjet_Bass: frontier://FrontierProd/CMS_CONDITIONS, CentralityTable_PixelTracks40_HydjetBass_vv44x04_mc
  
  Time look up, payloadIds:


HeavyIonRcd / PixelTracksHydjet_Drum: frontier://FrontierProd/CMS_CONDITIONS, CentralityTable_PixelTracks40_Hydjet18_vv44x01_mc
  
  Time look up, payloadIds:


HeavyIonRcd / TracksHydjet_Bass: frontier://FrontierProd/CMS_CONDITIONS, CentralityTable_Tracks40_HydjetBass_vv44x04_mc
  
  Time look up, payloadIds:


HeavyIonRcd / TracksHydjet_Drum: frontier://FrontierProd/CMS_CONDITIONS, CentralityTable_Tracks40_Hydjet18_vv44x01_mc
  
  Time look up, payloadIds:


IdealGeometryRecord / : frontier://FrontierProd/CMS_CONDITIONS, TKRECO_Geometry_92YV3
  
  Time look up, payloadIds:


JetCorrectionsRecord / AK10PF: frontier://FrontierProd/CMS_CONDITIONS, JetCorrectorParametersCollection_CSA14_V4_MC_AK10PF
  
  Time look up, payloadIds:


JetCorrectionsRecord / AK10PFchs: frontier://FrontierProd/CMS_CONDITIONS, JetCorrectorParametersCollection_CSA14_V4_MC_AK10PFchs
  
  Time look up, payloadIds:


JetCorrectionsRecord / AK1PF: frontier://FrontierProd/CMS_CONDITIONS, JetCorrectorParametersCollection_CSA14_V4_MC_AK1PF
  
  Time look up, payloadIds:


JetCorrectionsRecord / AK1PFchs: frontier://FrontierProd/CMS_CONDITIONS, JetCorrectorParametersCollection_CSA14_V4_MC_AK1PFchs
  
  Time look up, payloadIds:


JetCorrectionsRecord / AK2PF: frontier://FrontierProd/CMS_CONDITIONS, JetCorrectorParametersCollection_CSA14_V4_MC_AK2PF
  
  Time look up, payloadIds:


JetCorrectionsRecord / AK2PFchs: frontier://FrontierProd/CMS_CONDITIONS, JetCorrectorParametersCollection_CSA14_V4_MC_AK2PFchs
  
  Time look up, payloadIds:


JetCorrectionsRecord / AK3PF: frontier://FrontierProd/CMS_CONDITIONS, JetCorrectorParametersCollection_CSA14_V4_MC_AK3PF
  
  Time look up, payloadIds:


JetCorrectionsRecord / AK3PFchs: frontier://FrontierProd/CMS_CONDITIONS, JetCorrectorParametersCollection_CSA14_V4_MC_AK3PFchs
  
  Time look up, payloadIds:


JetCorrectionsRecord / AK4Calo: frontier://FrontierProd/CMS_CONDITIONS, JetCorrectorParametersCollection_Fall17_17Nov2017_V23_MC_AK4Calo
  
  Time look up, payloadIds:


JetCorrectionsRecord / AK4CaloHLT: frontier://FrontierProd/CMS_CONDITIONS, JetCorrectorParametersCollection_HLT_BX25_V11_MC_AK4CaloHLT
  
  Time look up, payloadIds:


JetCorrectionsRecord / AK4JPT: frontier://FrontierProd/CMS_CONDITIONS, JetCorrectorParametersCollection_Fall17_17Nov2017_V23_MC_AK4JPT
  
  Time look up, payloadIds:


JetCorrectionsRecord / AK4PF: frontier://FrontierProd/CMS_CONDITIONS, JetCorrectorParametersCollection_Fall17_17Nov2017_V23_MC_AK4PF
  
  Time look up, payloadIds:


JetCorrectionsRecord / AK4PFHLT: frontier://FrontierProd/CMS_CONDITIONS, JetCorrectorParametersCollection_HLT_BX25_V11_MC_AK4PFHLT
  
  Time look up, payloadIds:


JetCorrectionsRecord / AK4PFPuppi: frontier://FrontierProd/CMS_CONDITIONS, JetCorrectorParametersCollection_Fall17_17Nov2017_V23_MC_AK4PFPuppi
  
  Time look up, payloadIds:


JetCorrectionsRecord / AK4PFchs: frontier://FrontierProd/CMS_CONDITIONS, JetCorrectorParametersCollection_Fall17_17Nov2017_V23_MC_AK4PFchs
  
  Time look up, payloadIds:


JetCorrectionsRecord / AK5Calo: frontier://FrontierProd/CMS_CONDITIONS, JetCorrectorParametersCollection_CSA14_V4_MC_AK5Calo
  
  Time look up, payloadIds:


JetCorrectionsRecord / AK5CaloHLT: frontier://FrontierProd/CMS_CONDITIONS, JetCorrectorParametersCollection_Jec11_V12_AK5CaloHLT
  
  Time look up, payloadIds:


JetCorrectionsRecord / AK5JPT: frontier://FrontierProd/CMS_CONDITIONS, JetCorrectorParametersCollection_Fall12_V5_MC_AK5JPT
  
  Time look up, payloadIds:


JetCorrectionsRecord / AK5PF: frontier://FrontierProd/CMS_CONDITIONS, JetCorrectorParametersCollection_CSA14_V4_MC_AK5PF
  
  Time look up, payloadIds:


JetCorrectionsRecord / AK5PFHLT: frontier://FrontierProd/CMS_CONDITIONS, JetCorrectorParametersCollection_AK5PF_2012_V8_hlt_mc
  
  Time look up, payloadIds:


JetCorrectionsRecord / AK5PFchs: frontier://FrontierProd/CMS_CONDITIONS, JetCorrectorParametersCollection_CSA14_V4_MC_AK5PFchs
  
  Time look up, payloadIds:


JetCorrectionsRecord / AK5PFchsHLT: frontier://FrontierProd/CMS_CONDITIONS, JetCorrectorParametersCollection_AK5PFchs_2012_V8_hlt_mc
  
  Time look up, payloadIds:


JetCorrectionsRecord / AK5TRK: frontier://FrontierProd/CMS_CONDITIONS, JetCorrectorParametersCollection_Fall12_V5_MC_AK5TRK
  
  Time look up, payloadIds:


JetCorrectionsRecord / AK6PF: frontier://FrontierProd/CMS_CONDITIONS, JetCorrectorParametersCollection_CSA14_V4_MC_AK6PF
  
  Time look up, payloadIds:


JetCorrectionsRecord / AK6PFchs: frontier://FrontierProd/CMS_CONDITIONS, JetCorrectorParametersCollection_CSA14_V4_MC_AK6PFchs
  
  Time look up, payloadIds:


JetCorrectionsRecord / AK7Calo: frontier://FrontierProd/CMS_CONDITIONS, JetCorrectorParametersCollection_CSA14_V4_MC_AK7Calo
  
  Time look up, payloadIds:


JetCorrectionsRecord / AK7JPT: frontier://FrontierProd/CMS_CONDITIONS, JetCorrectorParametersCollection_Fall12_V5_MC_AK7JPT
  
  Time look up, payloadIds:


JetCorrectionsRecord / AK7PF: frontier://FrontierProd/CMS_CONDITIONS, JetCorrectorParametersCollection_CSA14_V4_MC_AK7PF
  
  Time look up, payloadIds:


JetCorrectionsRecord / AK7PFchs: frontier://FrontierProd/CMS_CONDITIONS, JetCorrectorParametersCollection_CSA14_V4_MC_AK7PFchs
  
  Time look up, payloadIds:


JetCorrectionsRecord / AK8CaloHLT: frontier://FrontierProd/CMS_CONDITIONS, JetCorrectorParametersCollection_HLT_BX25_V11_MC_AK8CaloHLT
  
  Time look up, payloadIds:


JetCorrectionsRecord / AK8PF: frontier://FrontierProd/CMS_CONDITIONS, JetCorrectorParametersCollection_Fall17_17Nov2017_V23_MC_AK8PF
  
  Time look up, payloadIds:


JetCorrectionsRecord / AK8PFHLT: frontier://FrontierProd/CMS_CONDITIONS, JetCorrectorParametersCollection_HLT_BX25_V11_MC_AK8PFHLT
  
  Time look up, payloadIds:


JetCorrectionsRecord / AK8PFPuppi: frontier://FrontierProd/CMS_CONDITIONS, JetCorrectorParametersCollection_Fall17_17Nov2017_V23_MC_AK8PFPuppi
  
  Time look up, payloadIds:


JetCorrectionsRecord / AK8PFchs: frontier://FrontierProd/CMS_CONDITIONS, JetCorrectorParametersCollection_Fall17_17Nov2017_V23_MC_AK8PFchs
  
  Time look up, payloadIds:


JetCorrectionsRecord / AK9PF: frontier://FrontierProd/CMS_CONDITIONS, JetCorrectorParametersCollection_CSA14_V4_MC_AK9PF
  
  Time look up, payloadIds:


JetCorrectionsRecord / AK9PFchs: frontier://FrontierProd/CMS_CONDITIONS, JetCorrectorParametersCollection_CSA14_V4_MC_AK9PFchs
  
  Time look up, payloadIds:


JetCorrectionsRecord / IC5Calo: frontier://FrontierProd/CMS_CONDITIONS, JetCorrectorParametersCollection_Fall12_V5_MC_IC5Calo
  
  Time look up, payloadIds:


JetCorrectionsRecord / IC5PF: frontier://FrontierProd/CMS_CONDITIONS, JetCorrectorParametersCollection_Fall12_V5_MC_IC5PF
  
  Time look up, payloadIds:


JetCorrectionsRecord / KT4Calo: frontier://FrontierProd/CMS_CONDITIONS, JetCorrectorParametersCollection_Fall12_V5_MC_KT4Calo
  
  Time look up, payloadIds:


JetCorrectionsRecord / KT4PF: frontier://FrontierProd/CMS_CONDITIONS, JetCorrectorParametersCollection_Fall12_V5_MC_KT4PF
  
  Time look up, payloadIds:


JetCorrectionsRecord / KT6Calo: frontier://FrontierProd/CMS_CONDITIONS, JetCorrectorParametersCollection_Fall12_V5_MC_KT6Calo
  
  Time look up, payloadIds:


JetCorrectionsRecord / KT6PF: frontier://FrontierProd/CMS_CONDITIONS, JetCorrectorParametersCollection_Fall12_V5_MC_KT6PF
  
  Time look up, payloadIds:


JetResolutionRcd / AK4PFPuppi_eta: frontier://FrontierProd/CMS_CONDITIONS, JR_Fall17_V3_102X_MC_EtaResolution_AK4PFPuppi
  
  Time look up, payloadIds:


JetResolutionRcd / AK4PFPuppi_phi: frontier://FrontierProd/CMS_CONDITIONS, JR_Spring16_25nsV6_MC_PhiResolution_AK4PFPuppi
  
  Time look up, payloadIds:


JetResolutionRcd / AK4PFPuppi_pt: frontier://FrontierProd/CMS_CONDITIONS, JR_Spring16_25nsV6_MC_PtResolution_AK4PFPuppi
  
  Time look up, payloadIds:


JetResolutionRcd / AK4PF_eta: frontier://FrontierProd/CMS_CONDITIONS, JR_Fall17_V3_102X_MC_EtaResolution_AK4PF
  
  Time look up, payloadIds:


JetResolutionRcd / AK4PF_phi: frontier://FrontierProd/CMS_CONDITIONS, JR_Spring16_25nsV6_MC_PhiResolution_AK4PF
  
  Time look up, payloadIds:


JetResolutionRcd / AK4PF_pt: frontier://FrontierProd/CMS_CONDITIONS, JR_Spring16_25nsV6_MC_PtResolution_AK4PF
  
  Time look up, payloadIds:


JetResolutionRcd / AK4PFchs_eta: frontier://FrontierProd/CMS_CONDITIONS, JR_Fall17_V3_102X_MC_EtaResolution_AK4PFchs
  
  Time look up, payloadIds:


JetResolutionRcd / AK4PFchs_phi: frontier://FrontierProd/CMS_CONDITIONS, JR_Spring16_25nsV6_MC_PhiResolution_AK4PFchs
  
  Time look up, payloadIds:


JetResolutionRcd / AK4PFchs_pt: frontier://FrontierProd/CMS_CONDITIONS, JR_Spring16_25nsV6_MC_PtResolution_AK4PFchs
  
  Time look up, payloadIds:


JetResolutionRcd / AK8PFPuppi_eta: frontier://FrontierProd/CMS_CONDITIONS, JR_Fall17_V3_102X_MC_EtaResolution_AK8PFPuppi
  
  Time look up, payloadIds:


JetResolutionRcd / AK8PFPuppi_phi: frontier://FrontierProd/CMS_CONDITIONS, JR_Spring16_25nsV6_MC_PhiResolution_AK8PFPuppi
  
  Time look up, payloadIds:


JetResolutionRcd / AK8PFPuppi_pt: frontier://FrontierProd/CMS_CONDITIONS, JR_Spring16_25nsV6_MC_PtResolution_AK8PFPuppi
  
  Time look up, payloadIds:


JetResolutionRcd / AK8PF_eta: frontier://FrontierProd/CMS_CONDITIONS, JR_Fall17_V3_102X_MC_EtaResolution_AK8PF
  
  Time look up, payloadIds:


JetResolutionRcd / AK8PF_phi: frontier://FrontierProd/CMS_CONDITIONS, JR_Spring16_25nsV6_MC_PhiResolution_AK8PF
  
  Time look up, payloadIds:


JetResolutionRcd / AK8PF_pt: frontier://FrontierProd/CMS_CONDITIONS, JR_Spring16_25nsV6_MC_PtResolution_AK8PF
  
  Time look up, payloadIds:


JetResolutionRcd / AK8PFchs_eta: frontier://FrontierProd/CMS_CONDITIONS, JR_Fall17_V3_102X_MC_EtaResolution_AK8PFchs
  
  Time look up, payloadIds:


JetResolutionRcd / AK8PFchs_phi: frontier://FrontierProd/CMS_CONDITIONS, JR_Spring16_25nsV6_MC_PhiResolution_AK8PFchs
  
  Time look up, payloadIds:


JetResolutionRcd / AK8PFchs_pt: frontier://FrontierProd/CMS_CONDITIONS, JR_Spring16_25nsV6_MC_PtResolution_AK8PFchs
  
  Time look up, payloadIds:


JetResolutionScaleFactorRcd / AK4PF: frontier://FrontierProd/CMS_CONDITIONS, JR_Spring16_25nsV6_MC_SF_AK4PF
  
  Time look up, payloadIds:


JetResolutionScaleFactorRcd / AK4PFPuppi: frontier://FrontierProd/CMS_CONDITIONS, JR_Spring16_25nsV6_MC_SF_AK4PFPuppi
  
  Time look up, payloadIds:


JetResolutionScaleFactorRcd / AK4PFchs: frontier://FrontierProd/CMS_CONDITIONS, JR_Spring16_25nsV6_MC_SF_AK4PFchs
  
  Time look up, payloadIds:


JetResolutionScaleFactorRcd / AK8PF: frontier://FrontierProd/CMS_CONDITIONS, JR_Spring16_25nsV6_MC_SF_AK8PF
  
  Time look up, payloadIds:


JetResolutionScaleFactorRcd / AK8PFPuppi: frontier://FrontierProd/CMS_CONDITIONS, JR_Spring16_25nsV6_MC_SF_AK8PFPuppi
  
  Time look up, payloadIds:


JetResolutionScaleFactorRcd / AK8PFchs: frontier://FrontierProd/CMS_CONDITIONS, JR_Spring16_25nsV6_MC_SF_AK8PFchs
  
  Time look up, payloadIds:


L1CaloEcalScaleRcd / : frontier://FrontierProd/CMS_CONDITIONS, L1CaloEcalScale_EEG_EHSUMS_TAU4_FGHOE_CALIBV1_02APR12_mc
  
  Time look up, payloadIds:


L1CaloGeometryRecord / : frontier://FrontierProd/CMS_CONDITIONS, L1CaloGeometry_STARTUP_v3
  
  Time look up, payloadIds:


L1CaloHcalScaleRcd / : frontier://FrontierProd/CMS_CONDITIONS, L1CaloHcalScale_EEG_EHSUMS_TAU4_FGHOE_CALIBV1_02APR12_mc
  
  Time look up, payloadIds:


L1EmEtScaleRcd / : frontier://FrontierProd/CMS_CONDITIONS, L1EmEtScale_EEG_EHSUMS_TAU4_FGHOE_CALIBV1_02APR12_mc
  
  Time look up, payloadIds:


L1GctChannelMaskRcd / : frontier://FrontierProd/CMS_CONDITIONS, L1GctChannelMask_AllEnergySumsMaskedFromHF_jetCentresToEta3Allowed_mc
  
  Time look up, payloadIds:


L1GctJetFinderParamsRcd / : frontier://FrontierProd/CMS_CONDITIONS, L1GctJetFinderParams_stage1_25ns_mc
  
  Time look up, payloadIds:


L1GtBoardMapsRcd / : frontier://FrontierProd/CMS_CONDITIONS, L1GtBoardMaps_STARTUP_v3
  
  Time look up, payloadIds:


L1GtParametersRcd / : frontier://FrontierProd/CMS_CONDITIONS, L1GtParameters_STARTUP_v3
  
  Time look up, payloadIds:


L1GtPrescaleFactorsAlgoTrigRcd / : frontier://FrontierProd/CMS_CONDITIONS, L1GtPrescaleFactorsAlgoTrig_STARTUP_v3
  
  Time look up, payloadIds:


L1GtPrescaleFactorsTechTrigRcd / : frontier://FrontierProd/CMS_CONDITIONS, L1GtPrescaleFactorsTechTrig_STARTUP_v3
  
  Time look up, payloadIds:


L1GtPsbSetupRcd / : frontier://FrontierProd/CMS_CONDITIONS, L1GtPsbSetup_STARTUP_v3
  
  Time look up, payloadIds:


L1GtStableParametersRcd / : frontier://FrontierProd/CMS_CONDITIONS, L1GtStableParameters_STARTUP_v3
  
  Time look up, payloadIds:


L1GtTriggerMaskAlgoTrigRcd / : frontier://FrontierProd/CMS_CONDITIONS, L1GtTriggerMaskAlgoTrig_STARTUP_v3
  
  Time look up, payloadIds:


L1GtTriggerMaskTechTrigRcd / : frontier://FrontierProd/CMS_CONDITIONS, L1GtTriggerMaskTechTrig_STARTUP_v3
  
  Time look up, payloadIds:


L1GtTriggerMaskVetoAlgoTrigRcd / : frontier://FrontierProd/CMS_CONDITIONS, L1GtTriggerMaskVetoAlgoTrig_STARTUP_v3
  
  Time look up, payloadIds:


L1GtTriggerMaskVetoTechTrigRcd / : frontier://FrontierProd/CMS_CONDITIONS, L1GtTriggerMaskVetoTechTrig_STARTUP_v3
  
  Time look up, payloadIds:


L1GtTriggerMenuRcd / : frontier://FrontierProd/CMS_CONDITIONS, L1Menu_Collisions2015_25nsStage1_v5
  
  Time look up, payloadIds:


L1HfRingEtScaleRcd / : frontier://FrontierProd/CMS_CONDITIONS, L1HfRingEtScale_stage1_25ns_mc
  
  Time look up, payloadIds:


L1HtMissScaleRcd / : frontier://FrontierProd/CMS_CONDITIONS, L1HtMissScale_stage1_25ns_mc
  
  Time look up, payloadIds:


L1JetEtScaleRcd / : frontier://FrontierProd/CMS_CONDITIONS, L1JetEtScale_GCTPhysics_2012_04_27_JetSeedThresh5GeV_mc
  
  Time look up, payloadIds:


L1MuCSCPtLutRcd / : frontier://FrontierProd/CMS_CONDITIONS, L1MuCSCPtLut_collisions_v0_mc
  
  Time look up, payloadIds:


L1MuCSCTFAlignmentRcd / : frontier://FrontierProd/CMS_CONDITIONS, L1MuCSCTFAlignment_STARTUP_v3
  
  Time look up, payloadIds:


L1MuCSCTFConfigurationRcd / : frontier://FrontierProd/CMS_CONDITIONS, L1MuCSCTFConfiguration_collisions_v0_mc
  
  Time look up, payloadIds:


L1MuDTEtaPatternLutRcd / : frontier://FrontierProd/CMS_CONDITIONS, L1MuDTEtaPatternLut_V120924_v1
  
  Time look up, payloadIds:


L1MuDTExtLutRcd / : frontier://FrontierProd/CMS_CONDITIONS, L1MuDTExtLut_V120924_v1
  
  Time look up, payloadIds:


L1MuDTPhiLutRcd / : frontier://FrontierProd/CMS_CONDITIONS, L1MuDTPhiLut_V120924_v1
  
  Time look up, payloadIds:


L1MuDTPtaLutRcd / : frontier://FrontierProd/CMS_CONDITIONS, L1MuDTPtaLut_V120924_v1
  
  Time look up, payloadIds:


L1MuDTQualPatternLutRcd / : frontier://FrontierProd/CMS_CONDITIONS, L1MuDTQualPatternLut_V120924_v1
  
  Time look up, payloadIds:


L1MuDTTFMasksRcd / : frontier://FrontierProd/CMS_CONDITIONS, L1MuDTTFMasks_STARTUP_v3
  
  Time look up, payloadIds:


L1MuDTTFParametersRcd / : frontier://FrontierProd/CMS_CONDITIONS, L1MuDTTFParameters_dttf12_TSC_03_csc_col_mc
  
  Time look up, payloadIds:


L1MuGMTChannelMaskRcd / : frontier://FrontierProd/CMS_CONDITIONS, L1MuGMTChannelMask_STARTUP_v3
  
  Time look up, payloadIds:


L1MuGMTParametersRcd / : frontier://FrontierProd/CMS_CONDITIONS, L1MuGMTParameters_gmt2015_May27_min2BX_Latm2_DT9ne
  
  Time look up, payloadIds:


L1MuGMTScalesRcd / : frontier://FrontierProd/CMS_CONDITIONS, L1MuGMTScales_STARTUP_v3
  
  Time look up, payloadIds:


L1MuTriggerPtScaleRcd / : frontier://FrontierProd/CMS_CONDITIONS, L1MuTriggerPtScale_STARTUP_v3
  
  Time look up, payloadIds:


L1MuTriggerScalesRcd / : frontier://FrontierProd/CMS_CONDITIONS, L1MuTriggerScales_STARTUP_v3
  
  Time look up, payloadIds:


L1RCTChannelMaskRcd / : frontier://FrontierProd/CMS_CONDITIONS, L1RCTChannelMask_STARTUP_v3
  
  Time look up, payloadIds:


L1RCTNoisyChannelMaskRcd / : frontier://FrontierProd/CMS_CONDITIONS, L1RCTNoisyChannelMask_NoMask_mc
  
  Time look up, payloadIds:


L1RCTParametersRcd / : frontier://FrontierProd/CMS_CONDITIONS, L1RCTParametersRcd_L1TDevelCollisions_ExtendedScaleFactorsV4
  
  Time look up, payloadIds:


L1RPCBxOrConfigRcd / : frontier://FrontierProd/CMS_CONDITIONS, L1RPCBxOrConfig_LHC9_mc
  
  Time look up, payloadIds:


L1RPCConeDefinitionRcd / : frontier://FrontierProd/CMS_CONDITIONS, L1RPCConeDefinition_LHC9_mc
  
  Time look up, payloadIds:


L1RPCConfigRcd / : frontier://FrontierProd/CMS_CONDITIONS, L1RPCConfig_LHC10
  
  Time look up, payloadIds:


L1RPCHsbConfigRcd / : frontier://FrontierProd/CMS_CONDITIONS, L1RPCHsbConfig_LHC9_mc
  
  Time look up, payloadIds:


L1RPCHwConfigRcd / : frontier://FrontierProd/CMS_CONDITIONS, L1RPCHwConfig_v1[cms_orcon_prod/CMS_COND_36X_RPC]
  
  Time look up, payloadIds:


L1TCaloParamsRcd / : frontier://FrontierProd/CMS_CONDITIONS, L1TCaloParams_Stage2v3_2018_mc
  
  Time look up, payloadIds:


L1TGlobalPrescalesVetosRcd / : frontier://FrontierProd/CMS_CONDITIONS, L1TGlobalPrescalesVetos_passThrough_mc
  
  Time look up, payloadIds:


L1TMuonBarrelParamsRcd / : frontier://FrontierProd/CMS_CONDITIONS, L1TMuonBarrelParams_Stage2v1_2018_mc
  
  Time look up, payloadIds:


L1TMuonEndCapForestRcd / : frontier://FrontierProd/CMS_CONDITIONS, L1TMuonEndCapForest_static_Sq_20170613_v7_mc
  
  Time look up, payloadIds:


L1TMuonEndCapParamsRcd / : frontier://FrontierProd/CMS_CONDITIONS, L1TMuonEndCapParams_Stage2v1_2018_mc
  
  Time look up, payloadIds:


L1TMuonEndcapParamsRcd / : frontier://FrontierProd/CMS_CONDITIONS, L1TMuonEndCapParams_dummy_mc
  
  Time look up, payloadIds:


L1TMuonGlobalParamsRcd / : frontier://FrontierProd/CMS_CONDITIONS, L1TMuonGlobalParams_Stage2v0_2018_mc
  
  Time look up, payloadIds:


L1TMuonOverlapParamsRcd / : frontier://FrontierProd/CMS_CONDITIONS, L1TMuonOverlapParams_static_2016_mc
  
  Time look up, payloadIds:


L1TUtmTriggerMenuRcd / : frontier://FrontierProd/CMS_CONDITIONS, L1Menu_Collisions2018_v2_1_0-d1_xml
  
  Time look up, payloadIds:


L1TriggerKeyListRcd / : frontier://FrontierProd/CMS_CONDITIONS, L1TriggerKeyList_STARTUP_v3
  
  Time look up, payloadIds:


L1TriggerKeyRcd / : frontier://FrontierProd/CMS_CONDITIONS, L1TriggerKey_STARTUP_v3
  
  Time look up, payloadIds:


LumiSectionDataRcd / : frontier://FrontierProd/CMS_CONDITIONS, lhcscan_1
  
  Time look up, payloadIds:


MFGeometryFileRcd / 120812: frontier://FrontierProd/CMS_CONDITIONS, MFGeometry_120812
  
  Time look up, payloadIds:


MFGeometryFileRcd / 130503: frontier://FrontierProd/CMS_CONDITIONS, MFGeometry_130503
  
  Time look up, payloadIds:


MFGeometryFileRcd / 160812: frontier://FrontierProd/CMS_CONDITIONS, MFGeometry_160812
  
  Time look up, payloadIds:


MFGeometryFileRcd / 90322: frontier://FrontierProd/CMS_CONDITIONS, MFGeometry_90322
  
  Time look up, payloadIds:


MagFieldConfigRcd / 0T: frontier://FrontierProd/CMS_CONDITIONS, MFConfig_71212_0T
  
  Time look up, payloadIds:


MagFieldConfigRcd / 2T: frontier://FrontierProd/CMS_CONDITIONS, MFConfig_71212_2T
  
  Time look up, payloadIds:


MagFieldConfigRcd / 3.5T: frontier://FrontierProd/CMS_CONDITIONS, MFConfig_160812_Run2_3_5T
  
  Time look up, payloadIds:


MagFieldConfigRcd / 3.8T: frontier://FrontierProd/CMS_CONDITIONS, MFConfig_160812_Run2_3_8T
  
  Time look up, payloadIds:


MagFieldConfigRcd / 3T: frontier://FrontierProd/CMS_CONDITIONS, MFConfig_160812_Run2_3T
  
  Time look up, payloadIds:


MagFieldConfigRcd / 4T: frontier://FrontierProd/CMS_CONDITIONS, MFConfig_71212_4T
  
  Time look up, payloadIds:


PCaloTowerRcd / : frontier://FrontierProd/CMS_CONDITIONS, CTRECO_Geometry_91YV2
  
  Time look up, payloadIds:


PCastorRcd / : frontier://FrontierProd/CMS_CONDITIONS, CASTORRECO_Geometry_2015_71YV3
  
  Time look up, payloadIds:


PEcalBarrelRcd / : frontier://FrontierProd/CMS_CONDITIONS, EBRECO_Geometry_61YV4
  
  Time look up, payloadIds:


PEcalEndcapRcd / : frontier://FrontierProd/CMS_CONDITIONS, EERECO_Geometry_61YV4
  
  Time look up, payloadIds:


PEcalPreshowerRcd / : frontier://FrontierProd/CMS_CONDITIONS, EPRECO_Geometry_61YV4
  
  Time look up, payloadIds:


PFCalibrationRcd / : frontier://FrontierProd/CMS_CONDITIONS, PFCalibration_v10_mc
  
  Time look up, payloadIds:


PFCalibrationRcd / HLT: frontier://FrontierProd/CMS_CONDITIONS, PFCalibration_HLT_2018_25ns_Spring19_V1
  
  Time look up, payloadIds:


PHcalRcd / : frontier://FrontierProd/CMS_CONDITIONS, HCALRECO_Geometry_10YV4
  
  Time look up, payloadIds:


PTrackerParametersRcd / : frontier://FrontierProd/CMS_CONDITIONS, TKParameters_Geometry_92YV1
  
  Time look up, payloadIds:


PZdcRcd / : frontier://FrontierProd/CMS_CONDITIONS, ZDCRECO_Geometry_61YV4
  
  Time look up, payloadIds:


PerformancePayloadRecord / BTagTTBARMCBTAGCSVtable_v8_offline: frontier://FrontierProd/CMS_CONDITIONS, BTagTTBARMCBTAGCSVtable_v8_offline
  
  Time look up, payloadIds:


PerformancePayloadRecord / BTagTTBARMCBTAGJBPtable_v8_offline: frontier://FrontierProd/CMS_CONDITIONS, BTagTTBARMCBTAGJBPtable_v8_offline
  
  Time look up, payloadIds:


PerformancePayloadRecord / BTagTTBARMCBTAGJPtable_v8_offline: frontier://FrontierProd/CMS_CONDITIONS, BTagTTBARMCBTAGJPtable_v8_offline
  
  Time look up, payloadIds:


PerformancePayloadRecord / BTagTTBARMCBTAGSSVHEtable_v8_offline: frontier://FrontierProd/CMS_CONDITIONS, BTagTTBARMCBTAGSSVHEtable_v8_offline
  
  Time look up, payloadIds:


PerformancePayloadRecord / BTagTTBARMCBTAGSSVHPtable_v8_offline: frontier://FrontierProd/CMS_CONDITIONS, BTagTTBARMCBTAGSSVHPtable_v8_offline
  
  Time look up, payloadIds:


PerformancePayloadRecord / BTagTTBARMCBTAGTCHEtable_v8_offline: frontier://FrontierProd/CMS_CONDITIONS, BTagTTBARMCBTAGTCHEtable_v8_offline
  
  Time look up, payloadIds:


PerformancePayloadRecord / BTagTTBARMCBTAGTCHPtable_v8_offline: frontier://FrontierProd/CMS_CONDITIONS, BTagTTBARMCBTAGTCHPtable_v8_offline
  
  Time look up, payloadIds:


PerformanceWPRecord / BTagTTBARMCBTAGCSVwp_v8_offline: frontier://FrontierProd/CMS_CONDITIONS, BTagTTBARMCBTAGCSVwp_v8_offline
  
  Time look up, payloadIds:


PerformanceWPRecord / BTagTTBARMCBTAGJBPwp_v8_offline: frontier://FrontierProd/CMS_CONDITIONS, BTagTTBARMCBTAGJBPwp_v8_offline
  
  Time look up, payloadIds:


PerformanceWPRecord / BTagTTBARMCBTAGJPwp_v8_offline: frontier://FrontierProd/CMS_CONDITIONS, BTagTTBARMCBTAGJPwp_v8_offline
  
  Time look up, payloadIds:


PerformanceWPRecord / BTagTTBARMCBTAGSSVHEwp_v8_offline: frontier://FrontierProd/CMS_CONDITIONS, BTagTTBARMCBTAGSSVHEwp_v8_offline
  
  Time look up, payloadIds:


PerformanceWPRecord / BTagTTBARMCBTAGSSVHPwp_v8_offline: frontier://FrontierProd/CMS_CONDITIONS, BTagTTBARMCBTAGSSVHPwp_v8_offline
  
  Time look up, payloadIds:


PerformanceWPRecord / BTagTTBARMCBTAGTCHEwp_v8_offline: frontier://FrontierProd/CMS_CONDITIONS, BTagTTBARMCBTAGTCHEwp_v8_offline
  
  Time look up, payloadIds:


PerformanceWPRecord / BTagTTBARMCBTAGTCHPwp_v8_offline: frontier://FrontierProd/CMS_CONDITIONS, BTagTTBARMCBTAGTCHPwp_v8_offline
  
  Time look up, payloadIds:


PhotonConversionMVAComputerRcd / : frontier://FrontierProd/CMS_CONDITIONS, EgammaMVA_v1_mc
  
  Time look up, payloadIds:


QGLikelihoodRcd / QGL_AK4PF: frontier://FrontierProd/CMS_CONDITIONS, QGLikelihoodObject_v1_AK4PF
  
  Time look up, payloadIds:


QGLikelihoodRcd / QGL_AK4PF_antib: frontier://FrontierProd/CMS_CONDITIONS, QGLikelihoodObject_v1_AK4PF_antib
  
  Time look up, payloadIds:


QGLikelihoodRcd / QGL_AK4PFchs: frontier://FrontierProd/CMS_CONDITIONS, QGLikelihoodObject_v1_AK4PFchs
  
  Time look up, payloadIds:


QGLikelihoodRcd / QGL_AK4PFchs_antib: frontier://FrontierProd/CMS_CONDITIONS, QGLikelihoodObject_v1_AK4PFchs_antib
  
  Time look up, payloadIds:


RPCCPPFLinkMapRcd / : frontier://FrontierProd/CMS_CONDITIONS, RPCCPPFLinkMap_L1T_v1
  
  Time look up, payloadIds:


RPCClusterSizeRcd / : frontier://FrontierProd/CMS_CONDITIONS, RPCClusterSize_2012D_mc
  
  Time look up, payloadIds:


RPCDCCLinkMapRcd / : frontier://FrontierProd/CMS_CONDITIONS, RPCDCCLinkMap_L1T_v1
  
  Time look up, payloadIds:


RPCEMapRcd / : frontier://FrontierProd/CMS_CONDITIONS, RPCEMap_v3
  
  Time look up, payloadIds:


RPCLBLinkMapRcd / : frontier://FrontierProd/CMS_CONDITIONS, RPCLBLinkMap_L1T_v1
  
  Time look up, payloadIds:


RPCOMTFLinkMapRcd / : frontier://FrontierProd/CMS_CONDITIONS, RPCOMTFLinkMap_L1T_v1
  
  Time look up, payloadIds:


RPCRecoGeometryRcd / : frontier://FrontierProd/CMS_CONDITIONS, RPCRECO_Geometry_2015_71YV5
  
  Time look up, payloadIds:


RPCStripNoisesRcd / : frontier://FrontierProd/CMS_CONDITIONS, RPC_Eff2012_matchRE2toRE4_mc
  
  Time look up, payloadIds:


RPCTwinMuxLinkMapRcd / : frontier://FrontierProd/CMS_CONDITIONS, RPCTwinMuxLinkMap_L1T_v1
  
  Time look up, payloadIds:


RunInfoRcd / : frontier://FrontierProd/CMS_CONDITIONS, RunInfo_v1_mc
  
  Time look up, payloadIds:


SiPixel2DTemplateDBObjectRcd / : frontier://FrontierProd/CMS_CONDITIONS, SiPixel2DTemplateDBObject_phase1_38T_mc_v4_den_unirradiated
  
  Time look up, payloadIds:


SiPixel2DTemplateDBObjectRcd / denominator: frontier://FrontierProd/CMS_CONDITIONS, SiPixel2DTemplateDBObject_phase1_38T_mc_v4_den_unirradiated
  
  Time look up, payloadIds:


SiPixel2DTemplateDBObjectRcd / numerator: frontier://FrontierProd/CMS_CONDITIONS, SiPixel2DTemplateDBObject_phase1_38T_2018_ultralegacymc_v1_num
  
  Time look up, payloadIds:


SiPixelCPEGenericErrorParmRcd / : frontier://FrontierProd/CMS_CONDITIONS, SiPixelCPEGenericErrorParm
  
  Time look up, payloadIds:


SiPixelDetVOffRcd / : frontier://FrontierProd/CMS_CONDITIONS, SiPixelDetVOff_Ideal_RunBased_31X_v2_hlt
  
  Time look up, payloadIds:


SiPixelDynamicInefficiencyRcd / : frontier://FrontierProd/CMS_CONDITIONS, SiPixelDynamicInefficiency_PhaseI_v6
  
  Time look up, payloadIds:


SiPixelDynamicInefficiencyRcd / 50ns: frontier://FrontierProd/CMS_CONDITIONS, SiPixelDynamicInefficiency_13TeV_50ns_v2_mc
  
  Time look up, payloadIds:


SiPixelFedCablingMapRcd / : frontier://FrontierProd/CMS_CONDITIONS, SiPixelFedCablingMap_phase1_v7
  
  Time look up, payloadIds:


SiPixelGainCalibrationForHLTRcd / : frontier://FrontierProd/CMS_CONDITIONS, SiPixelGainCalibration_hlt_phase1_mc_v2
  
  Time look up, payloadIds:


SiPixelGainCalibrationForHLTSimRcd / : frontier://FrontierProd/CMS_CONDITIONS, SiPixelGainCalibrationForHLTSim_empty_612_slhc2_mc
  
  Time look up, payloadIds:


SiPixelGainCalibrationOfflineRcd / : frontier://FrontierProd/CMS_CONDITIONS, SiPixelGainCalibration_phase1_mc_v2
  
  Time look up, payloadIds:


SiPixelGainCalibrationOfflineSimRcd / : frontier://FrontierProd/CMS_CONDITIONS, SiPixelGainCalibrationSim_phase1_ideal_v2
  
  Time look up, payloadIds:


SiPixelGenErrorDBObjectRcd / : frontier://FrontierProd/CMS_CONDITIONS, SiPixelGenErrorDBObject_phase1_38T_2018_ultralegacymc_v1
  
  Time look up, payloadIds:


SiPixelLorentzAngleRcd / : frontier://FrontierProd/CMS_CONDITIONS, SiPixelLorentzAngle_phase1_2018_ultralegacymc_v1
  
  Time look up, payloadIds:


SiPixelLorentzAngleRcd / forWidth: frontier://FrontierProd/CMS_CONDITIONS, SiPixelLorentzAngle_phase1_2018_ultralegacymc_v1
  
  Time look up, payloadIds:


SiPixelLorentzAngleRcd / fromAlignment: frontier://FrontierProd/CMS_CONDITIONS, SiPixelLorentzAngle_fromAlignment_phase1_mc_v1
  
  Time look up, payloadIds:


SiPixelLorentzAngleSimRcd / : frontier://FrontierProd/CMS_CONDITIONS, SiPixelLorentzAngleSim_phase1_mc_v4
  
  Time look up, payloadIds:


SiPixelQualityFromDbRcd / : frontier://FrontierProd/CMS_CONDITIONS, SiPixelQuality_phase1_2018_v8_mc
  
  Time look up, payloadIds:


SiPixelQualityFromDbRcd / forDigitizer: frontier://FrontierProd/CMS_CONDITIONS, SiPixelQuality_phase1_2018_v8_mc
  
  Time look up, payloadIds:


SiPixelTemplateDBObjectRcd / : frontier://FrontierProd/CMS_CONDITIONS, SiPixelTemplateDBObject_phase1_38T_2018_ultralegacymc_v1
  
  Time look up, payloadIds:


SiPixelTemplateDBObjectRcd / 0T: frontier://FrontierProd/CMS_CONDITIONS, SiPixelTemplateDBObject_phase1_0T_mc_v2
  
  Time look up, payloadIds:


SiPixelTemplateDBObjectRcd / 2T: frontier://FrontierProd/CMS_CONDITIONS, SiPixelTemplateDBObject_2T_v3_mc
  
  Time look up, payloadIds:


SiPixelTemplateDBObjectRcd / 35T: frontier://FrontierProd/CMS_CONDITIONS, SiPixelTemplateDBObject_35T_v3_mc
  
  Time look up, payloadIds:


SiPixelTemplateDBObjectRcd / 3T: frontier://FrontierProd/CMS_CONDITIONS, SiPixelTemplateDBObject_3T_v3_mc
  
  Time look up, payloadIds:


SiPixelTemplateDBObjectRcd / 4T: frontier://FrontierProd/CMS_CONDITIONS, SiPixelTemplateDBObject_4T_v3_mc
  
  Time look up, payloadIds:


SiStripApvGain2Rcd / : frontier://FrontierProd/CMS_CONDITIONS, SiStripApvGain_FromParticles_DecoMode_v6_mc
  
  Time look up, payloadIds:


SiStripApvGainRcd / : frontier://FrontierProd/CMS_CONDITIONS, SiStripApvGain_RealisticMC_v2_mc
  
  Time look up, payloadIds:


SiStripApvGainSimRcd / : frontier://FrontierProd/CMS_CONDITIONS, SiStripApvGain_RealisticMCSim_v3_mc
  
  Time look up, payloadIds:


SiStripBackPlaneCorrectionRcd / deconvolution: frontier://FrontierProd/CMS_CONDITIONS, SiStripBackPlaneCorrection_deco_Ideal_v1_mc
  
  Time look up, payloadIds:


SiStripBackPlaneCorrectionRcd / peak: frontier://FrontierProd/CMS_CONDITIONS, SiStripBackPlaneCorrection_peak_Ideal_v1_mc
  
  Time look up, payloadIds:


SiStripBadChannelRcd / : frontier://FrontierProd/CMS_CONDITIONS, SiStripBadComponents_realisticMC_for2018_v0_mc
  
  Time look up, payloadIds:


SiStripBadFiberRcd / : frontier://FrontierProd/CMS_CONDITIONS, SiStripBadFiber_Ideal_31X_v2
  
  Time look up, payloadIds:


SiStripBadModuleRcd / : frontier://FrontierProd/CMS_CONDITIONS, SiStripBadModule_Ideal_31X_v2
  
  Time look up, payloadIds:


SiStripBadStripRcd / : frontier://FrontierProd/CMS_CONDITIONS, SiStripBadStrip_Ideal_31X_v1
  
  Time look up, payloadIds:


SiStripClusterThresholdRcd / : frontier://FrontierProd/CMS_CONDITIONS, SiStripClusterThreshold_Standard_31X_v2
  
  Time look up, payloadIds:


SiStripConfObjectRcd / : frontier://FrontierProd/CMS_CONDITIONS, SiStripShiftAndCrosstalk_Ideal_v1_mc
  
  Time look up, payloadIds:


SiStripConfObjectRcd / apvphaseoffsets: frontier://FrontierProd/CMS_CONDITIONS, SiStripAPVPhaseOffsets_v1_mc
  
  Time look up, payloadIds:


SiStripDeDxElectron_3D_Rcd / : frontier://FrontierProd/CMS_CONDITIONS, SiStripDeDxElectron_3D_30X
  
  Time look up, payloadIds:


SiStripDeDxKaon_3D_Rcd / : frontier://FrontierProd/CMS_CONDITIONS, SiStripDeDxKaon_3D_30X
  
  Time look up, payloadIds:


SiStripDeDxMip_3D_Rcd / : frontier://FrontierProd/CMS_CONDITIONS, SiStripDeDxMip3D_v04_mc
  
  Time look up, payloadIds:


SiStripDeDxPion_3D_Rcd / : frontier://FrontierProd/CMS_CONDITIONS, SiStripDeDxPion_3D_30X
  
  Time look up, payloadIds:


SiStripDeDxProton_3D_Rcd / : frontier://FrontierProd/CMS_CONDITIONS, SiStripDeDxProton_3D_30X
  
  Time look up, payloadIds:


SiStripDetVOffRcd / : frontier://FrontierProd/CMS_CONDITIONS, SiStripDetVOff_Ideal_31X_v2
  
  Time look up, payloadIds:


SiStripFedCablingRcd / : frontier://FrontierProd/CMS_CONDITIONS, SiStripFedCabling_Ideal_31X_v2
  
  Time look up, payloadIds:


SiStripLatencyRcd / : frontier://FrontierProd/CMS_CONDITIONS, SiStripLatency_MC_31X_v1
  
  Time look up, payloadIds:


SiStripLorentzAngleRcd / deconvolution: frontier://FrontierProd/CMS_CONDITIONS, SiStripLorentzAngleDeco_StartUp_31X_v2
  
  Time look up, payloadIds:


SiStripLorentzAngleSimRcd / : frontier://FrontierProd/CMS_CONDITIONS, SiStripLorentzAngle_IdealSim_31X_v2
  
  Time look up, payloadIds:


SiStripNoisesRcd / : frontier://FrontierProd/CMS_CONDITIONS, SiStripNoise_DecoMode_TickCorr_Minus15C_Fixed_v1_mc
  
  Time look up, payloadIds:


SiStripPedestalsRcd / : frontier://FrontierProd/CMS_CONDITIONS, SiStripPedestals_Ideal_31X_v2
  
  Time look up, payloadIds:


SiStripThresholdRcd / : frontier://FrontierProd/CMS_CONDITIONS, SiStripThreshold_Ideal_31X_v2
  
  Time look up, payloadIds:


TauTagMVAComputerRcd / : frontier://FrontierProd/CMS_CONDITIONS, TauNeuralClassifier_v1_mc
  
  Time look up, payloadIds:


TauTagMVAComputerRcd / hpstanc: frontier://FrontierProd/CMS_CONDITIONS, MVAComputerContainer_hpstanc_v1
  
  Time look up, payloadIds:


TrackerAlignmentErrorExtendedRcd / : frontier://FrontierProd/CMS_CONDITIONS, TrackerAlignmentExtendedErrors_Upgrade2017_realistic_v2
  
  Time look up, payloadIds:


TrackerAlignmentRcd / : frontier://FrontierProd/CMS_CONDITIONS, TrackerAlignment_MC2018_v1
  
  Time look up, payloadIds:


TrackerSurfaceDeformationRcd / : frontier://FrontierProd/CMS_CONDITIONS, TrackerAlignmentSurfaceDeformations_Upgrade2017_realistic_v0
  
  Time look up, payloadIds:


----- Begin Fatal Exception 18-Jul-2022 18:49:34 CEST-----------------------
An exception of category 'FileOpenError' occurred while
   [0] Constructing the EventProcessor
   [1] Constructing input source of type PoolSource
   [2] Calling RootInputFileSequence::initTheFile()
   [3] Calling StorageFactory::open()
   [4] Calling File::sysopen()
Exception Message:
Failed to open the file 'output_step4_L1.root'
   Additional Info:
      [a] Input file file:output_step4_L1.root could not be opened.
      [b] open() failed with system error 'No such file or directory' (error code 2)
----- End Fatal Exception -------------------------------------------------
