%MSG-w CondDBESSource:  (NoModuleName) 18-Jul-2022 18:48:51 CEST pre-events
Plugin for Record PGeometricDetExtraRcd has not been found.
%MSG
18-Jul-2022 18:48:51 CEST  Initiating request to open file file:output_step2_SIM.root
18-Jul-2022 18:48:52 CEST  Successfully opened file file:output_step2_SIM.root
Begin processing the 1st record. Run 1, Event 1, LumiSection 1 on stream 0 at 18-Jul-2022 18:48:56.916 CEST
#--------------------------------------------------------------------------
#                         FastJet release 3.4.0
#                 M. Cacciari, G.P. Salam and G. Soyez                  
#     A software package for jet finding and analysis at colliders      
#                           http://fastjet.fr                           
#	                                                                      
# Please cite EPJC72(2012)1896 [arXiv:1111.6097] if you use this package
# for scientific work and optionally PLB641(2006)57 [hep-ph/0512210].   
#                                                                       
# FastJet is provided without warranty under the GNU GPL v2 or higher.  
# It uses T. Chan's closest pair algorithm, S. Fortune's Voronoi code
# and 3rd party plugin jet algorithms. See COPYING file for details.
#--------------------------------------------------------------------------
----- Begin Fatal Exception 18-Jul-2022 18:49:12 CEST-----------------------
An exception of category 'NoRecord' occurred while
   [0] Processing  Event run: 1 lumi: 1 event: 1 stream: 0
   [1] Running path 'FEVTDEBUGHLToutput_step'
   [2] Prefetching for module PoolOutputModule/'FEVTDEBUGHLToutput'
   [3] Prefetching for module CSCDigiProducer/'simMuonCSCDigis'
   [4] Calling method for module MixingModule/'mix'
Exception Message:
No "SiPixelStatusScenarioProbabilityRcd" record found in the EventSetup.

 Please add an ESSource or ESProducer that delivers such a record.
----- End Fatal Exception -------------------------------------------------
Another exception was caught while trying to clean up files after the primary fatal exception.
18-Jul-2022 18:49:12 CEST  Closed file file:output_step2_SIM.root

=============================================

MessageLogger Summary

 type     category        sev    module        subroutine        count    total
 ---- -------------------- -- ---------------- ----------------  -----    -----
    1 CondDBESSource       -w (NoModuleName)                         1        1
    2 Additional Exception -s AfterModWriteRun                       1        1
    3 Fatal Exception      -s PostProcessPath                        1        1
    4 fileAction           -s file_close                             1        1
    5 fileAction           -s file_open                              2        2

 type    category    Examples: run/evt        run/evt          run/evt
 ---- -------------------- ---------------- ---------------- ----------------
    1 CondDBESSource       pre-events                        
    2 Additional Exceptions End Run: 1                        
    3 Fatal Exception      1/1                               
    4 fileAction           EndJob                            
    5 fileAction           pre-events       pre-events       

Severity    # Occurrences   Total Occurrences
--------    -------------   -----------------
Warning                 1                   1
System                  5                   5

dropped waiting message count 0
CondDBESSource Statistics
DataProxy 560 setInterval 282 Runs 1 Lumis 2 Refresh 0 Actual Refresh 0 Reconnect 0 Actual Reconnect 0
AlCaRecoTriggerBitsRcd / : frontier://FrontierProd/CMS_CONDITIONS, AlCaRecoHLTpaths_2017_MC_v2
  
  Time look up, payloadIds:


AlCaRecoTriggerBitsRcd / JetMETDQMTrigger: frontier://FrontierProd/CMS_CONDITIONS, AlcaRecoTriggerBits_JetMET_DQM_v0_mc
  
  Time look up, payloadIds:


AlCaRecoTriggerBitsRcd / MuonDQMTrigger: frontier://FrontierProd/CMS_CONDITIONS, AlCaRecoTriggerBits_MuonDQM_v1_mc
  
  Time look up, payloadIds:


AlCaRecoTriggerBitsRcd / SiStripDQMTrigger: frontier://FrontierProd/CMS_CONDITIONS, AlCaRecoTriggerBits_TrackerDQM_v2_mc
  
  Time look up, payloadIds:


BTagTrackProbability2DRcd / : frontier://FrontierProd/CMS_CONDITIONS, TrackProbabilityCalibration_2D_MC53X_v3
  
  Time look up, payloadIds:


BTagTrackProbability3DRcd / : frontier://FrontierProd/CMS_CONDITIONS, JPcalib_MC94X_2017_v1
  
  Time look up, payloadIds:


BTauGenericMVAJetTagComputerRcd / : frontier://FrontierProd/CMS_CONDITIONS, MVAComputerContainer_75X_JetTags_v2_mc
  
  Time look up, payloadIds:


BTauGenericMVAJetTagComputerRcd / HLT: frontier://FrontierProd/CMS_CONDITIONS, MVAComputerContainer_75X_JetTags_v6_online
  
  Time look up, payloadIds:


BeamSpotObjectsRcd / : frontier://FrontierProd/CMS_CONDITIONS, BeamSpotObjects_Realistic25ns_13TeVCollisions_Early2018_v1_mc
  
  Time look up, payloadIds:


CSCAlignmentErrorExtendedRcd / : frontier://FrontierProd/CMS_CONDITIONS, CSCAlignmentErrorsExt_2017_Asymptotic_MC_v2
  
  Time look up, payloadIds:


CSCAlignmentRcd / : frontier://FrontierProd/CMS_CONDITIONS, CSCAlignment_2017MC_v1
  
  Time look up, payloadIds:


CSCBadChambersRcd / : frontier://FrontierProd/CMS_CONDITIONS, CSCBadChambers_Realistic_v3_mc
  
  Time look up, payloadIds:
   1 - 18446744073709551615 : bdd1355f86268f350031e3fd27cd2e6d1e02b636


CSCBadStripsRcd / : frontier://FrontierProd/CMS_CONDITIONS, CSCBadStrips_empty_mc
  
  Time look up, payloadIds:


CSCBadWiresRcd / : frontier://FrontierProd/CMS_CONDITIONS, CSCBadWires_empty_mc
  
  Time look up, payloadIds:


CSCChamberMapRcd / : frontier://FrontierProd/CMS_CONDITIONS, CSCChamberMap
  
  Time look up, payloadIds:


CSCChamberTimeCorrectionsRcd / : frontier://FrontierProd/CMS_CONDITIONS, CSCChamberTimeCorrections_2018_v0_mc
  
  Time look up, payloadIds:


CSCCrateMapRcd / : frontier://FrontierProd/CMS_CONDITIONS, CSCCrateMap
  
  Time look up, payloadIds:


CSCDBChipSpeedCorrectionRcd / : frontier://FrontierProd/CMS_CONDITIONS, CSCDBChipSpeedCorrection_ungangedME11A_mc
  
  Time look up, payloadIds:


CSCDBCrosstalkRcd / : frontier://FrontierProd/CMS_CONDITIONS, CSCDBCrosstalk_ungangedME11A_v3_mc
  
  Time look up, payloadIds:
   1 - 18446744073709551615 : aa0685728b98bdae8687d9d46122a43ee9c974da


CSCDBGainsRcd / : frontier://FrontierProd/CMS_CONDITIONS, CSCDBGains_ungangedME11A_v3_mc
  
  Time look up, payloadIds:
   1 - 18446744073709551615 : e4fbbe77729f114ccc73accefdd3dc846436ab01


CSCDBGasGainCorrectionRcd / : frontier://FrontierProd/CMS_CONDITIONS, CSCDBGasGainCorrection_ungangedME11A_mc
  
  Time look up, payloadIds:


CSCDBL1TPParametersRcd / : frontier://FrontierProd/CMS_CONDITIONS, CSCDBL1TPParameters_mc
  
  Time look up, payloadIds:


CSCDBNoiseMatrixRcd / : frontier://FrontierProd/CMS_CONDITIONS, CSCDBNoiseMatrix_ungangedME11A_v3_mc
  
  Time look up, payloadIds:
   1 - 18446744073709551615 : ede5347b27a8f6d5994c74ff524ab1d9e6248750


CSCDBPedestalsRcd / : frontier://FrontierProd/CMS_CONDITIONS, CSCDBPedestals_ungangedME11A_v3_mc
  
  Time look up, payloadIds:
   1 - 18446744073709551615 : 5d21da971b1e045ddb3d8db1fd81824278c7a57d


CSCDDUMapRcd / : frontier://FrontierProd/CMS_CONDITIONS, CSCDDUMap
  
  Time look up, payloadIds:


CSCRecoDigiParametersRcd / : frontier://FrontierProd/CMS_CONDITIONS, CSCRECODIGI_Geometry_2015_71YV3
  
  Time look up, payloadIds:
   1 - 18446744073709551615 : b383dffcd92b2b7a406139cb6613aa366f98b856


CSCRecoGeometryRcd / : frontier://FrontierProd/CMS_CONDITIONS, CSCRECO_Geometry_2015_71YV3
  
  Time look up, payloadIds:
   1 - 18446744073709551615 : 5805b618f57918b9ce8a928312277acb45041bd2


CTPPSPixelAnalysisMaskRcd / : frontier://FrontierProd/CMS_CONDITIONS, CTPPSPixelAnalysisMask_mc
  
  Time look up, payloadIds:


CTPPSPixelDAQMappingRcd / : frontier://FrontierProd/CMS_CONDITIONS, CTPPSPixelDAQMapping_mc
  
  Time look up, payloadIds:


CTPPSPixelGainCalibrationsRcd / : frontier://FrontierProd/CMS_CONDITIONS, CTPPSPixelGainCalibrations_mc
  
  Time look up, payloadIds:


CastorChannelQualityRcd / : frontier://FrontierProd/CMS_CONDITIONS, CastorChannelQuality_v0.0_mc
  
  Time look up, payloadIds:
   1 - 18446744073709551615 : 6009ea9683d4221ed6e723c9b87bfee4554d4b67


CastorElectronicsMapRcd / : frontier://FrontierProd/CMS_CONDITIONS, CastorElectronicsMap_v2.01_mc
  
  Time look up, payloadIds:
   1 - 18446744073709551615 : c1f338bbca254d87a09bffa6a6afff42bd6f2091


CastorGainWidthsRcd / : frontier://FrontierProd/CMS_CONDITIONS, CastorGainWidths_v2.00_mc
  
  Time look up, payloadIds:
   1 - 18446744073709551615 : 7cc739dbc146158edcfee54ff31dcd9d787600ff


CastorGainsRcd / : frontier://FrontierProd/CMS_CONDITIONS, CastorGains_HI_v2.3_mc
  
  Time look up, payloadIds:
   1 - 18446744073709551615 : 565444b9c3870559fdb721853a8a88e97ec31a5e


CastorPedestalWidthsRcd / : frontier://FrontierProd/CMS_CONDITIONS, CastorPedestalWidths_v2.0_mc
  
  Time look up, payloadIds:
   1 - 18446744073709551615 : 77f1f6e929b8a99d8f52a85eef12fbde17214054


CastorPedestalsRcd / : frontier://FrontierProd/CMS_CONDITIONS, CastorPedestals_v2.02_mc
  
  Time look up, payloadIds:
   1 - 18446744073709551615 : 35a251b0f2e6818b69e3567617b13acdaf5cf890


CastorQIEDataRcd / : frontier://FrontierProd/CMS_CONDITIONS, CastorQIEData_v2.0_mc
  
  Time look up, payloadIds:
   1 - 18446744073709551615 : a5c17780a3dd3329ae381911eaedf21a4cb2b43a


CastorRecoParamsRcd / : frontier://FrontierProd/CMS_CONDITIONS, CastorRecoParams_v2.00_mc
  
  Time look up, payloadIds:


CastorSaturationCorrsRcd / : frontier://FrontierProd/CMS_CONDITIONS, CastorSaturationCorrs_v1.00_mc
  
  Time look up, payloadIds:


DQMReferenceHistogramRootFileRcd / : frontier://FrontierProd/CMS_CONDITIONS, DQM_RefHisto_dummy[cms_orcon_prod/CMS_COND_42X_DQM]
  
  Time look up, payloadIds:


DQMXMLFileRcd / SiPixelDQMQTests: frontier://FrontierProd/CMS_CONDITIONS, DQMXMLFile_SiPixelDQM_v1_mc
  
  Time look up, payloadIds:


DQMXMLFileRcd / SiStripDQMQTests: frontier://FrontierProd/CMS_CONDITIONS, DQMXMLFile_SiStripDQM_v1_mc
  
  Time look up, payloadIds:


DTAlignmentErrorExtendedRcd / : frontier://FrontierProd/CMS_CONDITIONS, DTAlignmentErrorsExt_2017_Asymptotic_MC
  
  Time look up, payloadIds:


DTAlignmentRcd / : frontier://FrontierProd/CMS_CONDITIONS, DTAlignment_2017_MC
  
  Time look up, payloadIds:


DTCCBConfigRcd / : frontier://FrontierProd/CMS_CONDITIONS, DTCCBConfig_NOSingleL_V05_mc
  
  Time look up, payloadIds:


DTDeadFlagRcd / : frontier://FrontierProd/CMS_CONDITIONS, DT_dead_IDEAL_v1_mc
  
  Time look up, payloadIds:


DTKeyedConfigContainerRcd / : frontier://FrontierProd/CMS_CONDITIONS, DTKeyedConfigContainer_NOSingleL_V05_mc
  
  Time look up, payloadIds:


DTKeyedConfigListRcd / : frontier://FrontierProd/CMS_CONDITIONS, DTKeyedConfigList_V01_mc
  
  Time look up, payloadIds:


DTMtimeRcd / : frontier://FrontierProd/CMS_CONDITIONS, DTVdrift_V02_mc
  
  Time look up, payloadIds:


DTReadOutMappingRcd / : frontier://FrontierProd/CMS_CONDITIONS, DT_map_compact10ddu31X_V01
  
  Time look up, payloadIds:


DTRecoConditionsUncertRcd / : frontier://FrontierProd/CMS_CONDITIONS, DTRecoConditionsRecoUncert_True_v0
  
  Time look up, payloadIds:


DTRecoGeometryRcd / : frontier://FrontierProd/CMS_CONDITIONS, DTRECO_Geometry_50YV3
  
  Time look up, payloadIds:
   1 - 18446744073709551615 : 8e79880307bb4c61796fa80b063a3ed877ed16e8


DTRecoUncertaintiesRcd / : frontier://FrontierProd/CMS_CONDITIONS, DTRecoUncertainties_v1_mc
  
  Time look up, payloadIds:


DTStatusFlagRcd / : frontier://FrontierProd/CMS_CONDITIONS, DT_noise_IDEAL_v1_mc
  
  Time look up, payloadIds:


DTT0Rcd / : frontier://FrontierProd/CMS_CONDITIONS, DTt0_STARTUP_V02_mc
  
  Time look up, payloadIds:


DTTPGParametersRcd / : frontier://FrontierProd/CMS_CONDITIONS, DTTPGParameters_V01_mc
  
  Time look up, payloadIds:


DTTtrigRcd / : frontier://FrontierProd/CMS_CONDITIONS, DTTtrig_V02_mc
  
  Time look up, payloadIds:


DTTtrigRcd / cosmics: frontier://FrontierProd/CMS_CONDITIONS, DTTtrig_V01_cosmics_mc
  
  Time look up, payloadIds:


DYTThrObjectRcd / : frontier://FrontierProd/CMS_CONDITIONS, DYTThrObject_Run2_v0_mc
  
  Time look up, payloadIds:


EBAlignmentRcd / : frontier://FrontierProd/CMS_CONDITIONS, EBAlignment_zero_offline
  
  Time look up, payloadIds:
   1 - 18446744073709551615 : 1480c559bbbdacfec514c3cbcf2eb978403efd74


EEAlignmentRcd / : frontier://FrontierProd/CMS_CONDITIONS, EEAlignment_zero_offline
  
  Time look up, payloadIds:
   1 - 18446744073709551615 : d0af9c24d98c0df34f839c6c7748768f34726e09


ESAlignmentRcd / : frontier://FrontierProd/CMS_CONDITIONS, ESAlignment_zero_offline
  
  Time look up, payloadIds:
   1 - 18446744073709551615 : 87a6f7ed4afff911ae40219f221706a74c4399ef


ESAngleCorrectionFactorsRcd / : frontier://FrontierProd/CMS_CONDITIONS, ESAngleCorrectionFactors_HG_V01_mc
  
  Time look up, payloadIds:


ESChannelStatusRcd / : frontier://FrontierProd/CMS_CONDITIONS, ESChannelStatus_LG_V09_mc
  
  Time look up, payloadIds:


ESEEIntercalibConstantsRcd / : frontier://FrontierProd/CMS_CONDITIONS, ESEEIntercalibConstants_LG_mc_default
  
  Time look up, payloadIds:


ESGainRcd / : frontier://FrontierProd/CMS_CONDITIONS, ESGain_LG_V02_mc
  
  Time look up, payloadIds:
   1 - 18446744073709551615 : 44a01066856c638fb19fbc6234f2dcfbbca9411c


ESIntercalibConstantsRcd / : frontier://FrontierProd/CMS_CONDITIONS, ESIntercalibConstants_LG_UL_2018_mc
  
  Time look up, payloadIds:
   1 - 18446744073709551615 : 285d960555a511969c27e4edebbd1ed3dd65f3b1


ESMIPToGeVConstantRcd / : frontier://FrontierProd/CMS_CONDITIONS, ESMIPToGeVConstant_HG_V02_mc
  
  Time look up, payloadIds:
   1 - 18446744073709551615 : d419ca39e0f297e9cedb8e4fe3fecf0030a18373


ESMissingEnergyCalibrationRcd / : frontier://FrontierProd/CMS_CONDITIONS, ESMissingEnergyCalibration_LG_V01_mc
  
  Time look up, payloadIds:


ESPedestalsRcd / : frontier://FrontierProd/CMS_CONDITIONS, ESPedestals_LG_UL_2018_mc
  
  Time look up, payloadIds:
   1 - 18446744073709551615 : ed6722d3e51731623126eb5d23ae74d3e7d3003d


ESRecHitRatioCutsRcd / : frontier://FrontierProd/CMS_CONDITIONS, ESRecHitRatioCuts_LG_V02_mc
  
  Time look up, payloadIds:


ESThresholdsRcd / : frontier://FrontierProd/CMS_CONDITIONS, ESThresholds_LG_V03_mc
  
  Time look up, payloadIds:
   1 - 18446744073709551615 : 97e4a9ce1e17899dc1ebd06d459c476fcc0c2cad


ESTimeSampleWeightsRcd / : frontier://FrontierProd/CMS_CONDITIONS, ESTimeSampleWeights_HG_V01_mc
  
  Time look up, payloadIds:


EcalADCToGeVConstantRcd / : frontier://FrontierProd/CMS_CONDITIONS, EcalADCToGeVConstant_UL_2018_v1_mc
  
  Time look up, payloadIds:
   1 - 18446744073709551615 : 9ebe69ff64dee1631cbd76aa5da4bf69706ef2e3


EcalChannelStatusRcd / : frontier://FrontierProd/CMS_CONDITIONS, EcalChannelStatus_UL_2018_v2_mc
  
  Time look up, payloadIds:


EcalClusterCrackCorrParametersRcd / : frontier://FrontierProd/CMS_CONDITIONS, EcalClusterCrackCorrParameters_may2009_mc
  
  Time look up, payloadIds:


EcalClusterEnergyCorrectionObjectSpecificParametersRcd / : frontier://FrontierProd/CMS_CONDITIONS, EcalClusterEnergyCorrectionObjectSpecificParameters_610_mc
  
  Time look up, payloadIds:


EcalClusterEnergyCorrectionParametersRcd / : frontier://FrontierProd/CMS_CONDITIONS, EcalClusterEnergyCorrectionParameters_2011_mc
  
  Time look up, payloadIds:


EcalClusterEnergyUncertaintyParametersRcd / : frontier://FrontierProd/CMS_CONDITIONS, EcalClusterEnergyUncertaintyParameters_may2009_mc
  
  Time look up, payloadIds:


EcalClusterLocalContCorrParametersRcd / : frontier://FrontierProd/CMS_CONDITIONS, EcalClusterLocalContCorrParameters_jun2012_mc
  
  Time look up, payloadIds:


EcalDAQTowerStatusRcd / : frontier://FrontierProd/CMS_CONDITIONS, EcalDAQTowerStatus_mc
  
  Time look up, payloadIds:


EcalDCSTowerStatusRcd / : frontier://FrontierProd/CMS_CONDITIONS, EcalDCSTowerStatus_mc
  
  Time look up, payloadIds:


EcalGainRatiosRcd / : frontier://FrontierProd/CMS_CONDITIONS, EcalGainRatios_mc
  
  Time look up, payloadIds:
   1 - 18446744073709551615 : 19d5594ef388400d82e1f403e6ed889203721f13


EcalIntercalibConstantsMCRcd / : frontier://FrontierProd/CMS_CONDITIONS, EcalIntercalibConstants_MC_Digi_2018
  
  Time look up, payloadIds:
   1 - 18446744073709551615 : 370a241462532abbd2c6f8a2d84d89d787cc0df9


EcalIntercalibConstantsRcd / : frontier://FrontierProd/CMS_CONDITIONS, EcalIntercalibConstants_MC_Reco_2018
  
  Time look up, payloadIds:


EcalIntercalibErrorsRcd / : frontier://FrontierProd/CMS_CONDITIONS, EcalIntercalibErrors_v1_mc
  
  Time look up, payloadIds:


EcalLaserAPDPNRatiosRcd / : frontier://FrontierProd/CMS_CONDITIONS, EcalLaserAPDPNRatios_UL_2018_mc_3sigma_v2
  
  Time look up, payloadIds:
   1 - 18446744073709551615 : 0ee6722fdf42ab0d7d4c78ec4f40c0159789bbaf


EcalLaserAPDPNRatiosRefRcd / : frontier://FrontierProd/CMS_CONDITIONS, EcalLaserAPDPNRatiosRef_mc
  
  Time look up, payloadIds:
   1 - 18446744073709551615 : 16b889da01d7f56626f164522f67da7d80cc79aa


EcalLaserAlphasRcd / : frontier://FrontierProd/CMS_CONDITIONS, EcalLaserAlphas_2017_mc
  
  Time look up, payloadIds:
   1 - 18446744073709551615 : a0016a14403cbb88ec659b2f990d6e0d96f0a448


EcalLinearCorrectionsRcd / : frontier://FrontierProd/CMS_CONDITIONS, EcalLinearCorrections_mc
  
  Time look up, payloadIds:
   1 - 18446744073709551615 : 25c192320bbdfc4f56d810be1b90e39beac024d8


EcalMappingElectronicsRcd / : frontier://FrontierProd/CMS_CONDITIONS, EcalMappingElectronics_EEMap_v1_mc
  
  Time look up, payloadIds:
   1 - 18446744073709551615 : 36b1ca4d1316919b8f2a16c6cea96fff180a70c5


EcalPFRecHitThresholdsRcd / : frontier://FrontierProd/CMS_CONDITIONS, EcalPFRecHitThresholds_UL_2018_2e3sig
  
  Time look up, payloadIds:


EcalPedestalsRcd / : frontier://FrontierProd/CMS_CONDITIONS, EcalPedestals_UL_2018_mc
  
  Time look up, payloadIds:
   1 - 18446744073709551615 : 5d1d24de14acfbda0f280c19acb8cf4c926657f2


EcalPulseCovariancesRcd / : frontier://FrontierProd/CMS_CONDITIONS, EcalPulseCovariances_mc
  
  Time look up, payloadIds:


EcalPulseShapesRcd / : frontier://FrontierProd/CMS_CONDITIONS, EcalPulseShapes_mc
  
  Time look up, payloadIds:


EcalSRSettingsRcd / : frontier://FrontierProd/CMS_CONDITIONS, EcalSRSettings_beam2018_option1_mc
  
  Time look up, payloadIds:
   1 - 18446744073709551615 : 109b43b321b443612c717adc3af453607b070e19


EcalSRSettingsRcd / fullReadout: frontier://FrontierProd/CMS_CONDITIONS, EcalSRSettings_fullReadout_v01_mc
  
  Time look up, payloadIds:


EcalSampleMaskRcd / : frontier://FrontierProd/CMS_CONDITIONS, EcalSampleMask_mc
  
  Time look up, payloadIds:


EcalSamplesCorrelationRcd / : frontier://FrontierProd/CMS_CONDITIONS, EcalSamplesCorrelation_mc
  
  Time look up, payloadIds:


EcalSimPulseShapeRcd / : frontier://FrontierProd/CMS_CONDITIONS, EcalSimPulseShapePhaseI
  
  Time look up, payloadIds:
   1 - 18446744073709551615 : a7df90198019da54833a2d02f43320e9cc79b019


EcalTBWeightsRcd / : frontier://FrontierProd/CMS_CONDITIONS, EcalTBWeights_3p5_time_mc
  
  Time look up, payloadIds:


EcalTPGCrystalStatusRcd / : frontier://FrontierProd/CMS_CONDITIONS, EcalTPGCrystalStatus_v2_mc
  
  Time look up, payloadIds:
   1 - 18446744073709551615 : 7e3ec7000ad2c7ece7bbbf456798d3601edd5966


EcalTPGFineGrainEBGroupRcd / : frontier://FrontierProd/CMS_CONDITIONS, EcalTPGFineGrainEBGroup_2018_mc
  
  Time look up, payloadIds:
   1 - 18446744073709551615 : ff28554bb12f51f446e9578da65a5f82c058620c


EcalTPGFineGrainEBIdMapRcd / : frontier://FrontierProd/CMS_CONDITIONS, EcalTPGFineGrainEBIdMap_2018_mc
  
  Time look up, payloadIds:
   1 - 18446744073709551615 : d0ee94a3827819503fffcc19e0b5556573a1262b


EcalTPGFineGrainStripEERcd / : frontier://FrontierProd/CMS_CONDITIONS, EcalTPGFineGrainStripEE_2018_mc
  
  Time look up, payloadIds:
   1 - 18446744073709551615 : 78cd62e73457e5aaa0e8aff1d9c7973728945374


EcalTPGFineGrainTowerEERcd / : frontier://FrontierProd/CMS_CONDITIONS, EcalTPGFineGrainTowerEE_2018_mc
  
  Time look up, payloadIds:
   1 - 18446744073709551615 : c94f871ae6efb3447b02ed0b7de881dedd01419a


EcalTPGLinearizationConstRcd / : frontier://FrontierProd/CMS_CONDITIONS, EcalTPGLinearizationConst_UL_2018_mc
  
  Time look up, payloadIds:
   1 - 18446744073709551615 : d686a4d3947b1ba9f8b41b4f7014a2c2d457ed42


EcalTPGLutGroupRcd / : frontier://FrontierProd/CMS_CONDITIONS, EcalTPGLutGroup_2018_mc
  
  Time look up, payloadIds:
   1 - 18446744073709551615 : 62a00b60dce2f8c5e53dded2425118875b87ffbf


EcalTPGLutIdMapRcd / : frontier://FrontierProd/CMS_CONDITIONS, EcalTPGLutIdMap_2018_mc_EB_4.0_2.0_EE_4.0_2.0
  
  Time look up, payloadIds:
   1 - 18446744073709551615 : c2bea2184256440f6d4ba45c73012a9503b8968f


EcalTPGPedestalsRcd / : frontier://FrontierProd/CMS_CONDITIONS, EcalTPGPedestals_UL_2018_mc
  
  Time look up, payloadIds:
   1 - 18446744073709551615 : e19b421a1719a2c67b58cad245dd4bcf27a95cfc


EcalTPGPhysicsConstRcd / : frontier://FrontierProd/CMS_CONDITIONS, EcalTPGPhysicsConst_2018_mc_EB_4.0_2.0_EE_4.0_2.0
  
  Time look up, payloadIds:


EcalTPGSlidingWindowRcd / : frontier://FrontierProd/CMS_CONDITIONS, EcalTPGSlidingWindow_2018_mc
  
  Time look up, payloadIds:
   1 - 18446744073709551615 : ae4ea5502b3f2f9d18b3ba03e7bc4a66bc5c04e3


EcalTPGSpikeRcd / : frontier://FrontierProd/CMS_CONDITIONS, EcalTPGSpike_2018_mc
  
  Time look up, payloadIds:
   1 - 18446744073709551615 : e5a13123dca06811fa2373c0bdd1f9c97c4f0e13


EcalTPGStripStatusRcd / : frontier://FrontierProd/CMS_CONDITIONS, EcalTPGStripStatus_mc
  
  Time look up, payloadIds:
   1 - 18446744073709551615 : f43255486fdd88774c7dc1106734c3fe782aa724


EcalTPGTowerStatusRcd / : frontier://FrontierProd/CMS_CONDITIONS, EcalTPGTowerStatus_startup_mc
  
  Time look up, payloadIds:
   1 - 18446744073709551615 : 0a4644e521480a4df0ff37f21862b2c02f02a3e9


EcalTPGWeightGroupRcd / : frontier://FrontierProd/CMS_CONDITIONS, EcalTPGWeightGroup_2018_mc
  
  Time look up, payloadIds:
   1 - 18446744073709551615 : 328e4a3c01fcafac9b9d76de984cd8c728016d53


EcalTPGWeightIdMapRcd / : frontier://FrontierProd/CMS_CONDITIONS, EcalTPGWeightIdMap_2018_mc
  
  Time look up, payloadIds:
   1 - 18446744073709551615 : 278a9e4b9c2c2a99b3aae0a9700b1c9981ee937b


EcalTimeBiasCorrectionsRcd / : frontier://FrontierProd/CMS_CONDITIONS, EcalTimeBiasCorrections_mc
  
  Time look up, payloadIds:


EcalTimeCalibConstantsRcd / : frontier://FrontierProd/CMS_CONDITIONS, EcalTimeCalibConstants_mc
  
  Time look up, payloadIds:


EcalTimeOffsetConstantRcd / : frontier://FrontierProd/CMS_CONDITIONS, EcalTimeOffsetConstant_v01_mc
  
  Time look up, payloadIds:


EcalWeightXtalGroupsRcd / : frontier://FrontierProd/CMS_CONDITIONS, EcalWeightXtalGroups_EBEE_mc
  
  Time look up, payloadIds:


GBRDWrapperRcd / ecalPFClusterCor2017V2_EB_Full_ptbin1_mean_25ns: frontier://FrontierProd/CMS_CONDITIONS, ecalPFClusterCor2018V1_EB_Full_ptbin1_mean_25ns
  
  Time look up, payloadIds:


GBRDWrapperRcd / ecalPFClusterCor2017V2_EB_Full_ptbin1_sigma_25ns: frontier://FrontierProd/CMS_CONDITIONS, ecalPFClusterCor2018V1_EB_Full_ptbin1_sigma_25ns
  
  Time look up, payloadIds:


GBRDWrapperRcd / ecalPFClusterCor2017V2_EB_Full_ptbin2_mean_25ns: frontier://FrontierProd/CMS_CONDITIONS, ecalPFClusterCor2018V1_EB_Full_ptbin2_mean_25ns
  
  Time look up, payloadIds:


GBRDWrapperRcd / ecalPFClusterCor2017V2_EB_Full_ptbin2_sigma_25ns: frontier://FrontierProd/CMS_CONDITIONS, ecalPFClusterCor2018V1_EB_Full_ptbin2_sigma_25ns
  
  Time look up, payloadIds:


GBRDWrapperRcd / ecalPFClusterCor2017V2_EB_Full_ptbin3_mean_25ns: frontier://FrontierProd/CMS_CONDITIONS, ecalPFClusterCor2018V1_EB_Full_ptbin3_mean_25ns
  
  Time look up, payloadIds:


GBRDWrapperRcd / ecalPFClusterCor2017V2_EB_Full_ptbin3_sigma_25ns: frontier://FrontierProd/CMS_CONDITIONS, ecalPFClusterCor2018V1_EB_Full_ptbin3_sigma_25ns
  
  Time look up, payloadIds:


GBRDWrapperRcd / ecalPFClusterCor2017V2_EB_ZS_mean_25ns: frontier://FrontierProd/CMS_CONDITIONS, ecalPFClusterCor2018V1_EB_ZS_mean_25ns
  
  Time look up, payloadIds:


GBRDWrapperRcd / ecalPFClusterCor2017V2_EB_ZS_sigma_25ns: frontier://FrontierProd/CMS_CONDITIONS, ecalPFClusterCor2018V1_EB_ZS_sigma_25ns
  
  Time look up, payloadIds:


GBRDWrapperRcd / ecalPFClusterCor2017V2_EE_Full_ptbin1_mean_25ns: frontier://FrontierProd/CMS_CONDITIONS, ecalPFClusterCor2018V1_EE_Full_ptbin1_mean_25ns
  
  Time look up, payloadIds:


GBRDWrapperRcd / ecalPFClusterCor2017V2_EE_Full_ptbin1_sigma_25ns: frontier://FrontierProd/CMS_CONDITIONS, ecalPFClusterCor2018V1_EE_Full_ptbin1_sigma_25ns
  
  Time look up, payloadIds:


GBRDWrapperRcd / ecalPFClusterCor2017V2_EE_Full_ptbin2_mean_25ns: frontier://FrontierProd/CMS_CONDITIONS, ecalPFClusterCor2018V1_EE_Full_ptbin2_mean_25ns
  
  Time look up, payloadIds:


GBRDWrapperRcd / ecalPFClusterCor2017V2_EE_Full_ptbin2_sigma_25ns: frontier://FrontierProd/CMS_CONDITIONS, ecalPFClusterCor2018V1_EE_Full_ptbin2_sigma_25ns
  
  Time look up, payloadIds:


GBRDWrapperRcd / ecalPFClusterCor2017V2_EE_Full_ptbin3_mean_25ns: frontier://FrontierProd/CMS_CONDITIONS, ecalPFClusterCor2018V1_EE_Full_ptbin3_mean_25ns
  
  Time look up, payloadIds:


GBRDWrapperRcd / ecalPFClusterCor2017V2_EE_Full_ptbin3_sigma_25ns: frontier://FrontierProd/CMS_CONDITIONS, ecalPFClusterCor2018V1_EE_Full_ptbin3_sigma_25ns
  
  Time look up, payloadIds:


GBRDWrapperRcd / ecalPFClusterCor2017V2_EE_ZS_mean_25ns: frontier://FrontierProd/CMS_CONDITIONS, ecalPFClusterCor2018V1_EE_ZS_mean_25ns
  
  Time look up, payloadIds:


GBRDWrapperRcd / ecalPFClusterCor2017V2_EE_ZS_sigma_25ns: frontier://FrontierProd/CMS_CONDITIONS, ecalPFClusterCor2018V1_EE_ZS_sigma_25ns
  
  Time look up, payloadIds:


GBRDWrapperRcd / ecalPFClusterCorV2_EB_pfSize1_mean_25ns: frontier://FrontierProd/CMS_CONDITIONS, ecalPFClusterCorV2_EB_pfSize1_mean_25ns
  
  Time look up, payloadIds:


GBRDWrapperRcd / ecalPFClusterCorV2_EB_pfSize1_mean_50ns: frontier://FrontierProd/CMS_CONDITIONS, ecalPFClusterCorV2_EB_pfSize1_mean_50ns
  
  Time look up, payloadIds:


GBRDWrapperRcd / ecalPFClusterCorV2_EB_pfSize1_sigma_25ns: frontier://FrontierProd/CMS_CONDITIONS, ecalPFClusterCorV2_EB_pfSize1_sigma_25ns
  
  Time look up, payloadIds:


GBRDWrapperRcd / ecalPFClusterCorV2_EB_pfSize1_sigma_50ns: frontier://FrontierProd/CMS_CONDITIONS, ecalPFClusterCorV2_EB_pfSize1_sigma_50ns
  
  Time look up, payloadIds:


GBRDWrapperRcd / ecalPFClusterCorV2_EB_pfSize2_mean_25ns: frontier://FrontierProd/CMS_CONDITIONS, ecalPFClusterCorV2_EB_pfSize2_mean_25ns
  
  Time look up, payloadIds:


GBRDWrapperRcd / ecalPFClusterCorV2_EB_pfSize2_mean_50ns: frontier://FrontierProd/CMS_CONDITIONS, ecalPFClusterCorV2_EB_pfSize2_mean_50ns
  
  Time look up, payloadIds:


GBRDWrapperRcd / ecalPFClusterCorV2_EB_pfSize2_sigma_25ns: frontier://FrontierProd/CMS_CONDITIONS, ecalPFClusterCorV2_EB_pfSize2_sigma_25ns
  
  Time look up, payloadIds:


GBRDWrapperRcd / ecalPFClusterCorV2_EB_pfSize2_sigma_50ns: frontier://FrontierProd/CMS_CONDITIONS, ecalPFClusterCorV2_EB_pfSize2_sigma_50ns
  
  Time look up, payloadIds:


GBRDWrapperRcd / ecalPFClusterCorV2_EB_pfSize3_ptbin1_mean_25ns: frontier://FrontierProd/CMS_CONDITIONS, ecalPFClusterCorV2_EB_pfSize3_ptbin1_mean_25ns
  
  Time look up, payloadIds:


GBRDWrapperRcd / ecalPFClusterCorV2_EB_pfSize3_ptbin1_mean_50ns: frontier://FrontierProd/CMS_CONDITIONS, ecalPFClusterCorV2_EB_pfSize3_ptbin1_mean_50ns
  
  Time look up, payloadIds:


GBRDWrapperRcd / ecalPFClusterCorV2_EB_pfSize3_ptbin1_sigma_25ns: frontier://FrontierProd/CMS_CONDITIONS, ecalPFClusterCorV2_EB_pfSize3_ptbin1_sigma_25ns
  
  Time look up, payloadIds:


GBRDWrapperRcd / ecalPFClusterCorV2_EB_pfSize3_ptbin1_sigma_50ns: frontier://FrontierProd/CMS_CONDITIONS, ecalPFClusterCorV2_EB_pfSize3_ptbin1_sigma_50ns
  
  Time look up, payloadIds:


GBRDWrapperRcd / ecalPFClusterCorV2_EB_pfSize3_ptbin2_mean_25ns: frontier://FrontierProd/CMS_CONDITIONS, ecalPFClusterCorV2_EB_pfSize3_ptbin2_mean_25ns
  
  Time look up, payloadIds:


GBRDWrapperRcd / ecalPFClusterCorV2_EB_pfSize3_ptbin2_mean_50ns: frontier://FrontierProd/CMS_CONDITIONS, ecalPFClusterCorV2_EB_pfSize3_ptbin2_mean_50ns
  
  Time look up, payloadIds:


GBRDWrapperRcd / ecalPFClusterCorV2_EB_pfSize3_ptbin2_sigma_25ns: frontier://FrontierProd/CMS_CONDITIONS, ecalPFClusterCorV2_EB_pfSize3_ptbin2_sigma_25ns
  
  Time look up, payloadIds:


GBRDWrapperRcd / ecalPFClusterCorV2_EB_pfSize3_ptbin2_sigma_50ns: frontier://FrontierProd/CMS_CONDITIONS, ecalPFClusterCorV2_EB_pfSize3_ptbin2_sigma_50ns
  
  Time look up, payloadIds:


GBRDWrapperRcd / ecalPFClusterCorV2_EB_pfSize3_ptbin3_mean_25ns: frontier://FrontierProd/CMS_CONDITIONS, ecalPFClusterCorV2_EB_pfSize3_ptbin3_mean_25ns
  
  Time look up, payloadIds:


GBRDWrapperRcd / ecalPFClusterCorV2_EB_pfSize3_ptbin3_mean_50ns: frontier://FrontierProd/CMS_CONDITIONS, ecalPFClusterCorV2_EB_pfSize3_ptbin3_mean_50ns
  
  Time look up, payloadIds:


GBRDWrapperRcd / ecalPFClusterCorV2_EB_pfSize3_ptbin3_sigma_25ns: frontier://FrontierProd/CMS_CONDITIONS, ecalPFClusterCorV2_EB_pfSize3_ptbin3_sigma_25ns
  
  Time look up, payloadIds:


GBRDWrapperRcd / ecalPFClusterCorV2_EB_pfSize3_ptbin3_sigma_50ns: frontier://FrontierProd/CMS_CONDITIONS, ecalPFClusterCorV2_EB_pfSize3_ptbin3_sigma_50ns
  
  Time look up, payloadIds:


GBRDWrapperRcd / ecalPFClusterCorV2_EE_pfSize1_mean_25ns: frontier://FrontierProd/CMS_CONDITIONS, ecalPFClusterCorV2_EE_pfSize1_mean_25ns
  
  Time look up, payloadIds:


GBRDWrapperRcd / ecalPFClusterCorV2_EE_pfSize1_mean_50ns: frontier://FrontierProd/CMS_CONDITIONS, ecalPFClusterCorV2_EE_pfSize1_mean_50ns
  
  Time look up, payloadIds:


GBRDWrapperRcd / ecalPFClusterCorV2_EE_pfSize1_sigma_25ns: frontier://FrontierProd/CMS_CONDITIONS, ecalPFClusterCorV2_EE_pfSize1_sigma_25ns
  
  Time look up, payloadIds:


GBRDWrapperRcd / ecalPFClusterCorV2_EE_pfSize1_sigma_50ns: frontier://FrontierProd/CMS_CONDITIONS, ecalPFClusterCorV2_EE_pfSize1_sigma_50ns
  
  Time look up, payloadIds:


GBRDWrapperRcd / ecalPFClusterCorV2_EE_pfSize2_mean_25ns: frontier://FrontierProd/CMS_CONDITIONS, ecalPFClusterCorV2_EE_pfSize2_mean_25ns
  
  Time look up, payloadIds:


GBRDWrapperRcd / ecalPFClusterCorV2_EE_pfSize2_mean_50ns: frontier://FrontierProd/CMS_CONDITIONS, ecalPFClusterCorV2_EE_pfSize2_mean_50ns
  
  Time look up, payloadIds:


GBRDWrapperRcd / ecalPFClusterCorV2_EE_pfSize2_sigma_25ns: frontier://FrontierProd/CMS_CONDITIONS, ecalPFClusterCorV2_EE_pfSize2_sigma_25ns
  
  Time look up, payloadIds:


GBRDWrapperRcd / ecalPFClusterCorV2_EE_pfSize2_sigma_50ns: frontier://FrontierProd/CMS_CONDITIONS, ecalPFClusterCorV2_EE_pfSize2_sigma_50ns
  
  Time look up, payloadIds:


GBRDWrapperRcd / ecalPFClusterCorV2_EE_pfSize3_ptbin1_mean_25ns: frontier://FrontierProd/CMS_CONDITIONS, ecalPFClusterCorV2_EE_pfSize3_ptbin1_mean_25ns
  
  Time look up, payloadIds:


GBRDWrapperRcd / ecalPFClusterCorV2_EE_pfSize3_ptbin1_mean_50ns: frontier://FrontierProd/CMS_CONDITIONS, ecalPFClusterCorV2_EE_pfSize3_ptbin1_mean_50ns
  
  Time look up, payloadIds:


GBRDWrapperRcd / ecalPFClusterCorV2_EE_pfSize3_ptbin1_sigma_25ns: frontier://FrontierProd/CMS_CONDITIONS, ecalPFClusterCorV2_EE_pfSize3_ptbin1_sigma_25ns
  
  Time look up, payloadIds:


GBRDWrapperRcd / ecalPFClusterCorV2_EE_pfSize3_ptbin1_sigma_50ns: frontier://FrontierProd/CMS_CONDITIONS, ecalPFClusterCorV2_EE_pfSize3_ptbin1_sigma_50ns
  
  Time look up, payloadIds:


GBRDWrapperRcd / ecalPFClusterCorV2_EE_pfSize3_ptbin2_mean_25ns: frontier://FrontierProd/CMS_CONDITIONS, ecalPFClusterCorV2_EE_pfSize3_ptbin2_mean_25ns
  
  Time look up, payloadIds:


GBRDWrapperRcd / ecalPFClusterCorV2_EE_pfSize3_ptbin2_mean_50ns: frontier://FrontierProd/CMS_CONDITIONS, ecalPFClusterCorV2_EE_pfSize3_ptbin2_mean_50ns
  
  Time look up, payloadIds:


GBRDWrapperRcd / ecalPFClusterCorV2_EE_pfSize3_ptbin2_sigma_25ns: frontier://FrontierProd/CMS_CONDITIONS, ecalPFClusterCorV2_EE_pfSize3_ptbin2_sigma_25ns
  
  Time look up, payloadIds:


GBRDWrapperRcd / ecalPFClusterCorV2_EE_pfSize3_ptbin2_sigma_50ns: frontier://FrontierProd/CMS_CONDITIONS, ecalPFClusterCorV2_EE_pfSize3_ptbin2_sigma_50ns
  
  Time look up, payloadIds:


GBRDWrapperRcd / ecalPFClusterCorV2_EE_pfSize3_ptbin3_mean_25ns: frontier://FrontierProd/CMS_CONDITIONS, ecalPFClusterCorV2_EE_pfSize3_ptbin3_mean_25ns
  
  Time look up, payloadIds:


GBRDWrapperRcd / ecalPFClusterCorV2_EE_pfSize3_ptbin3_mean_50ns: frontier://FrontierProd/CMS_CONDITIONS, ecalPFClusterCorV2_EE_pfSize3_ptbin3_mean_50ns
  
  Time look up, payloadIds:


GBRDWrapperRcd / ecalPFClusterCorV2_EE_pfSize3_ptbin3_sigma_25ns: frontier://FrontierProd/CMS_CONDITIONS, ecalPFClusterCorV2_EE_pfSize3_ptbin3_sigma_25ns
  
  Time look up, payloadIds:


GBRDWrapperRcd / ecalPFClusterCorV2_EE_pfSize3_ptbin3_sigma_50ns: frontier://FrontierProd/CMS_CONDITIONS, ecalPFClusterCorV2_EE_pfSize3_ptbin3_sigma_50ns
  
  Time look up, payloadIds:


GBRDWrapperRcd / electron_eb_ECALTRK: frontier://FrontierProd/CMS_CONDITIONS, GEDelectron_track_EBCorrection_80X_EGM_v4
  
  Time look up, payloadIds:


GBRDWrapperRcd / electron_eb_ECALTRK_lowpt: frontier://FrontierProd/CMS_CONDITIONS, GEDelectron_track_lowpt_EBCorrection_80X_EGM_v4
  
  Time look up, payloadIds:


GBRDWrapperRcd / electron_eb_ECALTRK_lowpt_var: frontier://FrontierProd/CMS_CONDITIONS, GEDelectron_track_lowpt_EBUncertainty_80X_EGM_v4
  
  Time look up, payloadIds:


GBRDWrapperRcd / electron_eb_ECALTRK_var: frontier://FrontierProd/CMS_CONDITIONS, GEDelectron_track_EBUncertainty_80X_EGM_v4
  
  Time look up, payloadIds:


GBRDWrapperRcd / electron_eb_ECALonly: frontier://FrontierProd/CMS_CONDITIONS, GEDelectron_EBCorrection_80X_EGM_v4
  
  Time look up, payloadIds:


GBRDWrapperRcd / electron_eb_ECALonly_lowpt: frontier://FrontierProd/CMS_CONDITIONS, GEDelectron_lowpt_EBCorrection_80X_EGM_v4
  
  Time look up, payloadIds:


GBRDWrapperRcd / electron_eb_ECALonly_lowpt_var: frontier://FrontierProd/CMS_CONDITIONS, GEDelectron_lowpt_EBUncertainty_80X_EGM_v4
  
  Time look up, payloadIds:


GBRDWrapperRcd / electron_eb_ECALonly_var: frontier://FrontierProd/CMS_CONDITIONS, GEDelectron_EBUncertainty_80X_EGM_v4
  
  Time look up, payloadIds:


GBRDWrapperRcd / electron_ee_ECALTRK: frontier://FrontierProd/CMS_CONDITIONS, GEDelectron_track_EECorrection_80X_EGM_v4
  
  Time look up, payloadIds:


GBRDWrapperRcd / electron_ee_ECALTRK_lowpt: frontier://FrontierProd/CMS_CONDITIONS, GEDelectron_track_lowpt_EECorrection_80X_EGM_v4
  
  Time look up, payloadIds:


GBRDWrapperRcd / electron_ee_ECALTRK_lowpt_var: frontier://FrontierProd/CMS_CONDITIONS, GEDelectron_track_lowpt_EEUncertainty_80X_EGM_v4
  
  Time look up, payloadIds:


GBRDWrapperRcd / electron_ee_ECALTRK_var: frontier://FrontierProd/CMS_CONDITIONS, GEDelectron_track_EEUncertainty_80X_EGM_v4
  
  Time look up, payloadIds:


GBRDWrapperRcd / electron_ee_ECALonly: frontier://FrontierProd/CMS_CONDITIONS, GEDelectron_EECorrection_80X_EGM_v4
  
  Time look up, payloadIds:


GBRDWrapperRcd / electron_ee_ECALonly_lowpt: frontier://FrontierProd/CMS_CONDITIONS, GEDelectron_lowpt_EECorrection_80X_EGM_v4
  
  Time look up, payloadIds:


GBRDWrapperRcd / electron_ee_ECALonly_lowpt_var: frontier://FrontierProd/CMS_CONDITIONS, GEDelectron_lowpt_EEUncertainty_80X_EGM_v4
  
  Time look up, payloadIds:


GBRDWrapperRcd / electron_ee_ECALonly_var: frontier://FrontierProd/CMS_CONDITIONS, GEDelectron_EEUncertainty_80X_EGM_v4
  
  Time look up, payloadIds:


GBRDWrapperRcd / gedelectron_EBCorrection_25ns: frontier://FrontierProd/CMS_CONDITIONS, GBRForestD_gedelectron_EBCorrection_25ns_v0
  
  Time look up, payloadIds:


GBRDWrapperRcd / gedelectron_EBCorrection_50ns: frontier://FrontierProd/CMS_CONDITIONS, GBRForestD_gedelectron_EBCorrection_50ns_v0
  
  Time look up, payloadIds:


GBRDWrapperRcd / gedelectron_EBUncertainty_25ns: frontier://FrontierProd/CMS_CONDITIONS, GBRForestD_gedelectron_EBUncertainty_25ns_v0
  
  Time look up, payloadIds:


GBRDWrapperRcd / gedelectron_EBUncertainty_50ns: frontier://FrontierProd/CMS_CONDITIONS, GBRForestD_gedelectron_EBUncertainty_50ns_v0
  
  Time look up, payloadIds:


GBRDWrapperRcd / gedelectron_EECorrection_25ns: frontier://FrontierProd/CMS_CONDITIONS, GBRForestD_gedelectron_EECorrection_25ns_v0
  
  Time look up, payloadIds:


GBRDWrapperRcd / gedelectron_EECorrection_50ns: frontier://FrontierProd/CMS_CONDITIONS, GBRForestD_gedelectron_EECorrection_50ns_v0
  
  Time look up, payloadIds:


GBRDWrapperRcd / gedelectron_EEUncertainty_25ns: frontier://FrontierProd/CMS_CONDITIONS, GBRForestD_gedelectron_EEUncertainty_25ns_v0
  
  Time look up, payloadIds:


GBRDWrapperRcd / gedelectron_EEUncertainty_50ns: frontier://FrontierProd/CMS_CONDITIONS, GBRForestD_gedelectron_EEUncertainty_50ns_v0
  
  Time look up, payloadIds:


GBRDWrapperRcd / gedphoton_EBCorrection_25ns: frontier://FrontierProd/CMS_CONDITIONS, GBRForestD_gedphoton_EBCorrection_25ns_v1
  
  Time look up, payloadIds:


GBRDWrapperRcd / gedphoton_EBCorrection_50ns: frontier://FrontierProd/CMS_CONDITIONS, GBRForestD_gedphoton_EBCorrection_50ns_v0
  
  Time look up, payloadIds:


GBRDWrapperRcd / gedphoton_EBUncertainty_25ns: frontier://FrontierProd/CMS_CONDITIONS, GBRForestD_gedphoton_EBUncertainty_25ns_v1
  
  Time look up, payloadIds:


GBRDWrapperRcd / gedphoton_EBUncertainty_50ns: frontier://FrontierProd/CMS_CONDITIONS, GBRForestD_gedphoton_EBUncertainty_50ns_v0
  
  Time look up, payloadIds:


GBRDWrapperRcd / gedphoton_EECorrection_25ns: frontier://FrontierProd/CMS_CONDITIONS, GBRForestD_gedphoton_EECorrection_25ns_v1
  
  Time look up, payloadIds:


GBRDWrapperRcd / gedphoton_EECorrection_50ns: frontier://FrontierProd/CMS_CONDITIONS, GBRForestD_gedphoton_EECorrection_50ns_v0
  
  Time look up, payloadIds:


GBRDWrapperRcd / gedphoton_EEUncertainty_25ns: frontier://FrontierProd/CMS_CONDITIONS, GBRForestD_gedphoton_EEUncertainty_25ns_v1
  
  Time look up, payloadIds:


GBRDWrapperRcd / gedphoton_EEUncertainty_50ns: frontier://FrontierProd/CMS_CONDITIONS, GBRForestD_gedphoton_EEUncertainty_50ns_v0
  
  Time look up, payloadIds:


GBRDWrapperRcd / pfscecal_EBCorrection_offline_v2: frontier://FrontierProd/CMS_CONDITIONS, pfscecal_EBCorrection_offline_v2
  
  Time look up, payloadIds:


GBRDWrapperRcd / pfscecal_EBCorrection_online: frontier://FrontierProd/CMS_CONDITIONS, pfscecal_EBCorrection_online_v0
  
  Time look up, payloadIds:


GBRDWrapperRcd / pfscecal_EBUncertainty_offline_v2: frontier://FrontierProd/CMS_CONDITIONS, pfscecal_EBUncertainty_offline_v2
  
  Time look up, payloadIds:


GBRDWrapperRcd / pfscecal_EBUncertainty_online: frontier://FrontierProd/CMS_CONDITIONS, pfscecal_EBUncertainty_online_v0
  
  Time look up, payloadIds:


GBRDWrapperRcd / pfscecal_EECorrection_offline_v2: frontier://FrontierProd/CMS_CONDITIONS, pfscecal_EECorrection_offline_v2
  
  Time look up, payloadIds:


GBRDWrapperRcd / pfscecal_EECorrection_online: frontier://FrontierProd/CMS_CONDITIONS, pfscecal_EECorrection_online_v0
  
  Time look up, payloadIds:


GBRDWrapperRcd / pfscecal_EEUncertainty_offline_v2: frontier://FrontierProd/CMS_CONDITIONS, pfscecal_EEUncertainty_offline_v2
  
  Time look up, payloadIds:


GBRDWrapperRcd / pfscecal_EEUncertainty_online: frontier://FrontierProd/CMS_CONDITIONS, pfscecal_EEUncertainty_online_v0
  
  Time look up, payloadIds:


GBRDWrapperRcd / photon_eb_ECALonly: frontier://FrontierProd/CMS_CONDITIONS, GEDphoton_EBCorrection_80X_EGM_v4
  
  Time look up, payloadIds:


GBRDWrapperRcd / photon_eb_ECALonly_lowpt: frontier://FrontierProd/CMS_CONDITIONS, GEDphoton_lowpt_EBCorrection_80X_EGM_v4
  
  Time look up, payloadIds:


GBRDWrapperRcd / photon_eb_ECALonly_lowpt_var: frontier://FrontierProd/CMS_CONDITIONS, GEDphoton_lowpt_EBUncertainty_80X_EGM_v4
  
  Time look up, payloadIds:


GBRDWrapperRcd / photon_eb_ECALonly_var: frontier://FrontierProd/CMS_CONDITIONS, GEDphoton_EBUncertainty_80X_EGM_v4
  
  Time look up, payloadIds:


GBRDWrapperRcd / photon_ee_ECALonly: frontier://FrontierProd/CMS_CONDITIONS, GEDphoton_EECorrection_80X_EGM_v4
  
  Time look up, payloadIds:


GBRDWrapperRcd / photon_ee_ECALonly_lowpt: frontier://FrontierProd/CMS_CONDITIONS, GEDphoton_lowpt_EECorrection_80X_EGM_v4
  
  Time look up, payloadIds:


GBRDWrapperRcd / photon_ee_ECALonly_lowpt_var: frontier://FrontierProd/CMS_CONDITIONS, GEDphoton_lowpt_EEUncertainty_80X_EGM_v4
  
  Time look up, payloadIds:


GBRDWrapperRcd / photon_ee_ECALonly_var: frontier://FrontierProd/CMS_CONDITIONS, GEDphoton_EEUncertainty_80X_EGM_v4
  
  Time look up, payloadIds:


GBRWrapperRcd / MVADuplicate: frontier://FrontierProd/CMS_CONDITIONS, GBRForest_MVADuplicate_v0_offline
  
  Time look up, payloadIds:


GBRWrapperRcd / MVASelectorDetachedQuadStep_Phase1: frontier://FrontierProd/CMS_CONDITIONS, GBRForest_MVASelectorDetachedQuadStep_Phase1_v2_offline
  
  Time look up, payloadIds:


GBRWrapperRcd / MVASelectorDetachedTripletStep_Phase1: frontier://FrontierProd/CMS_CONDITIONS, GBRForest_MVASelectorDetachedTripletStep_Phase1_v2_offline
  
  Time look up, payloadIds:


GBRWrapperRcd / MVASelectorHighPtTripletStep_Phase1: frontier://FrontierProd/CMS_CONDITIONS, GBRForest_MVASelectorHighPtTripletStep_Phase1_v2_offline
  
  Time look up, payloadIds:


GBRWrapperRcd / MVASelectorInitialStep_Phase1: frontier://FrontierProd/CMS_CONDITIONS, GBRForest_MVASelectorInitialStep_Phase1_v2_offline
  
  Time look up, payloadIds:


GBRWrapperRcd / MVASelectorIter0: frontier://FrontierProd/CMS_CONDITIONS, GBRForest_MVASelectorIter0_v0_offline
  
  Time look up, payloadIds:


GBRWrapperRcd / MVASelectorIter0_13TeV: frontier://FrontierProd/CMS_CONDITIONS, GBRForest_MVASelectorIter0_13TeV_v1_offline
  
  Time look up, payloadIds:


GBRWrapperRcd / MVASelectorIter1: frontier://FrontierProd/CMS_CONDITIONS, GBRForest_MVASelectorIter1_v0_offline
  
  Time look up, payloadIds:


GBRWrapperRcd / MVASelectorIter1_13TeV: frontier://FrontierProd/CMS_CONDITIONS, GBRForest_MVASelectorIter1_13TeV_v1_offline
  
  Time look up, payloadIds:


GBRWrapperRcd / MVASelectorIter2: frontier://FrontierProd/CMS_CONDITIONS, GBRForest_MVASelectorIter2_v0_offline
  
  Time look up, payloadIds:


GBRWrapperRcd / MVASelectorIter2_13TeV: frontier://FrontierProd/CMS_CONDITIONS, GBRForest_MVASelectorIter2_13TeV_v1_offline
  
  Time look up, payloadIds:


GBRWrapperRcd / MVASelectorIter3: frontier://FrontierProd/CMS_CONDITIONS, GBRForest_MVASelectorIter3_v0_offline
  
  Time look up, payloadIds:


GBRWrapperRcd / MVASelectorIter3_13TeV: frontier://FrontierProd/CMS_CONDITIONS, GBRForest_MVASelectorIter3_13TeV_v1_offline
  
  Time look up, payloadIds:


GBRWrapperRcd / MVASelectorIter4: frontier://FrontierProd/CMS_CONDITIONS, GBRForest_MVASelectorIter4_v0_offline
  
  Time look up, payloadIds:


GBRWrapperRcd / MVASelectorIter4_13TeV: frontier://FrontierProd/CMS_CONDITIONS, GBRForest_MVASelectorIter4_13TeV_v1_offline
  
  Time look up, payloadIds:


GBRWrapperRcd / MVASelectorIter5: frontier://FrontierProd/CMS_CONDITIONS, GBRForest_MVASelectorIter5_v0_offline
  
  Time look up, payloadIds:


GBRWrapperRcd / MVASelectorIter5_13TeV: frontier://FrontierProd/CMS_CONDITIONS, GBRForest_MVASelectorIter5_13TeV_v1_offline
  
  Time look up, payloadIds:


GBRWrapperRcd / MVASelectorIter6: frontier://FrontierProd/CMS_CONDITIONS, GBRForest_MVASelectorIter6_v0_offline
  
  Time look up, payloadIds:


GBRWrapperRcd / MVASelectorIter6_13TeV: frontier://FrontierProd/CMS_CONDITIONS, GBRForest_MVASelectorIter6_13TeV_v1_offline
  
  Time look up, payloadIds:


GBRWrapperRcd / MVASelectorJetCoreRegionalStep_Phase1: frontier://FrontierProd/CMS_CONDITIONS, GBRForest_MVASelectorJetCoreRegionalStep_Phase1_v2_offline
  
  Time look up, payloadIds:


GBRWrapperRcd / MVASelectorLowPtQuadStep_Phase1: frontier://FrontierProd/CMS_CONDITIONS, GBRForest_MVASelectorLowPtQuadStep_Phase1_v2_offline
  
  Time look up, payloadIds:


GBRWrapperRcd / MVASelectorLowPtTripletStep_Phase1: frontier://FrontierProd/CMS_CONDITIONS, GBRForest_MVASelectorLowPtTripletStep_Phase1_v2_offline
  
  Time look up, payloadIds:


GBRWrapperRcd / MVASelectorMixedTripletStep_Phase1: frontier://FrontierProd/CMS_CONDITIONS, GBRForest_MVASelectorMixedTripletStep_Phase1_v0_offline
  
  Time look up, payloadIds:


GBRWrapperRcd / MVASelectorPixelLessStep_Phase1: frontier://FrontierProd/CMS_CONDITIONS, GBRForest_MVASelectorPixelLessStep_Phase1_v2_offline
  
  Time look up, payloadIds:


GBRWrapperRcd / MVASelectorPixelPairStep_Phase1: frontier://FrontierProd/CMS_CONDITIONS, GBRForest_MVASelectorPixelPairStep_Phase1_v2_offline
  
  Time look up, payloadIds:


GBRWrapperRcd / MVASelectorTobTecStep_Phase1: frontier://FrontierProd/CMS_CONDITIONS, GBRForest_MVASelectorTobTecStep_Phase1_v2_offline
  
  Time look up, payloadIds:


GBRWrapperRcd / PFEcalResolution: frontier://FrontierProd/CMS_CONDITIONS, GBRForest_PFEcalEnergyResolution_v2_offline
  
  Time look up, payloadIds:


GBRWrapperRcd / PFGCorrectionBar: frontier://FrontierProd/CMS_CONDITIONS, GBRForest_PFGlobalCorrectionBarrel_v2_offline
  
  Time look up, payloadIds:


GBRWrapperRcd / PFGCorrectionEndHighR9: frontier://FrontierProd/CMS_CONDITIONS, GBRForest_PFGlobalCorrectionEndcapHighR9_v2_offline
  
  Time look up, payloadIds:


GBRWrapperRcd / PFGCorrectionEndLowR9: frontier://FrontierProd/CMS_CONDITIONS, GBRForest_PFGlobalCorrectionEndcapLowR9_v2_offline
  
  Time look up, payloadIds:


GBRWrapperRcd / PFGlobalCorrection: frontier://FrontierProd/CMS_CONDITIONS, GBRForest_PFGlobalCorrection_v0_offline
  
  Time look up, payloadIds:


GBRWrapperRcd / PFLCCorrection: frontier://FrontierProd/CMS_CONDITIONS, GBRForest_PFLCCorrection_v0_offline
  
  Time look up, payloadIds:


GBRWrapperRcd / PFLCorrectionBar: frontier://FrontierProd/CMS_CONDITIONS, GBRForest_PFLocalCorrectionBarrel_v2_offline
  
  Time look up, payloadIds:


GBRWrapperRcd / PFLCorrectionEnd: frontier://FrontierProd/CMS_CONDITIONS, GBRForest_PFLocalCorrectionEndcap_v2_offline
  
  Time look up, payloadIds:


GBRWrapperRcd / PFResolution: frontier://FrontierProd/CMS_CONDITIONS, GBRForest_PFResolution_v0_offline
  
  Time look up, payloadIds:


GBRWrapperRcd / btag_CombinedMVAv2_BDT: frontier://FrontierProd/CMS_CONDITIONS, btag_CombinedMVAv2_BDT_TMVAv420_74X_v1
  
  Time look up, payloadIds:


GBRWrapperRcd / btag_SoftPFElectron_BDT: frontier://FrontierProd/CMS_CONDITIONS, btag_SoftPFElectron_BDT_TMVAv420_74X_v1
  
  Time look up, payloadIds:


GBRWrapperRcd / btag_SoftPFMuon_BDT: frontier://FrontierProd/CMS_CONDITIONS, btag_SoftPFMuon_BDT_TMVAv420_74X_v1
  
  Time look up, payloadIds:


GBRWrapperRcd / gedelectron_EBCorrection_offline_v1: frontier://FrontierProd/CMS_CONDITIONS, gedelectron_EBCorrection_offline_v1
  
  Time look up, payloadIds:


GBRWrapperRcd / gedelectron_EBUncertainty_offline_v1: frontier://FrontierProd/CMS_CONDITIONS, gedelectron_EBUncertainty_offline_v1
  
  Time look up, payloadIds:


GBRWrapperRcd / gedelectron_EECorrection_offline_v1: frontier://FrontierProd/CMS_CONDITIONS, gedelectron_EECorrection_offline_v1
  
  Time look up, payloadIds:


GBRWrapperRcd / gedelectron_EEUncertainty_offline_v1: frontier://FrontierProd/CMS_CONDITIONS, gedelectron_EEUncertainty_offline_v1
  
  Time look up, payloadIds:


GBRWrapperRcd / gedelectron_p4combination_25ns: frontier://FrontierProd/CMS_CONDITIONS, GBRForestD_gedelectron_p4combination_25ns_v0
  
  Time look up, payloadIds:


GBRWrapperRcd / gedelectron_p4combination_50ns: frontier://FrontierProd/CMS_CONDITIONS, GBRForestD_gedelectron_p4combination_50ns_v0
  
  Time look up, payloadIds:


GBRWrapperRcd / gedelectron_p4combination_offline: frontier://FrontierProd/CMS_CONDITIONS, gedelectron_p4combination_offline
  
  Time look up, payloadIds:


GBRWrapperRcd / gedphoton_EBCorrection_offline_v1: frontier://FrontierProd/CMS_CONDITIONS, gedphoton_EBCorrection_offline_v1
  
  Time look up, payloadIds:


GBRWrapperRcd / gedphoton_EBUncertainty_offline_v1: frontier://FrontierProd/CMS_CONDITIONS, gedphoton_EBUncertainty_offline_v1
  
  Time look up, payloadIds:


GBRWrapperRcd / gedphoton_EECorrection_offline_v1: frontier://FrontierProd/CMS_CONDITIONS, gedphoton_EECorrection_offline_v1
  
  Time look up, payloadIds:


GBRWrapperRcd / gedphoton_EEUncertainty_offline_v1: frontier://FrontierProd/CMS_CONDITIONS, gedphoton_EEUncertainty_offline_v1
  
  Time look up, payloadIds:


GBRWrapperRcd / pfscecal_EBCorrection_offline_v1: frontier://FrontierProd/CMS_CONDITIONS, pfscecal_EBCorrection_offline_v1
  
  Time look up, payloadIds:


GBRWrapperRcd / pfscecal_EECorrection_offline_v1: frontier://FrontierProd/CMS_CONDITIONS, pfscecal_EECorrection_offline_v1
  
  Time look up, payloadIds:


GBRWrapperRcd / wgbrph_EBCorrection: frontier://FrontierProd/CMS_CONDITIONS, GBRForest_EBCorrection_v0_offline
  
  Time look up, payloadIds:


GBRWrapperRcd / wgbrph_EBUncertainty: frontier://FrontierProd/CMS_CONDITIONS, GBRForest_EBUncertainty_v0_offline
  
  Time look up, payloadIds:


GBRWrapperRcd / wgbrph_EECorrection: frontier://FrontierProd/CMS_CONDITIONS, GBRForest_EECorrection_v0_offline
  
  Time look up, payloadIds:


GBRWrapperRcd / wgbrph_EEUncertainty: frontier://FrontierProd/CMS_CONDITIONS, GBRForest_EEUncertainty_v0_offline
  
  Time look up, payloadIds:


GEMELMapRcd / : frontier://FrontierProd/CMS_CONDITIONS, GEMELMap_v2_mc
  
  Time look up, payloadIds:


GEMRecoGeometryRcd / : frontier://FrontierProd/CMS_CONDITIONS, GEMRECO_Geometry_10YV4
  
  Time look up, payloadIds:
   1 - 18446744073709551615 : d839ee67c4eec30a961db3eaed5e433d2929b501


GEMeMapRcd / : frontier://FrontierProd/CMS_CONDITIONS, GEMeMap_v1_mc
  
  Time look up, payloadIds:


GeometryFileRcd / CTPPS: frontier://FrontierProd/CMS_CONDITIONS, XMLFILE_CTPPS_Geometry_2018_102YV1
  
  Time look up, payloadIds:


GeometryFileRcd / Extended: frontier://FrontierProd/CMS_CONDITIONS, XMLFILE_Geometry_101YV4_Extended2018_mc
  
  Time look up, payloadIds:


GeometryFileRcd / ExtendedDetailedCavern: frontier://FrontierProd/CMS_CONDITIONS, XMLFILE_Geometry_103YV4_ExtendedDetailedCavern2018_mc
  
  Time look up, payloadIds:


GeometryFileRcd / ExtendedZeroMaterial: frontier://FrontierProd/CMS_CONDITIONS, XMLFILE_Geometry_101YV4_Extended2018ZeroMaterial_mc
  
  Time look up, payloadIds:


GlobalPositionRcd / : frontier://FrontierProd/CMS_CONDITIONS, IdealGeometry
  
  Time look up, payloadIds:
   1 - 18446744073709551615 : a6526dac5199df9b58096a7f8bbe126d892c064a


HBAlignmentRcd / : frontier://FrontierProd/CMS_CONDITIONS, HBAlignment_zero_v01_mc
  
  Time look up, payloadIds:
   1 - 18446744073709551615 : 922abdcc092424eed65d5b66003b8c2a41dafc1d


HBHENegativeEFilterRcd / : frontier://FrontierProd/CMS_CONDITIONS, HBHENegativeEFilter_2018v01_mc
  
  Time look up, payloadIds:


HEAlignmentRcd / : frontier://FrontierProd/CMS_CONDITIONS, HEAlignment_zero_v01_mc
  
  Time look up, payloadIds:
   1 - 18446744073709551615 : e136c9830ebdd2e6557954b8c5adcf200c44c50a


HFAlignmentRcd / : frontier://FrontierProd/CMS_CONDITIONS, HFAlignment_zero_v01_mc
  
  Time look up, payloadIds:
   1 - 18446744073709551615 : 11129d27694368b0bd1e986d296269709e62cd8f


HFPhase1PMTParamsRcd / : frontier://FrontierProd/CMS_CONDITIONS, HFPhase1PMTParams_2017_v1.0_mc
  
  Time look up, payloadIds:


HOAlignmentRcd / : frontier://FrontierProd/CMS_CONDITIONS, HOAlignment_zero_v01_mc
  
  Time look up, payloadIds:
   1 - 18446744073709551615 : 23e99cd3832fc8d99c6e2104763d2d50825abc81


HcalChannelQualityRcd / : frontier://FrontierProd/CMS_CONDITIONS, HcalChannelQuality_2018_v4.0_mc
  
  Time look up, payloadIds:
   1 - 18446744073709551615 : 371ad217812004f44c16bce3cedaf755c9876c91


HcalElectronicsMapRcd / : frontier://FrontierProd/CMS_CONDITIONS, HcalElectronicsMap_2018_v3.0_mc
  
  Time look up, payloadIds:
   1 - 18446744073709551615 : 4a0791afc963b18d0851b001fe734c509407a7d4


HcalFlagHFDigiTimeParamsRcd / : frontier://FrontierProd/CMS_CONDITIONS, HcalFlagHFDigiTimeParams_2018_v1.0_mc
  
  Time look up, payloadIds:


HcalFrontEndMapRcd / : frontier://FrontierProd/CMS_CONDITIONS, HcalFrontEndMap_2018_v1.0_mc
  
  Time look up, payloadIds:
   1 - 18446744073709551615 : 1a4fc7effad9a7a1bc54a143674d4494a0bed59b


HcalGainsRcd / : frontier://FrontierProd/CMS_CONDITIONS, HcalGains_2018legacy_v1.0_mc
  
  Time look up, payloadIds:
   1 - 18446744073709551615 : b8a6bbcd958cb5d1cab40835558bf58534db3455


HcalL1TriggerObjectsRcd / : frontier://FrontierProd/CMS_CONDITIONS, HcalL1TriggerObjects_2018_v1.0_mc
  
  Time look up, payloadIds:
   1 - 18446744073709551615 : 8e28acffc4100a560d346ca8c990208b94acf2f4


HcalLUTCorrsRcd / : frontier://FrontierProd/CMS_CONDITIONS, HcalLUTCorrs_2018_v3.0_mc
  
  Time look up, payloadIds:
   1 - 18446744073709551615 : 1fbc60dc1f8ebe1293fb67f55cdf0b5599d3fb4e


HcalLongRecoParamsRcd / : frontier://FrontierProd/CMS_CONDITIONS, HcalLongRecoParams_2018_v1.0_mc
  
  Time look up, payloadIds:


HcalLutMetadataRcd / : frontier://FrontierProd/CMS_CONDITIONS, HcalLutMetadata_2018_v6.0_mc
  
  Time look up, payloadIds:
   1 - 18446744073709551615 : 1b7f9ea78d1615f294529b588801cc958a0fb3a9


HcalMCParamsRcd / : frontier://FrontierProd/CMS_CONDITIONS, HcalMCParams_2018_v3.0_mc
  
  Time look up, payloadIds:
   1 - 18446744073709551615 : 0a8922ca2e028fec9ccab47f28478be5f0a51000


HcalOOTPileupCompatibilityRcd / : frontier://FrontierProd/CMS_CONDITIONS, OOTPileupCorrectionColl_V00_mc
  
  Time look up, payloadIds:


HcalOOTPileupCorrectionMapCollRcd / : frontier://FrontierProd/CMS_CONDITIONS, OOTPileupCorrectionMapColl_V00_mc
  
  Time look up, payloadIds:


HcalPFCorrsRcd / : frontier://FrontierProd/CMS_CONDITIONS, HcalPFCorrs_2018_v1.0_mc
  
  Time look up, payloadIds:
   1 - 18446744073709551615 : 0a3011365109e501aa7cd48c255d593874e713c1


HcalParametersRcd / : frontier://FrontierProd/CMS_CONDITIONS, HCALParameters_Geometry_10YV4
  
  Time look up, payloadIds:
   1 - 18446744073709551615 : 03d86d5be445cba1df77712bafd0cd27f4eb7c37


HcalPedestalWidthsRcd / : frontier://FrontierProd/CMS_CONDITIONS, HcalPedestalWidths_2018_v5.0_mc
  
  Time look up, payloadIds:
   1 - 18446744073709551615 : fb4412e8aab62ea64aa60e26b600f34921b50d43


HcalPedestalWidthsRcd / effective: frontier://FrontierProd/CMS_CONDITIONS, HcalPedestalWidths_2018legacy_v1.0_mc_effective
  
  Time look up, payloadIds:
   1 - 18446744073709551615 : 91b5ff019c2cbfad5032b38a989f427a37aa013a


HcalPedestalsRcd / : frontier://FrontierProd/CMS_CONDITIONS, HcalPedestals_2018_v4.0_mc
  
  Time look up, payloadIds:
   1 - 18446744073709551615 : e90c65a7d6cab3a2b382a841a09b80b82dee2775


HcalPedestalsRcd / effective: frontier://FrontierProd/CMS_CONDITIONS, HcalPedestals_2018legacy_v1.0_mc_effective
  
  Time look up, payloadIds:
   1 - 18446744073709551615 : b28bf69c1f02302c21d1bd0a8763ea3e1a28cd09


HcalQIEDataRcd / : frontier://FrontierProd/CMS_CONDITIONS, HcalQIEData_2018_mc_v3.0
  
  Time look up, payloadIds:
   1 - 18446744073709551615 : 7feebbddc90e182158e7e034e3d5144b41abb3d2


HcalQIETypesRcd / : frontier://FrontierProd/CMS_CONDITIONS, HcalQIETypes_2018_v1.0_mc
  
  Time look up, payloadIds:
   1 - 18446744073709551615 : bb28cd0e26d2908460fb916faa4f5f6c9fbadfbe


HcalRecoParamsRcd / : frontier://FrontierProd/CMS_CONDITIONS, HcalRecoParams_2018_v3.2_mc
  
  Time look up, payloadIds:
   1 - 18446744073709551615 : 5805b3f6201cb959f56b803ec0c94e7d410c157a


HcalRespCorrsRcd / : frontier://FrontierProd/CMS_CONDITIONS, HcalRespCorrs_Legacy2018_v1.0_mc
  
  Time look up, payloadIds:
   1 - 18446744073709551615 : 32c5adadeec7ad176ceb9d11bd9fa1ad2fbfb205


HcalSiPMCharacteristicsRcd / : frontier://FrontierProd/CMS_CONDITIONS, HcalSiPMCharacteristics_2018_v3.0_mc
  
  Time look up, payloadIds:
   1 - 18446744073709551615 : b5b6b2a573313f52aa971ce518043e5ed7a7d1f8


HcalSiPMParametersRcd / : frontier://FrontierProd/CMS_CONDITIONS, HcalSiPMParameters_2018_v5.0_mc
  
  Time look up, payloadIds:
   1 - 18446744073709551615 : c55e216acc58b6390a17b43fb44ab34de8a59182


HcalTPChannelParametersRcd / : frontier://FrontierProd/CMS_CONDITIONS, HcalTPChannelParameters_2018_v1.0_mc
  
  Time look up, payloadIds:
   1 - 18446744073709551615 : c324204adc347ff1b05a32bf23ee4e8020675897


HcalTPParametersRcd / : frontier://FrontierProd/CMS_CONDITIONS, HcalTPParameters_2018_v1.0_mc
  
  Time look up, payloadIds:
   1 - 18446744073709551615 : a4ea030b3a92ba7e43f3d0cfa981b72b584ca08e


HcalTimeCorrsRcd / : frontier://FrontierProd/CMS_CONDITIONS, HcalTimeCorrs_2018_v1.0_mc
  
  Time look up, payloadIds:
   1 - 18446744073709551615 : 759c922bbbd0c17e0b443ee731c0fee6d37e8987


HcalZSThresholdsRcd / : frontier://FrontierProd/CMS_CONDITIONS, HcalZSThresholds_2018_v2.1_mc
  
  Time look up, payloadIds:
   1 - 18446744073709551615 : 703ee80d46a559b0fb1b2db34ddcd8d147853d8e


HeavyIonRcd / HFhitsAMPT_2760GeV: frontier://FrontierProd/CMS_CONDITIONS, CentralityTable_HFhits40_AMPT2760GeV_v1_mc
  
  Time look up, payloadIds:


HeavyIonRcd / HFhitsHydjet_Bass: frontier://FrontierProd/CMS_CONDITIONS, CentralityTable_HFhits40_HydjetBass_vv44x04_mc
  
  Time look up, payloadIds:


HeavyIonRcd / HFhitsHydjet_Drum: frontier://FrontierProd/CMS_CONDITIONS, CentralityTable_HFhits40_Hydjet18_vv44x01_mc
  
  Time look up, payloadIds:


HeavyIonRcd / HFtowersHydjet_Bass: frontier://FrontierProd/CMS_CONDITIONS, CentralityTable_HFtowers40_HydjetBass_vv44x04_mc
  
  Time look up, payloadIds:


HeavyIonRcd / HFtowersHydjet_Drum: frontier://FrontierProd/CMS_CONDITIONS, CentralityTable_HFtowers40_Hydjet18_vv44x01_mc
  
  Time look up, payloadIds:


HeavyIonRcd / PixelHitsAMPT_2760GeV: frontier://FrontierProd/CMS_CONDITIONS, CentralityTable_PixelHits40_AMPT2760GeV_v1_mc
  
  Time look up, payloadIds:


HeavyIonRcd / PixelHitsHydjet_Bass: frontier://FrontierProd/CMS_CONDITIONS, CentralityTable_PixelHits40_HydjetBass_vv44x04_mc
  
  Time look up, payloadIds:


HeavyIonRcd / PixelHitsHydjet_Drum: frontier://FrontierProd/CMS_CONDITIONS, CentralityTable_PixelHits40_Hydjet18_vv44x01_mc
  
  Time look up, payloadIds:


HeavyIonRcd / PixelTracksHydjet_Bass: frontier://FrontierProd/CMS_CONDITIONS, CentralityTable_PixelTracks40_HydjetBass_vv44x04_mc
  
  Time look up, payloadIds:


HeavyIonRcd / PixelTracksHydjet_Drum: frontier://FrontierProd/CMS_CONDITIONS, CentralityTable_PixelTracks40_Hydjet18_vv44x01_mc
  
  Time look up, payloadIds:


HeavyIonRcd / TracksHydjet_Bass: frontier://FrontierProd/CMS_CONDITIONS, CentralityTable_Tracks40_HydjetBass_vv44x04_mc
  
  Time look up, payloadIds:


HeavyIonRcd / TracksHydjet_Drum: frontier://FrontierProd/CMS_CONDITIONS, CentralityTable_Tracks40_Hydjet18_vv44x01_mc
  
  Time look up, payloadIds:


IdealGeometryRecord / : frontier://FrontierProd/CMS_CONDITIONS, TKRECO_Geometry_92YV3
  
  Time look up, payloadIds:
   1 - 18446744073709551615 : 09f24d7263e2f89a9de5986bdd39602a3121ec84


JetCorrectionsRecord / AK10PF: frontier://FrontierProd/CMS_CONDITIONS, JetCorrectorParametersCollection_CSA14_V4_MC_AK10PF
  
  Time look up, payloadIds:


JetCorrectionsRecord / AK10PFchs: frontier://FrontierProd/CMS_CONDITIONS, JetCorrectorParametersCollection_CSA14_V4_MC_AK10PFchs
  
  Time look up, payloadIds:


JetCorrectionsRecord / AK1PF: frontier://FrontierProd/CMS_CONDITIONS, JetCorrectorParametersCollection_CSA14_V4_MC_AK1PF
  
  Time look up, payloadIds:


JetCorrectionsRecord / AK1PFchs: frontier://FrontierProd/CMS_CONDITIONS, JetCorrectorParametersCollection_CSA14_V4_MC_AK1PFchs
  
  Time look up, payloadIds:


JetCorrectionsRecord / AK2PF: frontier://FrontierProd/CMS_CONDITIONS, JetCorrectorParametersCollection_CSA14_V4_MC_AK2PF
  
  Time look up, payloadIds:


JetCorrectionsRecord / AK2PFchs: frontier://FrontierProd/CMS_CONDITIONS, JetCorrectorParametersCollection_CSA14_V4_MC_AK2PFchs
  
  Time look up, payloadIds:


JetCorrectionsRecord / AK3PF: frontier://FrontierProd/CMS_CONDITIONS, JetCorrectorParametersCollection_CSA14_V4_MC_AK3PF
  
  Time look up, payloadIds:


JetCorrectionsRecord / AK3PFchs: frontier://FrontierProd/CMS_CONDITIONS, JetCorrectorParametersCollection_CSA14_V4_MC_AK3PFchs
  
  Time look up, payloadIds:


JetCorrectionsRecord / AK4Calo: frontier://FrontierProd/CMS_CONDITIONS, JetCorrectorParametersCollection_Fall17_17Nov2017_V23_MC_AK4Calo
  
  Time look up, payloadIds:


JetCorrectionsRecord / AK4CaloHLT: frontier://FrontierProd/CMS_CONDITIONS, JetCorrectorParametersCollection_HLT_BX25_V11_MC_AK4CaloHLT
  
  Time look up, payloadIds:


JetCorrectionsRecord / AK4JPT: frontier://FrontierProd/CMS_CONDITIONS, JetCorrectorParametersCollection_Fall17_17Nov2017_V23_MC_AK4JPT
  
  Time look up, payloadIds:


JetCorrectionsRecord / AK4PF: frontier://FrontierProd/CMS_CONDITIONS, JetCorrectorParametersCollection_Fall17_17Nov2017_V23_MC_AK4PF
  
  Time look up, payloadIds:


JetCorrectionsRecord / AK4PFHLT: frontier://FrontierProd/CMS_CONDITIONS, JetCorrectorParametersCollection_HLT_BX25_V11_MC_AK4PFHLT
  
  Time look up, payloadIds:


JetCorrectionsRecord / AK4PFPuppi: frontier://FrontierProd/CMS_CONDITIONS, JetCorrectorParametersCollection_Fall17_17Nov2017_V23_MC_AK4PFPuppi
  
  Time look up, payloadIds:


JetCorrectionsRecord / AK4PFchs: frontier://FrontierProd/CMS_CONDITIONS, JetCorrectorParametersCollection_Fall17_17Nov2017_V23_MC_AK4PFchs
  
  Time look up, payloadIds:


JetCorrectionsRecord / AK5Calo: frontier://FrontierProd/CMS_CONDITIONS, JetCorrectorParametersCollection_CSA14_V4_MC_AK5Calo
  
  Time look up, payloadIds:


JetCorrectionsRecord / AK5CaloHLT: frontier://FrontierProd/CMS_CONDITIONS, JetCorrectorParametersCollection_Jec11_V12_AK5CaloHLT
  
  Time look up, payloadIds:


JetCorrectionsRecord / AK5JPT: frontier://FrontierProd/CMS_CONDITIONS, JetCorrectorParametersCollection_Fall12_V5_MC_AK5JPT
  
  Time look up, payloadIds:


JetCorrectionsRecord / AK5PF: frontier://FrontierProd/CMS_CONDITIONS, JetCorrectorParametersCollection_CSA14_V4_MC_AK5PF
  
  Time look up, payloadIds:


JetCorrectionsRecord / AK5PFHLT: frontier://FrontierProd/CMS_CONDITIONS, JetCorrectorParametersCollection_AK5PF_2012_V8_hlt_mc
  
  Time look up, payloadIds:


JetCorrectionsRecord / AK5PFchs: frontier://FrontierProd/CMS_CONDITIONS, JetCorrectorParametersCollection_CSA14_V4_MC_AK5PFchs
  
  Time look up, payloadIds:


JetCorrectionsRecord / AK5PFchsHLT: frontier://FrontierProd/CMS_CONDITIONS, JetCorrectorParametersCollection_AK5PFchs_2012_V8_hlt_mc
  
  Time look up, payloadIds:


JetCorrectionsRecord / AK5TRK: frontier://FrontierProd/CMS_CONDITIONS, JetCorrectorParametersCollection_Fall12_V5_MC_AK5TRK
  
  Time look up, payloadIds:


JetCorrectionsRecord / AK6PF: frontier://FrontierProd/CMS_CONDITIONS, JetCorrectorParametersCollection_CSA14_V4_MC_AK6PF
  
  Time look up, payloadIds:


JetCorrectionsRecord / AK6PFchs: frontier://FrontierProd/CMS_CONDITIONS, JetCorrectorParametersCollection_CSA14_V4_MC_AK6PFchs
  
  Time look up, payloadIds:


JetCorrectionsRecord / AK7Calo: frontier://FrontierProd/CMS_CONDITIONS, JetCorrectorParametersCollection_CSA14_V4_MC_AK7Calo
  
  Time look up, payloadIds:


JetCorrectionsRecord / AK7JPT: frontier://FrontierProd/CMS_CONDITIONS, JetCorrectorParametersCollection_Fall12_V5_MC_AK7JPT
  
  Time look up, payloadIds:


JetCorrectionsRecord / AK7PF: frontier://FrontierProd/CMS_CONDITIONS, JetCorrectorParametersCollection_CSA14_V4_MC_AK7PF
  
  Time look up, payloadIds:


JetCorrectionsRecord / AK7PFchs: frontier://FrontierProd/CMS_CONDITIONS, JetCorrectorParametersCollection_CSA14_V4_MC_AK7PFchs
  
  Time look up, payloadIds:


JetCorrectionsRecord / AK8CaloHLT: frontier://FrontierProd/CMS_CONDITIONS, JetCorrectorParametersCollection_HLT_BX25_V11_MC_AK8CaloHLT
  
  Time look up, payloadIds:


JetCorrectionsRecord / AK8PF: frontier://FrontierProd/CMS_CONDITIONS, JetCorrectorParametersCollection_Fall17_17Nov2017_V23_MC_AK8PF
  
  Time look up, payloadIds:


JetCorrectionsRecord / AK8PFHLT: frontier://FrontierProd/CMS_CONDITIONS, JetCorrectorParametersCollection_HLT_BX25_V11_MC_AK8PFHLT
  
  Time look up, payloadIds:


JetCorrectionsRecord / AK8PFPuppi: frontier://FrontierProd/CMS_CONDITIONS, JetCorrectorParametersCollection_Fall17_17Nov2017_V23_MC_AK8PFPuppi
  
  Time look up, payloadIds:


JetCorrectionsRecord / AK8PFchs: frontier://FrontierProd/CMS_CONDITIONS, JetCorrectorParametersCollection_Fall17_17Nov2017_V23_MC_AK8PFchs
  
  Time look up, payloadIds:


JetCorrectionsRecord / AK9PF: frontier://FrontierProd/CMS_CONDITIONS, JetCorrectorParametersCollection_CSA14_V4_MC_AK9PF
  
  Time look up, payloadIds:


JetCorrectionsRecord / AK9PFchs: frontier://FrontierProd/CMS_CONDITIONS, JetCorrectorParametersCollection_CSA14_V4_MC_AK9PFchs
  
  Time look up, payloadIds:


JetCorrectionsRecord / IC5Calo: frontier://FrontierProd/CMS_CONDITIONS, JetCorrectorParametersCollection_Fall12_V5_MC_IC5Calo
  
  Time look up, payloadIds:


JetCorrectionsRecord / IC5PF: frontier://FrontierProd/CMS_CONDITIONS, JetCorrectorParametersCollection_Fall12_V5_MC_IC5PF
  
  Time look up, payloadIds:


JetCorrectionsRecord / KT4Calo: frontier://FrontierProd/CMS_CONDITIONS, JetCorrectorParametersCollection_Fall12_V5_MC_KT4Calo
  
  Time look up, payloadIds:


JetCorrectionsRecord / KT4PF: frontier://FrontierProd/CMS_CONDITIONS, JetCorrectorParametersCollection_Fall12_V5_MC_KT4PF
  
  Time look up, payloadIds:


JetCorrectionsRecord / KT6Calo: frontier://FrontierProd/CMS_CONDITIONS, JetCorrectorParametersCollection_Fall12_V5_MC_KT6Calo
  
  Time look up, payloadIds:


JetCorrectionsRecord / KT6PF: frontier://FrontierProd/CMS_CONDITIONS, JetCorrectorParametersCollection_Fall12_V5_MC_KT6PF
  
  Time look up, payloadIds:


JetResolutionRcd / AK4PFPuppi_eta: frontier://FrontierProd/CMS_CONDITIONS, JR_Fall17_V3_102X_MC_EtaResolution_AK4PFPuppi
  
  Time look up, payloadIds:


JetResolutionRcd / AK4PFPuppi_phi: frontier://FrontierProd/CMS_CONDITIONS, JR_Spring16_25nsV6_MC_PhiResolution_AK4PFPuppi
  
  Time look up, payloadIds:


JetResolutionRcd / AK4PFPuppi_pt: frontier://FrontierProd/CMS_CONDITIONS, JR_Spring16_25nsV6_MC_PtResolution_AK4PFPuppi
  
  Time look up, payloadIds:


JetResolutionRcd / AK4PF_eta: frontier://FrontierProd/CMS_CONDITIONS, JR_Fall17_V3_102X_MC_EtaResolution_AK4PF
  
  Time look up, payloadIds:


JetResolutionRcd / AK4PF_phi: frontier://FrontierProd/CMS_CONDITIONS, JR_Spring16_25nsV6_MC_PhiResolution_AK4PF
  
  Time look up, payloadIds:


JetResolutionRcd / AK4PF_pt: frontier://FrontierProd/CMS_CONDITIONS, JR_Spring16_25nsV6_MC_PtResolution_AK4PF
  
  Time look up, payloadIds:


JetResolutionRcd / AK4PFchs_eta: frontier://FrontierProd/CMS_CONDITIONS, JR_Fall17_V3_102X_MC_EtaResolution_AK4PFchs
  
  Time look up, payloadIds:


JetResolutionRcd / AK4PFchs_phi: frontier://FrontierProd/CMS_CONDITIONS, JR_Spring16_25nsV6_MC_PhiResolution_AK4PFchs
  
  Time look up, payloadIds:


JetResolutionRcd / AK4PFchs_pt: frontier://FrontierProd/CMS_CONDITIONS, JR_Spring16_25nsV6_MC_PtResolution_AK4PFchs
  
  Time look up, payloadIds:


JetResolutionRcd / AK8PFPuppi_eta: frontier://FrontierProd/CMS_CONDITIONS, JR_Fall17_V3_102X_MC_EtaResolution_AK8PFPuppi
  
  Time look up, payloadIds:


JetResolutionRcd / AK8PFPuppi_phi: frontier://FrontierProd/CMS_CONDITIONS, JR_Spring16_25nsV6_MC_PhiResolution_AK8PFPuppi
  
  Time look up, payloadIds:


JetResolutionRcd / AK8PFPuppi_pt: frontier://FrontierProd/CMS_CONDITIONS, JR_Spring16_25nsV6_MC_PtResolution_AK8PFPuppi
  
  Time look up, payloadIds:


JetResolutionRcd / AK8PF_eta: frontier://FrontierProd/CMS_CONDITIONS, JR_Fall17_V3_102X_MC_EtaResolution_AK8PF
  
  Time look up, payloadIds:


JetResolutionRcd / AK8PF_phi: frontier://FrontierProd/CMS_CONDITIONS, JR_Spring16_25nsV6_MC_PhiResolution_AK8PF
  
  Time look up, payloadIds:


JetResolutionRcd / AK8PF_pt: frontier://FrontierProd/CMS_CONDITIONS, JR_Spring16_25nsV6_MC_PtResolution_AK8PF
  
  Time look up, payloadIds:


JetResolutionRcd / AK8PFchs_eta: frontier://FrontierProd/CMS_CONDITIONS, JR_Fall17_V3_102X_MC_EtaResolution_AK8PFchs
  
  Time look up, payloadIds:


JetResolutionRcd / AK8PFchs_phi: frontier://FrontierProd/CMS_CONDITIONS, JR_Spring16_25nsV6_MC_PhiResolution_AK8PFchs
  
  Time look up, payloadIds:


JetResolutionRcd / AK8PFchs_pt: frontier://FrontierProd/CMS_CONDITIONS, JR_Spring16_25nsV6_MC_PtResolution_AK8PFchs
  
  Time look up, payloadIds:


JetResolutionScaleFactorRcd / AK4PF: frontier://FrontierProd/CMS_CONDITIONS, JR_Spring16_25nsV6_MC_SF_AK4PF
  
  Time look up, payloadIds:


JetResolutionScaleFactorRcd / AK4PFPuppi: frontier://FrontierProd/CMS_CONDITIONS, JR_Spring16_25nsV6_MC_SF_AK4PFPuppi
  
  Time look up, payloadIds:


JetResolutionScaleFactorRcd / AK4PFchs: frontier://FrontierProd/CMS_CONDITIONS, JR_Spring16_25nsV6_MC_SF_AK4PFchs
  
  Time look up, payloadIds:


JetResolutionScaleFactorRcd / AK8PF: frontier://FrontierProd/CMS_CONDITIONS, JR_Spring16_25nsV6_MC_SF_AK8PF
  
  Time look up, payloadIds:


JetResolutionScaleFactorRcd / AK8PFPuppi: frontier://FrontierProd/CMS_CONDITIONS, JR_Spring16_25nsV6_MC_SF_AK8PFPuppi
  
  Time look up, payloadIds:


JetResolutionScaleFactorRcd / AK8PFchs: frontier://FrontierProd/CMS_CONDITIONS, JR_Spring16_25nsV6_MC_SF_AK8PFchs
  
  Time look up, payloadIds:


L1CaloEcalScaleRcd / : frontier://FrontierProd/CMS_CONDITIONS, L1CaloEcalScale_EEG_EHSUMS_TAU4_FGHOE_CALIBV1_02APR12_mc
  
  Time look up, payloadIds:


L1CaloGeometryRecord / : frontier://FrontierProd/CMS_CONDITIONS, L1CaloGeometry_STARTUP_v3
  
  Time look up, payloadIds:


L1CaloHcalScaleRcd / : frontier://FrontierProd/CMS_CONDITIONS, L1CaloHcalScale_EEG_EHSUMS_TAU4_FGHOE_CALIBV1_02APR12_mc
  
  Time look up, payloadIds:


L1EmEtScaleRcd / : frontier://FrontierProd/CMS_CONDITIONS, L1EmEtScale_EEG_EHSUMS_TAU4_FGHOE_CALIBV1_02APR12_mc
  
  Time look up, payloadIds:


L1GctChannelMaskRcd / : frontier://FrontierProd/CMS_CONDITIONS, L1GctChannelMask_AllEnergySumsMaskedFromHF_jetCentresToEta3Allowed_mc
  
  Time look up, payloadIds:


L1GctJetFinderParamsRcd / : frontier://FrontierProd/CMS_CONDITIONS, L1GctJetFinderParams_stage1_25ns_mc
  
  Time look up, payloadIds:


L1GtBoardMapsRcd / : frontier://FrontierProd/CMS_CONDITIONS, L1GtBoardMaps_STARTUP_v3
  
  Time look up, payloadIds:


L1GtParametersRcd / : frontier://FrontierProd/CMS_CONDITIONS, L1GtParameters_STARTUP_v3
  
  Time look up, payloadIds:


L1GtPrescaleFactorsAlgoTrigRcd / : frontier://FrontierProd/CMS_CONDITIONS, L1GtPrescaleFactorsAlgoTrig_STARTUP_v3
  
  Time look up, payloadIds:


L1GtPrescaleFactorsTechTrigRcd / : frontier://FrontierProd/CMS_CONDITIONS, L1GtPrescaleFactorsTechTrig_STARTUP_v3
  
  Time look up, payloadIds:


L1GtPsbSetupRcd / : frontier://FrontierProd/CMS_CONDITIONS, L1GtPsbSetup_STARTUP_v3
  
  Time look up, payloadIds:


L1GtStableParametersRcd / : frontier://FrontierProd/CMS_CONDITIONS, L1GtStableParameters_STARTUP_v3
  
  Time look up, payloadIds:


L1GtTriggerMaskAlgoTrigRcd / : frontier://FrontierProd/CMS_CONDITIONS, L1GtTriggerMaskAlgoTrig_STARTUP_v3
  
  Time look up, payloadIds:


L1GtTriggerMaskTechTrigRcd / : frontier://FrontierProd/CMS_CONDITIONS, L1GtTriggerMaskTechTrig_STARTUP_v3
  
  Time look up, payloadIds:


L1GtTriggerMaskVetoAlgoTrigRcd / : frontier://FrontierProd/CMS_CONDITIONS, L1GtTriggerMaskVetoAlgoTrig_STARTUP_v3
  
  Time look up, payloadIds:


L1GtTriggerMaskVetoTechTrigRcd / : frontier://FrontierProd/CMS_CONDITIONS, L1GtTriggerMaskVetoTechTrig_STARTUP_v3
  
  Time look up, payloadIds:


L1GtTriggerMenuRcd / : frontier://FrontierProd/CMS_CONDITIONS, L1Menu_Collisions2015_25nsStage1_v5
  
  Time look up, payloadIds:


L1HfRingEtScaleRcd / : frontier://FrontierProd/CMS_CONDITIONS, L1HfRingEtScale_stage1_25ns_mc
  
  Time look up, payloadIds:


L1HtMissScaleRcd / : frontier://FrontierProd/CMS_CONDITIONS, L1HtMissScale_stage1_25ns_mc
  
  Time look up, payloadIds:


L1JetEtScaleRcd / : frontier://FrontierProd/CMS_CONDITIONS, L1JetEtScale_GCTPhysics_2012_04_27_JetSeedThresh5GeV_mc
  
  Time look up, payloadIds:


L1MuCSCPtLutRcd / : frontier://FrontierProd/CMS_CONDITIONS, L1MuCSCPtLut_collisions_v0_mc
  
  Time look up, payloadIds:


L1MuCSCTFAlignmentRcd / : frontier://FrontierProd/CMS_CONDITIONS, L1MuCSCTFAlignment_STARTUP_v3
  
  Time look up, payloadIds:


L1MuCSCTFConfigurationRcd / : frontier://FrontierProd/CMS_CONDITIONS, L1MuCSCTFConfiguration_collisions_v0_mc
  
  Time look up, payloadIds:


L1MuDTEtaPatternLutRcd / : frontier://FrontierProd/CMS_CONDITIONS, L1MuDTEtaPatternLut_V120924_v1
  
  Time look up, payloadIds:


L1MuDTExtLutRcd / : frontier://FrontierProd/CMS_CONDITIONS, L1MuDTExtLut_V120924_v1
  
  Time look up, payloadIds:


L1MuDTPhiLutRcd / : frontier://FrontierProd/CMS_CONDITIONS, L1MuDTPhiLut_V120924_v1
  
  Time look up, payloadIds:


L1MuDTPtaLutRcd / : frontier://FrontierProd/CMS_CONDITIONS, L1MuDTPtaLut_V120924_v1
  
  Time look up, payloadIds:


L1MuDTQualPatternLutRcd / : frontier://FrontierProd/CMS_CONDITIONS, L1MuDTQualPatternLut_V120924_v1
  
  Time look up, payloadIds:


L1MuDTTFMasksRcd / : frontier://FrontierProd/CMS_CONDITIONS, L1MuDTTFMasks_STARTUP_v3
  
  Time look up, payloadIds:


L1MuDTTFParametersRcd / : frontier://FrontierProd/CMS_CONDITIONS, L1MuDTTFParameters_dttf12_TSC_03_csc_col_mc
  
  Time look up, payloadIds:


L1MuGMTChannelMaskRcd / : frontier://FrontierProd/CMS_CONDITIONS, L1MuGMTChannelMask_STARTUP_v3
  
  Time look up, payloadIds:


L1MuGMTParametersRcd / : frontier://FrontierProd/CMS_CONDITIONS, L1MuGMTParameters_gmt2015_May27_min2BX_Latm2_DT9ne
  
  Time look up, payloadIds:


L1MuGMTScalesRcd / : frontier://FrontierProd/CMS_CONDITIONS, L1MuGMTScales_STARTUP_v3
  
  Time look up, payloadIds:


L1MuTriggerPtScaleRcd / : frontier://FrontierProd/CMS_CONDITIONS, L1MuTriggerPtScale_STARTUP_v3
  
  Time look up, payloadIds:


L1MuTriggerScalesRcd / : frontier://FrontierProd/CMS_CONDITIONS, L1MuTriggerScales_STARTUP_v3
  
  Time look up, payloadIds:


L1RCTChannelMaskRcd / : frontier://FrontierProd/CMS_CONDITIONS, L1RCTChannelMask_STARTUP_v3
  
  Time look up, payloadIds:


L1RCTNoisyChannelMaskRcd / : frontier://FrontierProd/CMS_CONDITIONS, L1RCTNoisyChannelMask_NoMask_mc
  
  Time look up, payloadIds:


L1RCTParametersRcd / : frontier://FrontierProd/CMS_CONDITIONS, L1RCTParametersRcd_L1TDevelCollisions_ExtendedScaleFactorsV4
  
  Time look up, payloadIds:


L1RPCBxOrConfigRcd / : frontier://FrontierProd/CMS_CONDITIONS, L1RPCBxOrConfig_LHC9_mc
  
  Time look up, payloadIds:


L1RPCConeDefinitionRcd / : frontier://FrontierProd/CMS_CONDITIONS, L1RPCConeDefinition_LHC9_mc
  
  Time look up, payloadIds:


L1RPCConfigRcd / : frontier://FrontierProd/CMS_CONDITIONS, L1RPCConfig_LHC10
  
  Time look up, payloadIds:


L1RPCHsbConfigRcd / : frontier://FrontierProd/CMS_CONDITIONS, L1RPCHsbConfig_LHC9_mc
  
  Time look up, payloadIds:


L1RPCHwConfigRcd / : frontier://FrontierProd/CMS_CONDITIONS, L1RPCHwConfig_v1[cms_orcon_prod/CMS_COND_36X_RPC]
  
  Time look up, payloadIds:


L1TCaloParamsRcd / : frontier://FrontierProd/CMS_CONDITIONS, L1TCaloParams_Stage2v3_2018_mc
  
  Time look up, payloadIds:


L1TGlobalPrescalesVetosRcd / : frontier://FrontierProd/CMS_CONDITIONS, L1TGlobalPrescalesVetos_passThrough_mc
  
  Time look up, payloadIds:


L1TMuonBarrelParamsRcd / : frontier://FrontierProd/CMS_CONDITIONS, L1TMuonBarrelParams_Stage2v1_2018_mc
  
  Time look up, payloadIds:


L1TMuonEndCapForestRcd / : frontier://FrontierProd/CMS_CONDITIONS, L1TMuonEndCapForest_static_Sq_20170613_v7_mc
  
  Time look up, payloadIds:


L1TMuonEndCapParamsRcd / : frontier://FrontierProd/CMS_CONDITIONS, L1TMuonEndCapParams_Stage2v1_2018_mc
  
  Time look up, payloadIds:


L1TMuonEndcapParamsRcd / : frontier://FrontierProd/CMS_CONDITIONS, L1TMuonEndCapParams_dummy_mc
  
  Time look up, payloadIds:


L1TMuonGlobalParamsRcd / : frontier://FrontierProd/CMS_CONDITIONS, L1TMuonGlobalParams_Stage2v0_2018_mc
  
  Time look up, payloadIds:


L1TMuonOverlapParamsRcd / : frontier://FrontierProd/CMS_CONDITIONS, L1TMuonOverlapParams_static_2016_mc
  
  Time look up, payloadIds:


L1TUtmTriggerMenuRcd / : frontier://FrontierProd/CMS_CONDITIONS, L1Menu_Collisions2018_v2_1_0-d1_xml
  
  Time look up, payloadIds:


L1TriggerKeyListRcd / : frontier://FrontierProd/CMS_CONDITIONS, L1TriggerKeyList_STARTUP_v3
  
  Time look up, payloadIds:


L1TriggerKeyRcd / : frontier://FrontierProd/CMS_CONDITIONS, L1TriggerKey_STARTUP_v3
  
  Time look up, payloadIds:


LumiSectionDataRcd / : frontier://FrontierProd/CMS_CONDITIONS, lhcscan_1
  
  Time look up, payloadIds:


MFGeometryFileRcd / 120812: frontier://FrontierProd/CMS_CONDITIONS, MFGeometry_120812
  
  Time look up, payloadIds:


MFGeometryFileRcd / 130503: frontier://FrontierProd/CMS_CONDITIONS, MFGeometry_130503
  
  Time look up, payloadIds:


MFGeometryFileRcd / 160812: frontier://FrontierProd/CMS_CONDITIONS, MFGeometry_160812
  
  Time look up, payloadIds:
   1 - 18446744073709551615 : 46b85debde3468c42ca38a93f746f7ae164f8e59


MFGeometryFileRcd / 90322: frontier://FrontierProd/CMS_CONDITIONS, MFGeometry_90322
  
  Time look up, payloadIds:


MagFieldConfigRcd / 0T: frontier://FrontierProd/CMS_CONDITIONS, MFConfig_71212_0T
  
  Time look up, payloadIds:


MagFieldConfigRcd / 2T: frontier://FrontierProd/CMS_CONDITIONS, MFConfig_71212_2T
  
  Time look up, payloadIds:


MagFieldConfigRcd / 3.5T: frontier://FrontierProd/CMS_CONDITIONS, MFConfig_160812_Run2_3_5T
  
  Time look up, payloadIds:


MagFieldConfigRcd / 3.8T: frontier://FrontierProd/CMS_CONDITIONS, MFConfig_160812_Run2_3_8T
  
  Time look up, payloadIds:
   1 - 18446744073709551615 : 29439666719b83fb2942944d209fd09a5c6f538e


MagFieldConfigRcd / 3T: frontier://FrontierProd/CMS_CONDITIONS, MFConfig_160812_Run2_3T
  
  Time look up, payloadIds:


MagFieldConfigRcd / 4T: frontier://FrontierProd/CMS_CONDITIONS, MFConfig_71212_4T
  
  Time look up, payloadIds:


PCaloTowerRcd / : frontier://FrontierProd/CMS_CONDITIONS, CTRECO_Geometry_91YV2
  
  Time look up, payloadIds:
   1 - 18446744073709551615 : 3a97e0293f739e75f55812cf66f6d5a7bf88ece6


PCastorRcd / : frontier://FrontierProd/CMS_CONDITIONS, CASTORRECO_Geometry_2015_71YV3
  
  Time look up, payloadIds:
   1 - 18446744073709551615 : 7b8707962194e849d6eff1f6413df49949864e08


PEcalBarrelRcd / : frontier://FrontierProd/CMS_CONDITIONS, EBRECO_Geometry_61YV4
  
  Time look up, payloadIds:
   1 - 18446744073709551615 : 0062d51312bbccf2a91f5894d7d2927da57b1165


PEcalEndcapRcd / : frontier://FrontierProd/CMS_CONDITIONS, EERECO_Geometry_61YV4
  
  Time look up, payloadIds:
   1 - 18446744073709551615 : 3c311fec466fc5715f38c8c17a639f655eb98d4d


PEcalPreshowerRcd / : frontier://FrontierProd/CMS_CONDITIONS, EPRECO_Geometry_61YV4
  
  Time look up, payloadIds:
   1 - 18446744073709551615 : 0ea87d6983d98e77de9e3aa663d7d71773080645


PFCalibrationRcd / : frontier://FrontierProd/CMS_CONDITIONS, PFCalibration_v10_mc
  
  Time look up, payloadIds:


PFCalibrationRcd / HLT: frontier://FrontierProd/CMS_CONDITIONS, PFCalibration_HLT_2018_25ns_Spring19_V1
  
  Time look up, payloadIds:


PHcalRcd / : frontier://FrontierProd/CMS_CONDITIONS, HCALRECO_Geometry_10YV4
  
  Time look up, payloadIds:
   1 - 18446744073709551615 : 712f6d292a4884eb5bf8cdb9172761e3f7004260


PTrackerParametersRcd / : frontier://FrontierProd/CMS_CONDITIONS, TKParameters_Geometry_92YV1
  
  Time look up, payloadIds:
   1 - 18446744073709551615 : 26b5ddf292310483de283fd6be4284a874752364


PZdcRcd / : frontier://FrontierProd/CMS_CONDITIONS, ZDCRECO_Geometry_61YV4
  
  Time look up, payloadIds:
   1 - 18446744073709551615 : b249b4518a0d777c965c3f2648728b1b0f9a5cc1


PerformancePayloadRecord / BTagTTBARMCBTAGCSVtable_v8_offline: frontier://FrontierProd/CMS_CONDITIONS, BTagTTBARMCBTAGCSVtable_v8_offline
  
  Time look up, payloadIds:


PerformancePayloadRecord / BTagTTBARMCBTAGJBPtable_v8_offline: frontier://FrontierProd/CMS_CONDITIONS, BTagTTBARMCBTAGJBPtable_v8_offline
  
  Time look up, payloadIds:


PerformancePayloadRecord / BTagTTBARMCBTAGJPtable_v8_offline: frontier://FrontierProd/CMS_CONDITIONS, BTagTTBARMCBTAGJPtable_v8_offline
  
  Time look up, payloadIds:


PerformancePayloadRecord / BTagTTBARMCBTAGSSVHEtable_v8_offline: frontier://FrontierProd/CMS_CONDITIONS, BTagTTBARMCBTAGSSVHEtable_v8_offline
  
  Time look up, payloadIds:


PerformancePayloadRecord / BTagTTBARMCBTAGSSVHPtable_v8_offline: frontier://FrontierProd/CMS_CONDITIONS, BTagTTBARMCBTAGSSVHPtable_v8_offline
  
  Time look up, payloadIds:


PerformancePayloadRecord / BTagTTBARMCBTAGTCHEtable_v8_offline: frontier://FrontierProd/CMS_CONDITIONS, BTagTTBARMCBTAGTCHEtable_v8_offline
  
  Time look up, payloadIds:


PerformancePayloadRecord / BTagTTBARMCBTAGTCHPtable_v8_offline: frontier://FrontierProd/CMS_CONDITIONS, BTagTTBARMCBTAGTCHPtable_v8_offline
  
  Time look up, payloadIds:


PerformanceWPRecord / BTagTTBARMCBTAGCSVwp_v8_offline: frontier://FrontierProd/CMS_CONDITIONS, BTagTTBARMCBTAGCSVwp_v8_offline
  
  Time look up, payloadIds:


PerformanceWPRecord / BTagTTBARMCBTAGJBPwp_v8_offline: frontier://FrontierProd/CMS_CONDITIONS, BTagTTBARMCBTAGJBPwp_v8_offline
  
  Time look up, payloadIds:


PerformanceWPRecord / BTagTTBARMCBTAGJPwp_v8_offline: frontier://FrontierProd/CMS_CONDITIONS, BTagTTBARMCBTAGJPwp_v8_offline
  
  Time look up, payloadIds:


PerformanceWPRecord / BTagTTBARMCBTAGSSVHEwp_v8_offline: frontier://FrontierProd/CMS_CONDITIONS, BTagTTBARMCBTAGSSVHEwp_v8_offline
  
  Time look up, payloadIds:


PerformanceWPRecord / BTagTTBARMCBTAGSSVHPwp_v8_offline: frontier://FrontierProd/CMS_CONDITIONS, BTagTTBARMCBTAGSSVHPwp_v8_offline
  
  Time look up, payloadIds:


PerformanceWPRecord / BTagTTBARMCBTAGTCHEwp_v8_offline: frontier://FrontierProd/CMS_CONDITIONS, BTagTTBARMCBTAGTCHEwp_v8_offline
  
  Time look up, payloadIds:


PerformanceWPRecord / BTagTTBARMCBTAGTCHPwp_v8_offline: frontier://FrontierProd/CMS_CONDITIONS, BTagTTBARMCBTAGTCHPwp_v8_offline
  
  Time look up, payloadIds:


PhotonConversionMVAComputerRcd / : frontier://FrontierProd/CMS_CONDITIONS, EgammaMVA_v1_mc
  
  Time look up, payloadIds:


QGLikelihoodRcd / QGL_AK4PF: frontier://FrontierProd/CMS_CONDITIONS, QGLikelihoodObject_v1_AK4PF
  
  Time look up, payloadIds:


QGLikelihoodRcd / QGL_AK4PF_antib: frontier://FrontierProd/CMS_CONDITIONS, QGLikelihoodObject_v1_AK4PF_antib
  
  Time look up, payloadIds:


QGLikelihoodRcd / QGL_AK4PFchs: frontier://FrontierProd/CMS_CONDITIONS, QGLikelihoodObject_v1_AK4PFchs
  
  Time look up, payloadIds:


QGLikelihoodRcd / QGL_AK4PFchs_antib: frontier://FrontierProd/CMS_CONDITIONS, QGLikelihoodObject_v1_AK4PFchs_antib
  
  Time look up, payloadIds:


RPCCPPFLinkMapRcd / : frontier://FrontierProd/CMS_CONDITIONS, RPCCPPFLinkMap_L1T_v1
  
  Time look up, payloadIds:


RPCClusterSizeRcd / : frontier://FrontierProd/CMS_CONDITIONS, RPCClusterSize_2012D_mc
  
  Time look up, payloadIds:
   1 - 18446744073709551615 : 31b9039bc1a6b3f36c6b2f11c8642f4bd276bd18


RPCDCCLinkMapRcd / : frontier://FrontierProd/CMS_CONDITIONS, RPCDCCLinkMap_L1T_v1
  
  Time look up, payloadIds:


RPCEMapRcd / : frontier://FrontierProd/CMS_CONDITIONS, RPCEMap_v3
  
  Time look up, payloadIds:


RPCLBLinkMapRcd / : frontier://FrontierProd/CMS_CONDITIONS, RPCLBLinkMap_L1T_v1
  
  Time look up, payloadIds:


RPCOMTFLinkMapRcd / : frontier://FrontierProd/CMS_CONDITIONS, RPCOMTFLinkMap_L1T_v1
  
  Time look up, payloadIds:


RPCRecoGeometryRcd / : frontier://FrontierProd/CMS_CONDITIONS, RPCRECO_Geometry_2015_71YV5
  
  Time look up, payloadIds:
   1 - 18446744073709551615 : 669daa94d89b423359966508d66ab3032ca08414


RPCStripNoisesRcd / : frontier://FrontierProd/CMS_CONDITIONS, RPC_Eff2012_matchRE2toRE4_mc
  
  Time look up, payloadIds:
   1 - 18446744073709551615 : 2325a1d0bf3563d010fba6e2b83f8ce29ad2acbc


RPCTwinMuxLinkMapRcd / : frontier://FrontierProd/CMS_CONDITIONS, RPCTwinMuxLinkMap_L1T_v1
  
  Time look up, payloadIds:


RunInfoRcd / : frontier://FrontierProd/CMS_CONDITIONS, RunInfo_v1_mc
  
  Time look up, payloadIds:
   1 - 18446744073709551615 : cfd8987f899e99de69626e8a91b5c6b1506b82de


SiPixel2DTemplateDBObjectRcd / : frontier://FrontierProd/CMS_CONDITIONS, SiPixel2DTemplateDBObject_phase1_38T_mc_v4_den_unirradiated
  
  Time look up, payloadIds:


SiPixel2DTemplateDBObjectRcd / denominator: frontier://FrontierProd/CMS_CONDITIONS, SiPixel2DTemplateDBObject_phase1_38T_mc_v4_den_unirradiated
  
  Time look up, payloadIds:
   1 - 18446744073709551615 : 1b7c4b4ba2328891f5420e52f1e63b94bf4c1df2


SiPixel2DTemplateDBObjectRcd / numerator: frontier://FrontierProd/CMS_CONDITIONS, SiPixel2DTemplateDBObject_phase1_38T_2018_ultralegacymc_v1_num
  
  Time look up, payloadIds:
   1 - 18446744073709551615 : c519e0af2608d55519819ac8bdcfc45f407e0ecf


SiPixelCPEGenericErrorParmRcd / : frontier://FrontierProd/CMS_CONDITIONS, SiPixelCPEGenericErrorParm
  
  Time look up, payloadIds:


SiPixelDetVOffRcd / : frontier://FrontierProd/CMS_CONDITIONS, SiPixelDetVOff_Ideal_RunBased_31X_v2_hlt
  
  Time look up, payloadIds:
   1 - 18446744073709551615 : 0cabb996d62fa71beb2ae8b8c979e8e9f394d3a0


SiPixelDynamicInefficiencyRcd / : frontier://FrontierProd/CMS_CONDITIONS, SiPixelDynamicInefficiency_PhaseI_v6
  
  Time look up, payloadIds:
   1 - 18446744073709551615 : d1ee9ee9e1a4ae2537c33b115e302a4f5a5e584a


SiPixelDynamicInefficiencyRcd / 50ns: frontier://FrontierProd/CMS_CONDITIONS, SiPixelDynamicInefficiency_13TeV_50ns_v2_mc
  
  Time look up, payloadIds:


SiPixelFedCablingMapRcd / : frontier://FrontierProd/CMS_CONDITIONS, SiPixelFedCablingMap_phase1_v7
  
  Time look up, payloadIds:
   1 - 18446744073709551615 : ffb322528b3d817edd0f210d10b07b0bbbc8e2d6


SiPixelGainCalibrationForHLTRcd / : frontier://FrontierProd/CMS_CONDITIONS, SiPixelGainCalibration_hlt_phase1_mc_v2
  
  Time look up, payloadIds:


SiPixelGainCalibrationForHLTSimRcd / : frontier://FrontierProd/CMS_CONDITIONS, SiPixelGainCalibrationForHLTSim_empty_612_slhc2_mc
  
  Time look up, payloadIds:


SiPixelGainCalibrationOfflineRcd / : frontier://FrontierProd/CMS_CONDITIONS, SiPixelGainCalibration_phase1_mc_v2
  
  Time look up, payloadIds:


SiPixelGainCalibrationOfflineSimRcd / : frontier://FrontierProd/CMS_CONDITIONS, SiPixelGainCalibrationSim_phase1_ideal_v2
  
  Time look up, payloadIds:


SiPixelGenErrorDBObjectRcd / : frontier://FrontierProd/CMS_CONDITIONS, SiPixelGenErrorDBObject_phase1_38T_2018_ultralegacymc_v1
  
  Time look up, payloadIds:


SiPixelLorentzAngleRcd / : frontier://FrontierProd/CMS_CONDITIONS, SiPixelLorentzAngle_phase1_2018_ultralegacymc_v1
  
  Time look up, payloadIds:


SiPixelLorentzAngleRcd / forWidth: frontier://FrontierProd/CMS_CONDITIONS, SiPixelLorentzAngle_phase1_2018_ultralegacymc_v1
  
  Time look up, payloadIds:


SiPixelLorentzAngleRcd / fromAlignment: frontier://FrontierProd/CMS_CONDITIONS, SiPixelLorentzAngle_fromAlignment_phase1_mc_v1
  
  Time look up, payloadIds:


SiPixelLorentzAngleSimRcd / : frontier://FrontierProd/CMS_CONDITIONS, SiPixelLorentzAngleSim_phase1_mc_v4
  
  Time look up, payloadIds:
   1 - 18446744073709551615 : 7f924c9cae77b8740970215da040a6e160f52ab7


SiPixelQualityFromDbRcd / : frontier://FrontierProd/CMS_CONDITIONS, SiPixelQuality_phase1_2018_v8_mc
  
  Time look up, payloadIds:


SiPixelQualityFromDbRcd / forDigitizer: frontier://FrontierProd/CMS_CONDITIONS, SiPixelQuality_phase1_2018_v8_mc
  
  Time look up, payloadIds:
   1 - 18446744073709551615 : 2832808b72e31a643898bcc85948fa545042f5af


SiPixelTemplateDBObjectRcd / : frontier://FrontierProd/CMS_CONDITIONS, SiPixelTemplateDBObject_phase1_38T_2018_ultralegacymc_v1
  
  Time look up, payloadIds:


SiPixelTemplateDBObjectRcd / 0T: frontier://FrontierProd/CMS_CONDITIONS, SiPixelTemplateDBObject_phase1_0T_mc_v2
  
  Time look up, payloadIds:


SiPixelTemplateDBObjectRcd / 2T: frontier://FrontierProd/CMS_CONDITIONS, SiPixelTemplateDBObject_2T_v3_mc
  
  Time look up, payloadIds:


SiPixelTemplateDBObjectRcd / 35T: frontier://FrontierProd/CMS_CONDITIONS, SiPixelTemplateDBObject_35T_v3_mc
  
  Time look up, payloadIds:


SiPixelTemplateDBObjectRcd / 3T: frontier://FrontierProd/CMS_CONDITIONS, SiPixelTemplateDBObject_3T_v3_mc
  
  Time look up, payloadIds:


SiPixelTemplateDBObjectRcd / 4T: frontier://FrontierProd/CMS_CONDITIONS, SiPixelTemplateDBObject_4T_v3_mc
  
  Time look up, payloadIds:


SiStripApvGain2Rcd / : frontier://FrontierProd/CMS_CONDITIONS, SiStripApvGain_FromParticles_DecoMode_v6_mc
  
  Time look up, payloadIds:


SiStripApvGainRcd / : frontier://FrontierProd/CMS_CONDITIONS, SiStripApvGain_RealisticMC_v2_mc
  
  Time look up, payloadIds:


SiStripApvGainSimRcd / : frontier://FrontierProd/CMS_CONDITIONS, SiStripApvGain_RealisticMCSim_v3_mc
  
  Time look up, payloadIds:
   1 - 18446744073709551615 : 05814ac5fab23fdfc9ccf3c362a4f09323f3492d


SiStripBackPlaneCorrectionRcd / deconvolution: frontier://FrontierProd/CMS_CONDITIONS, SiStripBackPlaneCorrection_deco_Ideal_v1_mc
  
  Time look up, payloadIds:


SiStripBackPlaneCorrectionRcd / peak: frontier://FrontierProd/CMS_CONDITIONS, SiStripBackPlaneCorrection_peak_Ideal_v1_mc
  
  Time look up, payloadIds:


SiStripBadChannelRcd / : frontier://FrontierProd/CMS_CONDITIONS, SiStripBadComponents_realisticMC_for2018_v0_mc
  
  Time look up, payloadIds:
   1 - 18446744073709551615 : 0422aeebc3f38a7316022d59146a0ee3750f3e7d


SiStripBadFiberRcd / : frontier://FrontierProd/CMS_CONDITIONS, SiStripBadFiber_Ideal_31X_v2
  
  Time look up, payloadIds:


SiStripBadModuleRcd / : frontier://FrontierProd/CMS_CONDITIONS, SiStripBadModule_Ideal_31X_v2
  
  Time look up, payloadIds:


SiStripBadStripRcd / : frontier://FrontierProd/CMS_CONDITIONS, SiStripBadStrip_Ideal_31X_v1
  
  Time look up, payloadIds:


SiStripClusterThresholdRcd / : frontier://FrontierProd/CMS_CONDITIONS, SiStripClusterThreshold_Standard_31X_v2
  
  Time look up, payloadIds:


SiStripConfObjectRcd / : frontier://FrontierProd/CMS_CONDITIONS, SiStripShiftAndCrosstalk_Ideal_v1_mc
  
  Time look up, payloadIds:


SiStripConfObjectRcd / apvphaseoffsets: frontier://FrontierProd/CMS_CONDITIONS, SiStripAPVPhaseOffsets_v1_mc
  
  Time look up, payloadIds:


SiStripDeDxElectron_3D_Rcd / : frontier://FrontierProd/CMS_CONDITIONS, SiStripDeDxElectron_3D_30X
  
  Time look up, payloadIds:


SiStripDeDxKaon_3D_Rcd / : frontier://FrontierProd/CMS_CONDITIONS, SiStripDeDxKaon_3D_30X
  
  Time look up, payloadIds:


SiStripDeDxMip_3D_Rcd / : frontier://FrontierProd/CMS_CONDITIONS, SiStripDeDxMip3D_v04_mc
  
  Time look up, payloadIds:


SiStripDeDxPion_3D_Rcd / : frontier://FrontierProd/CMS_CONDITIONS, SiStripDeDxPion_3D_30X
  
  Time look up, payloadIds:


SiStripDeDxProton_3D_Rcd / : frontier://FrontierProd/CMS_CONDITIONS, SiStripDeDxProton_3D_30X
  
  Time look up, payloadIds:


SiStripDetVOffRcd / : frontier://FrontierProd/CMS_CONDITIONS, SiStripDetVOff_Ideal_31X_v2
  
  Time look up, payloadIds:


SiStripFedCablingRcd / : frontier://FrontierProd/CMS_CONDITIONS, SiStripFedCabling_Ideal_31X_v2
  
  Time look up, payloadIds:


SiStripLatencyRcd / : frontier://FrontierProd/CMS_CONDITIONS, SiStripLatency_MC_31X_v1
  
  Time look up, payloadIds:


SiStripLorentzAngleRcd / deconvolution: frontier://FrontierProd/CMS_CONDITIONS, SiStripLorentzAngleDeco_StartUp_31X_v2
  
  Time look up, payloadIds:


SiStripLorentzAngleSimRcd / : frontier://FrontierProd/CMS_CONDITIONS, SiStripLorentzAngle_IdealSim_31X_v2
  
  Time look up, payloadIds:
   1 - 18446744073709551615 : b3467cc80a6eea6782f9851dbf902b95f8724e08


SiStripNoisesRcd / : frontier://FrontierProd/CMS_CONDITIONS, SiStripNoise_DecoMode_TickCorr_Minus15C_Fixed_v1_mc
  
  Time look up, payloadIds:
   1 - 18446744073709551615 : 043aab064f2606320476223149c9b815967918da


SiStripPedestalsRcd / : frontier://FrontierProd/CMS_CONDITIONS, SiStripPedestals_Ideal_31X_v2
  
  Time look up, payloadIds:
   1 - 18446744073709551615 : 43921d32eac9bb5e63f122f3c24763f6a2c3c1a0


SiStripThresholdRcd / : frontier://FrontierProd/CMS_CONDITIONS, SiStripThreshold_Ideal_31X_v2
  
  Time look up, payloadIds:
   1 - 18446744073709551615 : 8a1d72299276556f0e1375970bd634fc3f655c82


TauTagMVAComputerRcd / : frontier://FrontierProd/CMS_CONDITIONS, TauNeuralClassifier_v1_mc
  
  Time look up, payloadIds:


TauTagMVAComputerRcd / hpstanc: frontier://FrontierProd/CMS_CONDITIONS, MVAComputerContainer_hpstanc_v1
  
  Time look up, payloadIds:


TrackerAlignmentErrorExtendedRcd / : frontier://FrontierProd/CMS_CONDITIONS, TrackerAlignmentExtendedErrors_Upgrade2017_realistic_v2
  
  Time look up, payloadIds:
   1 - 18446744073709551615 : 8d23f55a5460cacb1f6fd7d72140c6e6042c5a08


TrackerAlignmentRcd / : frontier://FrontierProd/CMS_CONDITIONS, TrackerAlignment_MC2018_v1
  
  Time look up, payloadIds:
   1 - 18446744073709551615 : ce7a1e4fa4f33263aabd91d7a848c405a9b9ed67


TrackerSurfaceDeformationRcd / : frontier://FrontierProd/CMS_CONDITIONS, TrackerAlignmentSurfaceDeformations_Upgrade2017_realistic_v0
  
  Time look up, payloadIds:
   1 - 18446744073709551615 : 404108e422708203e876f4e67c33978bf40fd299


